---------------------------------------------
Log C:\Program Files (x86)\Steam\steamapps\common\DayZServer\config\crash_2022-08-25_21-32-26.log started at 25.08. 21:32:37



------------------------------------
RYANS-PC, 25.08 2022 21:32:37

[ExpansionMarketItem] The minimum stock must be lower than or equal to the maximum stock for 'bbp_t1_gatekit'
Class:      'ExpansionMarketItem'
Function: 'Error'
Stack trace:
scripts/1_Core/proto\endebug.c:92
DayZExpansion/Market/Scripts/3_Game/dayzexpansion_market\settings\expansionmarketitem.c:150
DayZExpansion/Market/Scripts/3_Game/dayzexpansion_market\settings\expansionmarketcategory.c:140
DayZExpansion/Market/Scripts/3_Game/dayzexpansion_market\settings\expansionmarketsettings.c:187
DayZExpansion/Market/Scripts/3_Game/dayzexpansion_market\settings\expansionmarketsettings.c:1095
DayZExpansion/Core/Scripts/3_Game/dayzexpansion_core\settings\expansionsettingbase.c:45
DayZExpansion/Core/Scripts/3_Game/dayzexpansion_core\settings\expansionsettings.c:55
DayZExpansion/Core/Scripts/3_Game/dayzexpansion_core\settings\expansionsettings.c:35
DayZExpansion/Core/Scripts/3_Game/dayzexpansion_core\settings\expansionsettings.c:260
DayZExpansion/Core/Scripts/5_Mission/dayzexpansion_core\dayzexpansion.c:37
DayZExpansion/Core/Scripts/5_Mission/dayzexpansion_core\dayzexpansion.c:120
DayZExpansion/Core/Scripts/5_Mission/dayzexpansion_core\mission\missionbase.c:7
$CurrentDir:mpmissions\regular.namalsk\init.c:124

Runtime mode
CLI params: config serverDZ.cfg port 2302 profiles config mod @CF;@VPPAdminTools;@Namalsk Island;@Namalsk Survival;@Dabs Framework;@DayZ-Expansion-Bundle;@DayZ-Expansion-Licensed;@SNAFU Weapons;@CJ187-MoreMoney;@MMG - Mightys Military Gear;@BaseBuildingPlus;@MuchStuffPack;@Code Lock;@Tactical Flava cpuCount 2 dologs  adminlog  netlog  freezecheck  


------------------------------------
RYANS-PC, 25.08 2022 21:32:37

Item snafurpd has already been added to category ID 43
Class:      'ExpansionMarketCategory'
Function: 'Error'
Stack trace:
scripts/1_Core/proto\endebug.c:92
DayZExpansion/Market/Scripts/3_Game/dayzexpansion_market\settings\expansionmarketcategory.c:214
DayZExpansion/Market/Scripts/3_Game/dayzexpansion_market\settings\expansionmarketcategory.c:113
DayZExpansion/Market/Scripts/3_Game/dayzexpansion_market\settings\expansionmarketsettings.c:187
DayZExpansion/Market/Scripts/3_Game/dayzexpansion_market\settings\expansionmarketsettings.c:1095
DayZExpansion/Core/Scripts/3_Game/dayzexpansion_core\settings\expansionsettingbase.c:45
DayZExpansion/Core/Scripts/3_Game/dayzexpansion_core\settings\expansionsettings.c:55
DayZExpansion/Core/Scripts/3_Game/dayzexpansion_core\settings\expansionsettings.c:35
DayZExpansion/Core/Scripts/3_Game/dayzexpansion_core\settings\expansionsettings.c:260
DayZExpansion/Core/Scripts/5_Mission/dayzexpansion_core\dayzexpansion.c:37
DayZExpansion/Core/Scripts/5_Mission/dayzexpansion_core\dayzexpansion.c:120
DayZExpansion/Core/Scripts/5_Mission/dayzexpansion_core\mission\missionbase.c:7
$CurrentDir:mpmissions\regular.namalsk\init.c:124

Runtime mode
CLI params: config serverDZ.cfg port 2302 profiles config mod @CF;@VPPAdminTools;@Namalsk Island;@Namalsk Survival;@Dabs Framework;@DayZ-Expansion-Bundle;@DayZ-Expansion-Licensed;@SNAFU Weapons;@CJ187-MoreMoney;@MMG - Mightys Military Gear;@BaseBuildingPlus;@MuchStuffPack;@Code Lock;@Tactical Flava cpuCount 2 dologs  adminlog  netlog  freezecheck  


------------------------------------
RYANS-PC, 25.08 2022 21:32:37

Item snafum24_mag has already been added to category ID 70
Class:      'ExpansionMarketCategory'
Function: 'Error'
Stack trace:
scripts/1_Core/proto\endebug.c:92
DayZExpansion/Market/Scripts/3_Game/dayzexpansion_market\settings\expansionmarketcategory.c:214
DayZExpansion/Market/Scripts/3_Game/dayzexpansion_market\settings\expansionmarketcategory.c:113
DayZExpansion/Market/Scripts/3_Game/dayzexpansion_market\settings\expansionmarketsettings.c:187
DayZExpansion/Market/Scripts/3_Game/dayzexpansion_market\settings\expansionmarketsettings.c:1095
DayZExpansion/Core/Scripts/3_Game/dayzexpansion_core\settings\expansionsettingbase.c:45
DayZExpansion/Core/Scripts/3_Game/dayzexpansion_core\settings\expansionsettings.c:55
DayZExpansion/Core/Scripts/3_Game/dayzexpansion_core\settings\expansionsettings.c:35
DayZExpansion/Core/Scripts/3_Game/dayzexpansion_core\settings\expansionsettings.c:260
DayZExpansion/Core/Scripts/5_Mission/dayzexpansion_core\dayzexpansion.c:37
DayZExpansion/Core/Scripts/5_Mission/dayzexpansion_core\dayzexpansion.c:120
DayZExpansion/Core/Scripts/5_Mission/dayzexpansion_core\mission\missionbase.c:7
$CurrentDir:mpmissions\regular.namalsk\init.c:124

Runtime mode
CLI params: config serverDZ.cfg port 2302 profiles config mod @CF;@VPPAdminTools;@Namalsk Island;@Namalsk Survival;@Dabs Framework;@DayZ-Expansion-Bundle;@DayZ-Expansion-Licensed;@SNAFU Weapons;@CJ187-MoreMoney;@MMG - Mightys Military Gear;@BaseBuildingPlus;@MuchStuffPack;@Code Lock;@Tactical Flava cpuCount 2 dologs  adminlog  netlog  freezecheck  


------------------------------------
RYANS-PC, 25.08 2022 21:32:37

Item snafu_lstandardized_suppressor_black has already been added to category ID 73
Class:      'ExpansionMarketCategory'
Function: 'Error'
Stack trace:
scripts/1_Core/proto\endebug.c:92
DayZExpansion/Market/Scripts/3_Game/dayzexpansion_market\settings\expansionmarketcategory.c:214
DayZExpansion/Market/Scripts/3_Game/dayzexpansion_market\settings\expansionmarketcategory.c:113
DayZExpansion/Market/Scripts/3_Game/dayzexpansion_market\settings\expansionmarketsettings.c:187
DayZExpansion/Market/Scripts/3_Game/dayzexpansion_market\settings\expansionmarketsettings.c:1095
DayZExpansion/Core/Scripts/3_Game/dayzexpansion_core\settings\expansionsettingbase.c:45
DayZExpansion/Core/Scripts/3_Game/dayzexpansion_core\settings\expansionsettings.c:55
DayZExpansion/Core/Scripts/3_Game/dayzexpansion_core\settings\expansionsettings.c:35
DayZExpansion/Core/Scripts/3_Game/dayzexpansion_core\settings\expansionsettings.c:260
DayZExpansion/Core/Scripts/5_Mission/dayzexpansion_core\dayzexpansion.c:37
DayZExpansion/Core/Scripts/5_Mission/dayzexpansion_core\dayzexpansion.c:120
DayZExpansion/Core/Scripts/5_Mission/dayzexpansion_core\mission\missionbase.c:7
$CurrentDir:mpmissions\regular.namalsk\init.c:124

Runtime mode
CLI params: config serverDZ.cfg port 2302 profiles config mod @CF;@VPPAdminTools;@Namalsk Island;@Namalsk Survival;@Dabs Framework;@DayZ-Expansion-Bundle;@DayZ-Expansion-Licensed;@SNAFU Weapons;@CJ187-MoreMoney;@MMG - Mightys Military Gear;@BaseBuildingPlus;@MuchStuffPack;@Code Lock;@Tactical Flava cpuCount 2 dologs  adminlog  netlog  freezecheck  


------------------------------------
RYANS-PC, 25.08 2022 21:32:37

Item snafu_u100 has already been added to category LightMachineGuns (ID 43)
Class:      'ExpansionMarketCategory'
Function: 'Error'
Stack trace:
scripts/1_Core/proto\endebug.c:92
DayZExpansion/Market/Scripts/3_Game/dayzexpansion_market\settings\expansionmarketcategory.c:214
DayZExpansion/Market/Scripts/3_Game/dayzexpansion_market\settings\expansionmarketcategory.c:113
DayZExpansion/Market/Scripts/3_Game/dayzexpansion_market\settings\expansionmarketsettings.c:187
DayZExpansion/Market/Scripts/3_Game/dayzexpansion_market\settings\expansionmarketsettings.c:1095
DayZExpansion/Core/Scripts/3_Game/dayzexpansion_core\settings\expansionsettingbase.c:45
DayZExpansion/Core/Scripts/3_Game/dayzexpansion_core\settings\expansionsettings.c:55
DayZExpansion/Core/Scripts/3_Game/dayzexpansion_core\settings\expansionsettings.c:35
DayZExpansion/Core/Scripts/3_Game/dayzexpansion_core\settings\expansionsettings.c:260
DayZExpansion/Core/Scripts/5_Mission/dayzexpansion_core\dayzexpansion.c:37
DayZExpansion/Core/Scripts/5_Mission/dayzexpansion_core\dayzexpansion.c:120
DayZExpansion/Core/Scripts/5_Mission/dayzexpansion_core\mission\missionbase.c:7
$CurrentDir:mpmissions\regular.namalsk\init.c:124

Runtime mode
CLI params: config serverDZ.cfg port 2302 profiles config mod @CF;@VPPAdminTools;@Namalsk Island;@Namalsk Survival;@Dabs Framework;@DayZ-Expansion-Bundle;@DayZ-Expansion-Licensed;@SNAFU Weapons;@CJ187-MoreMoney;@MMG - Mightys Military Gear;@BaseBuildingPlus;@MuchStuffPack;@Code Lock;@Tactical Flava cpuCount 2 dologs  adminlog  netlog  freezecheck  


------------------------------------
RYANS-PC, 25.08 2022 21:32:37

Item m4_suppressor has already been added to category Muzzles (ID 56)
Class:      'ExpansionMarketCategory'
Function: 'Error'
Stack trace:
scripts/1_Core/proto\endebug.c:92
DayZExpansion/Market/Scripts/3_Game/dayzexpansion_market\settings\expansionmarketcategory.c:214
DayZExpansion/Market/Scripts/3_Game/dayzexpansion_market\settings\expansionmarketcategory.c:113
DayZExpansion/Market/Scripts/3_Game/dayzexpansion_market\settings\expansionmarketsettings.c:187
DayZExpansion/Market/Scripts/3_Game/dayzexpansion_market\settings\expansionmarketsettings.c:1095
DayZExpansion/Core/Scripts/3_Game/dayzexpansion_core\settings\expansionsettingbase.c:45
DayZExpansion/Core/Scripts/3_Game/dayzexpansion_core\settings\expansionsettings.c:55
DayZExpansion/Core/Scripts/3_Game/dayzexpansion_core\settings\expansionsettings.c:35
DayZExpansion/Core/Scripts/3_Game/dayzexpansion_core\settings\expansionsettings.c:260
DayZExpansion/Core/Scripts/5_Mission/dayzexpansion_core\dayzexpansion.c:37
DayZExpansion/Core/Scripts/5_Mission/dayzexpansion_core\dayzexpansion.c:120
DayZExpansion/Core/Scripts/5_Mission/dayzexpansion_core\mission\missionbase.c:7
$CurrentDir:mpmissions\regular.namalsk\init.c:124

Runtime mode
CLI params: config serverDZ.cfg port 2302 profiles config mod @CF;@VPPAdminTools;@Namalsk Island;@Namalsk Survival;@Dabs Framework;@DayZ-Expansion-Bundle;@DayZ-Expansion-Licensed;@SNAFU Weapons;@CJ187-MoreMoney;@MMG - Mightys Military Gear;@BaseBuildingPlus;@MuchStuffPack;@Code Lock;@Tactical Flava cpuCount 2 dologs  adminlog  netlog  freezecheck  


------------------------------------
RYANS-PC, 25.08 2022 21:32:37

[ExpansionMarketItem] The minimum stock must be lower than or equal to the maximum stock for 'tf_anzio20'
Class:      'ExpansionMarketItem'
Function: 'Error'
Stack trace:
scripts/1_Core/proto\endebug.c:92
DayZExpansion/Market/Scripts/3_Game/dayzexpansion_market\settings\expansionmarketitem.c:150
DayZExpansion/Market/Scripts/3_Game/dayzexpansion_market\settings\expansionmarketcategory.c:140
DayZExpansion/Market/Scripts/3_Game/dayzexpansion_market\settings\expansionmarketsettings.c:187
DayZExpansion/Market/Scripts/3_Game/dayzexpansion_market\settings\expansionmarketsettings.c:1095
DayZExpansion/Core/Scripts/3_Game/dayzexpansion_core\settings\expansionsettingbase.c:45
DayZExpansion/Core/Scripts/3_Game/dayzexpansion_core\settings\expansionsettings.c:55
DayZExpansion/Core/Scripts/3_Game/dayzexpansion_core\settings\expansionsettings.c:35
DayZExpansion/Core/Scripts/3_Game/dayzexpansion_core\settings\expansionsettings.c:260
DayZExpansion/Core/Scripts/5_Mission/dayzexpansion_core\dayzexpansion.c:37
DayZExpansion/Core/Scripts/5_Mission/dayzexpansion_core\dayzexpansion.c:120
DayZExpansion/Core/Scripts/5_Mission/dayzexpansion_core\mission\missionbase.c:7
$CurrentDir:mpmissions\regular.namalsk\init.c:124

Runtime mode
CLI params: config serverDZ.cfg port 2302 profiles config mod @CF;@VPPAdminTools;@Namalsk Island;@Namalsk Survival;@Dabs Framework;@DayZ-Expansion-Bundle;@DayZ-Expansion-Licensed;@SNAFU Weapons;@CJ187-MoreMoney;@MMG - Mightys Military Gear;@BaseBuildingPlus;@MuchStuffPack;@Code Lock;@Tactical Flava cpuCount 2 dologs  adminlog  netlog  freezecheck  


------------------------------------
RYANS-PC, 25.08 2022 21:32:37

Item universallight has already been added to category Lights (ID 44)
Class:      'ExpansionMarketCategory'
Function: 'Error'
Stack trace:
scripts/1_Core/proto\endebug.c:92
DayZExpansion/Market/Scripts/3_Game/dayzexpansion_market\settings\expansionmarketcategory.c:214
DayZExpansion/Market/Scripts/3_Game/dayzexpansion_market\settings\expansionmarketcategory.c:113
DayZExpansion/Market/Scripts/3_Game/dayzexpansion_market\settings\expansionmarketsettings.c:187
DayZExpansion/Market/Scripts/3_Game/dayzexpansion_market\settings\expansionmarketsettings.c:1095
DayZExpansion/Core/Scripts/3_Game/dayzexpansion_core\settings\expansionsettingbase.c:45
DayZExpansion/Core/Scripts/3_Game/dayzexpansion_core\settings\expansionsettings.c:55
DayZExpansion/Core/Scripts/3_Game/dayzexpansion_core\settings\expansionsettings.c:35
DayZExpansion/Core/Scripts/3_Game/dayzexpansion_core\settings\expansionsettings.c:260
DayZExpansion/Core/Scripts/5_Mission/dayzexpansion_core\dayzexpansion.c:37
DayZExpansion/Core/Scripts/5_Mission/dayzexpansion_core\dayzexpansion.c:120
DayZExpansion/Core/Scripts/5_Mission/dayzexpansion_core\mission\missionbase.c:7
$CurrentDir:mpmissions\regular.namalsk\init.c:124

Runtime mode
CLI params: config serverDZ.cfg port 2302 profiles config mod @CF;@VPPAdminTools;@Namalsk Island;@Namalsk Survival;@Dabs Framework;@DayZ-Expansion-Bundle;@DayZ-Expansion-Licensed;@SNAFU Weapons;@CJ187-MoreMoney;@MMG - Mightys Military Gear;@BaseBuildingPlus;@MuchStuffPack;@Code Lock;@Tactical Flava cpuCount 2 dologs  adminlog  netlog  freezecheck  


------------------------------------
RYANS-PC, 25.08 2022 21:32:38

JSON ERROR:
Invalid value.
Function: 'Error'
Stack trace:
scripts/1_Core/proto\endebug.c:92
scripts/3_Game/tools\jsonfileloader.c:29
DayZExpansion/Market/Scripts/3_Game/dayzexpansion_market\settings\expansionmarkettrader.c:85
DayZExpansion/Market/Scripts/3_Game/dayzexpansion_market\settings\expansionmarketsettings.c:255
DayZExpansion/Market/Scripts/3_Game/dayzexpansion_market\settings\expansionmarketsettings.c:1096
DayZExpansion/Core/Scripts/3_Game/dayzexpansion_core\settings\expansionsettingbase.c:45
DayZExpansion/Core/Scripts/3_Game/dayzexpansion_core\settings\expansionsettings.c:55
DayZExpansion/Core/Scripts/3_Game/dayzexpansion_core\settings\expansionsettings.c:35
DayZExpansion/Core/Scripts/3_Game/dayzexpansion_core\settings\expansionsettings.c:260
DayZExpansion/Core/Scripts/5_Mission/dayzexpansion_core\dayzexpansion.c:37
DayZExpansion/Core/Scripts/5_Mission/dayzexpansion_core\dayzexpansion.c:120
DayZExpansion/Core/Scripts/5_Mission/dayzexpansion_core\mission\missionbase.c:7
$CurrentDir:mpmissions\regular.namalsk\init.c:124

Runtime mode
CLI params: config serverDZ.cfg port 2302 profiles config mod @CF;@VPPAdminTools;@Namalsk Island;@Namalsk Survival;@Dabs Framework;@DayZ-Expansion-Bundle;@DayZ-Expansion-Licensed;@SNAFU Weapons;@CJ187-MoreMoney;@MMG - Mightys Military Gear;@BaseBuildingPlus;@MuchStuffPack;@Code Lock;@Tactical Flava cpuCount 2 dologs  adminlog  netlog  freezecheck  


------------------------------------
RYANS-PC, 25.08 2022 21:32:38

JSON ERROR:
Invalid value.
Function: 'Error'
Stack trace:
scripts/1_Core/proto\endebug.c:92
scripts/3_Game/tools\jsonfileloader.c:29
DayZExpansion/Market/Scripts/3_Game/dayzexpansion_market\settings\expansionmarkettrader.c:132
DayZExpansion/Market/Scripts/3_Game/dayzexpansion_market\settings\expansionmarketsettings.c:255
DayZExpansion/Market/Scripts/3_Game/dayzexpansion_market\settings\expansionmarketsettings.c:1096
DayZExpansion/Core/Scripts/3_Game/dayzexpansion_core\settings\expansionsettingbase.c:45
DayZExpansion/Core/Scripts/3_Game/dayzexpansion_core\settings\expansionsettings.c:55
DayZExpansion/Core/Scripts/3_Game/dayzexpansion_core\settings\expansionsettings.c:35
DayZExpansion/Core/Scripts/3_Game/dayzexpansion_core\settings\expansionsettings.c:260
DayZExpansion/Core/Scripts/5_Mission/dayzexpansion_core\dayzexpansion.c:37
DayZExpansion/Core/Scripts/5_Mission/dayzexpansion_core\dayzexpansion.c:120
DayZExpansion/Core/Scripts/5_Mission/dayzexpansion_core\mission\missionbase.c:7
$CurrentDir:mpmissions\regular.namalsk\init.c:124

Runtime mode
CLI params: config serverDZ.cfg port 2302 profiles config mod @CF;@VPPAdminTools;@Namalsk Island;@Namalsk Survival;@Dabs Framework;@DayZ-Expansion-Bundle;@DayZ-Expansion-Licensed;@SNAFU Weapons;@CJ187-MoreMoney;@MMG - Mightys Military Gear;@BaseBuildingPlus;@MuchStuffPack;@Code Lock;@Tactical Flava cpuCount 2 dologs  adminlog  netlog  freezecheck  


------------------------------------
RYANS-PC, 25.08 2022 21:32:38

JSON ERROR:
Invalid value.
Function: 'Error'
Stack trace:
scripts/1_Core/proto\endebug.c:92
scripts/3_Game/tools\jsonfileloader.c:29
DayZExpansion/Market/Scripts/3_Game/dayzexpansion_market\settings\expansionmarkettrader.c:85
DayZExpansion/Market/Scripts/3_Game/dayzexpansion_market\settings\expansionmarketsettings.c:255
DayZExpansion/Market/Scripts/3_Game/dayzexpansion_market\settings\expansionmarketsettings.c:1096
DayZExpansion/Core/Scripts/3_Game/dayzexpansion_core\settings\expansionsettingbase.c:45
DayZExpansion/Core/Scripts/3_Game/dayzexpansion_core\settings\expansionsettings.c:55
DayZExpansion/Core/Scripts/3_Game/dayzexpansion_core\settings\expansionsettings.c:35
DayZExpansion/Core/Scripts/3_Game/dayzexpansion_core\settings\expansionsettings.c:260
DayZExpansion/Core/Scripts/5_Mission/dayzexpansion_core\dayzexpansion.c:37
DayZExpansion/Core/Scripts/5_Mission/dayzexpansion_core\dayzexpansion.c:120
DayZExpansion/Core/Scripts/5_Mission/dayzexpansion_core\mission\missionbase.c:7
$CurrentDir:mpmissions\regular.namalsk\init.c:124

Runtime mode
CLI params: config serverDZ.cfg port 2302 profiles config mod @CF;@VPPAdminTools;@Namalsk Island;@Namalsk Survival;@Dabs Framework;@DayZ-Expansion-Bundle;@DayZ-Expansion-Licensed;@SNAFU Weapons;@CJ187-MoreMoney;@MMG - Mightys Military Gear;@BaseBuildingPlus;@MuchStuffPack;@Code Lock;@Tactical Flava cpuCount 2 dologs  adminlog  netlog  freezecheck  


------------------------------------
RYANS-PC, 25.08 2022 21:32:38

JSON ERROR:
Invalid value.
Function: 'Error'
Stack trace:
scripts/1_Core/proto\endebug.c:92
scripts/3_Game/tools\jsonfileloader.c:29
DayZExpansion/Market/Scripts/3_Game/dayzexpansion_market\settings\expansionmarkettrader.c:132
DayZExpansion/Market/Scripts/3_Game/dayzexpansion_market\settings\expansionmarketsettings.c:255
DayZExpansion/Market/Scripts/3_Game/dayzexpansion_market\settings\expansionmarketsettings.c:1096
DayZExpansion/Core/Scripts/3_Game/dayzexpansion_core\settings\expansionsettingbase.c:45
DayZExpansion/Core/Scripts/3_Game/dayzexpansion_core\settings\expansionsettings.c:55
DayZExpansion/Core/Scripts/3_Game/dayzexpansion_core\settings\expansionsettings.c:35
DayZExpansion/Core/Scripts/3_Game/dayzexpansion_core\settings\expansionsettings.c:260
DayZExpansion/Core/Scripts/5_Mission/dayzexpansion_core\dayzexpansion.c:37
DayZExpansion/Core/Scripts/5_Mission/dayzexpansion_core\dayzexpansion.c:120
DayZExpansion/Core/Scripts/5_Mission/dayzexpansion_core\mission\missionbase.c:7
$CurrentDir:mpmissions\regular.namalsk\init.c:124

Runtime mode
CLI params: config serverDZ.cfg port 2302 profiles config mod @CF;@VPPAdminTools;@Namalsk Island;@Namalsk Survival;@Dabs Framework;@DayZ-Expansion-Bundle;@DayZ-Expansion-Licensed;@SNAFU Weapons;@CJ187-MoreMoney;@MMG - Mightys Military Gear;@BaseBuildingPlus;@MuchStuffPack;@Code Lock;@Tactical Flava cpuCount 2 dologs  adminlog  netlog  freezecheck  


------------------------------------
RYANS-PC, 25.08 2022 21:33:55
NULL pointer to instance
Class:      'ExpansionScriptedtQuestTemplate'
Function: 'CreateObjective'
Stack trace:
DayZExpansion/Quests/Scripts/4_World/dayzexpansion_quests\systems\quests\expansionquest.c:158
DayZExpansion/Quests/Scripts/4_World/dayzexpansion_quests\systems\quests\expansionquest.c:127
DayZExpansion/Quests/Scripts/4_World/dayzexpansion_quests\systems\quests\expansionquest.c:91
DayZExpansion/Quests/Scripts/4_World/dayzexpansion_quests\systems\quests\expansionquestmodule.c:3496
DayZExpansion/Quests/Scripts/4_World/dayzexpansion_quests\systems\quests\expansionquestmodule.c:1096
DayZExpansion/Quests/Scripts/4_World/dayzexpansion_quests\systems\quests\expansionquestmodule.c:492
JM/CF/Scripts/4_World/communityframework\module\cf_moduleworldevent.c:12
JM/CF/Scripts/4_World/communityframework\module\cf_moduleworldmanager.c:16
JM/CF/Scripts/5_Mission/communityframework\mission\missionserver.c:65
nst/ns_dayz/scripts/5_Mission/namalsksurvival\mission\missionserver.c:38
DayZExpansion/Core/Scripts/5_Mission/dayzexpansion_core\mission\missionserver.c:104
BaseBuildingPlus/scripts/5_Mission/mission\missionserver.c:26
scripts/5_Mission/mission\missionserver.c:273
JM/CF/Scripts/5_Mission/communityframework\mission\missionserver.c:10
VPPAdminTools/5_Mission/vppadmintools\missionserver.c:53
scripts/3_Game/dayzgame.c:1407
DabsFramework/scripts/3_Game/dabsframework\dayzgame.c:60
JM/CF/Scripts/3_Game/communityframework\game\dayzgame.c:97

Runtime mode
CLI params: config serverDZ.cfg port 2302 profiles config mod @CF;@VPPAdminTools;@Namalsk Island;@Namalsk Survival;@Dabs Framework;@DayZ-Expansion-Bundle;@DayZ-Expansion-Licensed;@SNAFU Weapons;@CJ187-MoreMoney;@MMG - Mightys Military Gear;@BaseBuildingPlus;@MuchStuffPack;@Code Lock;@Tactical Flava cpuCount 2 dologs  adminlog  netlog  freezecheck  


------------------------------------
RYANS-PC, 25.08 2022 21:33:58

ExpansionScriptedtQuestTemplate<cbc24230>::OnQuestContinue - Quest objectives not created!
Class:      'ExpansionScriptedtQuestTemplate'
Function: 'Error'
Stack trace:
scripts/1_Core/proto\endebug.c:92
DayZExpansion/Quests/Scripts/4_World/dayzexpansion_quests\systems\quests\expansionquest.c:671
DayZExpansion/Quests/Scripts/4_World/dayzexpansion_quests\systems\quests\scriptedquests\expansionscriptedtquesttemplate.c:66
scripts/3_Game/dayzgame.c:2482
JM/CF/Scripts/3_Game/communityframework\game\dayzgame.c:23
VPPAdminTools/3_Game/vppadmintools\vanillaplusplus.c:62
DayZExpansion/Core/Scripts/3_Game/dayzexpansion_core\dayzgame.c:219

Runtime mode
CLI params: config serverDZ.cfg port 2302 profiles config mod @CF;@VPPAdminTools;@Namalsk Island;@Namalsk Survival;@Dabs Framework;@DayZ-Expansion-Bundle;@DayZ-Expansion-Licensed;@SNAFU Weapons;@CJ187-MoreMoney;@MMG - Mightys Military Gear;@BaseBuildingPlus;@MuchStuffPack;@Code Lock;@Tactical Flava cpuCount 2 dologs  adminlog  netlog  freezecheck  
