---------------------------------------------
Log C:\Program Files (x86)\Steam\steamapps\common\DayZServer\config\script_2022-08-25_16-54-46.log started at 25.08. 16:54:46

SCRIPT       : Registered 398 temporary action enum(s), UAN==398
SCRIPT       : ... Backlit Effects Enabled
SCRIPT       : VPPNotificationManager()
SCRIPT       : [VPPAT] Internal VPPNotifications module loaded!
SCRIPT       : [DayZ Game]:: DayZGame(): Initializing V++ Admin Tools.
SCRIPT    (W): @"script_a/Scripts/4_World/entities\manbase\playerbase.c,529": Missing ';' at the end of line
SCRIPT    (W): @"script_a/Scripts/4_World/weapons\m240.c,38": Missing ';' at the end of line
SCRIPT    (W): @"script_a/Scripts/4_World/classes\recipes\pluginrecipesmanagerbase.c,14": Missing ';' at the end of line
SCRIPT    (W): @"script_a/Scripts/4_World/classes\recipes\pluginrecipesmanagerbase.c,15": Missing ';' at the end of line
SCRIPT    (W): @"script_a/Scripts/4_World/weapons\m249.c,38": Missing ';' at the end of line
SCRIPT    (W): @"script_a/Scripts/4_World/weapons\pkm.c,81": Missing ';' at the end of line
SCRIPT    (W): @"script_a/Scripts/4_World/weapons\pkm.c,129": Missing ';' at the end of line
SCRIPT    (W): @"script_a/Scripts/4_World/weapons\pkm.c,235": Missing ';' at the end of line
SCRIPT    (W): @"script_a/Scripts/4_World/weapons\pkm.c,275": Missing ';' at the end of line
SCRIPT    (W): @"MuchStuffPack/MSP_Scripts/4_World/codelock\actions\actioninteractlockonmsp.c,85": Unsafe down-casting, use 'ItemBase.Cast' for safe down-casting
SCRIPT    (W): @"MuchStuffPack/MSP_Scripts/4_World/codelock\actions\actioninteractlockonmsp.c,90": Unsafe down-casting, use 'ItemBase.Cast' for safe down-casting
SCRIPT    (W): @"script_a/Scripts/4_World/entities\manbase\playerbase.c,454": Unsafe down-casting, use 'FuckingFakeLight.Cast' for safe down-casting
SCRIPT    (W): @"script_a/Scripts/4_World/entities\itembase\weapon\weapon_base.c,11": Unsafe down-casting, use 'TF_Bipod_Base.Cast' for safe down-casting
SCRIPT    (W): @"VPPAdminTools/4_World/vppadmintools\plugins\pluginbase\admintools\admintools.c,60": No need to use 'Cast' for up-casting
SCRIPT    (W): @"VPPAdminTools/5_Mission/vppadmintools\gui\submenus\menuesptools\esptoolsmenu.c,286": Unsafe down-casting, use 'EntityAI.Cast' for safe down-casting
SCRIPT       : Vanilla++ AdminTools Plugins Registering..
SCRIPT       : Expansion version: 1.7.8
SCRIPT       : 16:55:02.101 [EXPANSION DEBUG]: [ExpansionDebugSettings] Load existing setting file:$profile:ExpansionMod\Settings\DebugSettings.json
SCRIPT       : 16:55:02.105 [EXPANSION DEBUG]: [ExpansionLogSettings] Load existing setting file:$profile:ExpansionMod\Settings\LogsSettings.json
SCRIPT       : 16:55:02.105 [EXPANSION DEBUG]: [ExpansionNotificationSettings] Load existing setting file:$profile:ExpansionMod\Settings\NotificationSettings.json
SCRIPT       : 16:55:02.105 [EXPANSION DEBUG]: [ExpansionMonitoringSettings] Load existing setting file:$profile:ExpansionMod\Settings\MonitoringSettings.json
SCRIPT       : 16:55:02.105 [EXPANSION DEBUG]: [ExpansionDamageSystemSettings] Load existing setting file:$profile:ExpansionMod\Settings\DamageSystemSettings.json
SCRIPT       : 16:55:02.105 [EXPANSION DEBUG]: [ExpansionHardlineSettings] Load existing setting file:$mission:expansion\settings\HardlineSettings.json
SCRIPT       : 16:55:02.117 [EXPANSION DEBUG]: [ExpansionMapSettings] Load existing setting file:$mission:expansion\settings\MarketSettings.json
SCRIPT       : 16:55:02.121 [EXPANSION DEBUG]: ~ExpansionMarketSettings
SCRIPT       : ExpansionMarketSettings::LoadCategories - Adding category ID 1 (Ammo)
SCRIPT       : ExpansionMarketSettings::LoadCategories - Adding category ID 2 (Ammo_Boxes)
SCRIPT       : ExpansionMarketSettings::LoadCategories - Adding category ID 3 (Armbands)
SCRIPT    (E): 
Item gcgn_hk416 has already been added to category ID 4
Class:      'ExpansionMarketCategory'
Function: 'Error'
Stack trace:
scripts/1_Core/proto\endebug.c:92
DayZExpansion/Market/Scripts/3_Game/dayzexpansion_market\settings\expansionmarketcategory.c:214
DayZExpansion/Market/Scripts/3_Game/dayzexpansion_market\settings\expansionmarketcategory.c:113
DayZExpansion/Market/Scripts/3_Game/dayzexpansion_market\settings\expansionmarketsettings.c:187
DayZExpansion/Market/Scripts/3_Game/dayzexpansion_market\settings\expansionmarketsettings.c:1096
DayZExpansion/Core/Scripts/3_Game/dayzexpansion_core\settings\expansionsettingbase.c:45
DayZExpansion/Core/Scripts/3_Game/dayzexpansion_core\settings\expansionsettings.c:55
DayZExpansion/Core/Scripts/3_Game/dayzexpansion_core\settings\expansionsettings.c:35
DayZExpansion/Core/Scripts/3_Game/dayzexpansion_core\settings\expansionsettings.c:260
DayZExpansion/Core/Scripts/5_Mission/dayzexpansion_core\dayzexpansion.c:37
DayZExpansion/Core/Scripts/5_Mission/dayzexpansion_core\dayzexpansion.c:120
DayZExpansion/Core/Scripts/5_Mission/dayzexpansion_core\mission\missionbase.c:5
$CurrentDir:mpmissions\regular.namalsk\init.c:124
SCRIPT       : ExpansionMarketSettings::LoadCategories - Adding category ID 4 (Assault_Rifles)
SCRIPT       : ExpansionMarketSettings::LoadCategories - Adding category ID 5 (Backpacks)
SCRIPT       : ExpansionMarketSettings::LoadCategories - Adding category ID 6 (Bandanas)
SCRIPT       : ExpansionMarketSettings::LoadCategories - Adding category ID 7 (BASE BUILDING PLUS)
SCRIPT       : ExpansionMarketSettings::LoadCategories - Adding category ID 8 (Batteries)
SCRIPT       : ExpansionMarketSettings::LoadCategories - Adding category ID 9 (Bayonets)
SCRIPT       : ExpansionMarketSettings::LoadCategories - Adding category ID 10 (Belts)
SCRIPT       : ExpansionMarketSettings::LoadCategories - Adding category ID 11 (Blouses_And_Suits)
SCRIPT       : ExpansionMarketSettings::LoadCategories - Adding category ID 12 (Boats)
SCRIPT       : ExpansionMarketSettings::LoadCategories - Adding category ID 13 (Boots_And_Shoes)
SCRIPT       : ExpansionMarketSettings::LoadCategories - Adding category ID 14 (Buttstocks)
SCRIPT       : ExpansionMarketSettings::LoadCategories - Adding category ID 15 (Caps)
SCRIPT       : ExpansionMarketSettings::LoadCategories - Adding category ID 16 (Cars)
SCRIPT       : ExpansionMarketSettings::LoadCategories - Adding category ID 17 (Coats_And_Jackets)
SCRIPT       : ExpansionMarketSettings::LoadCategories - Adding category ID 18 (Containers)
SCRIPT       : ExpansionMarketSettings::LoadCategories - Adding category ID 19 (Crossbows)
SCRIPT       : ExpansionMarketSettings::LoadCategories - Adding category ID 20 (Drinks)
SCRIPT       : ExpansionMarketSettings::LoadCategories - Adding category ID 21 (Electronics)
SCRIPT       : ExpansionMarketSettings::LoadCategories - Adding category ID 22 (Event)
SCRIPT       : ExpansionMarketSettings::LoadCategories - Adding category ID 23 (Exchange)
SCRIPT       : ExpansionMarketSettings::LoadCategories - Adding category ID 24 (Explosives_And_Grenades)
SCRIPT       : ExpansionMarketSettings::LoadCategories - Adding category ID 25 (Eyewear)
SCRIPT       : ExpansionMarketSettings::LoadCategories - Adding category ID 26 (Fish)
SCRIPT       : ExpansionMarketSettings::LoadCategories - Adding category ID 27 (Fishing)
SCRIPT       : ExpansionMarketSettings::LoadCategories - Adding category ID 28 (Flags)
SCRIPT       : ExpansionMarketSettings::LoadCategories - Adding category ID 29 (Food)
SCRIPT       : ExpansionMarketSettings::LoadCategories - Adding category ID 30 (Fruit_And_Vegetables)
SCRIPT       : ExpansionMarketSettings::LoadCategories - Adding category ID 31 (Furnishings)
SCRIPT       : ExpansionMarketSettings::LoadCategories - Adding category ID 32 (Gardening)
SCRIPT       : ExpansionMarketSettings::LoadCategories - Adding category ID 33 (Ghillies)
SCRIPT       : ExpansionMarketSettings::LoadCategories - Adding category ID 34 (Gloves)
SCRIPT       : ExpansionMarketSettings::LoadCategories - Adding category ID 35 (Handguards)
SCRIPT       : ExpansionMarketSettings::LoadCategories - Adding category ID 36 (Hats_And_Hoods)
SCRIPT       : ExpansionMarketSettings::LoadCategories - Adding category ID 37 (Helicopters)
SCRIPT       : ExpansionMarketSettings::LoadCategories - Adding category ID 38 (Helmets)
SCRIPT       : ExpansionMarketSettings::LoadCategories - Adding category ID 39 (Holsters_And_Pouches)
SCRIPT       : ExpansionMarketSettings::LoadCategories - Adding category ID 40 (Kits)
SCRIPT       : ExpansionMarketSettings::LoadCategories - Adding category ID 41 (Knifes)
SCRIPT       : ExpansionMarketSettings::LoadCategories - Adding category ID 42 (Launchers)
SCRIPT       : ExpansionMarketSettings::LoadCategories - Adding category ID 43 (Lights)
SCRIPT       : ExpansionMarketSettings::LoadCategories - Adding category ID 44 (Liquids)
SCRIPT    (E): JSON ERROR $CurrentDir:mpmissions\regular.namalsk\init.c:124
SCRIPT    (E): 
JSON ERROR:
Missing a comma or '}' after an object member.
Function: 'Error'
Stack trace:
scripts/1_Core/proto\endebug.c:92
scripts/3_Game/tools\jsonfileloader.c:29
DayZExpansion/Market/Scripts/3_Game/dayzexpansion_market\settings\expansionmarketcategory.c:62
DayZExpansion/Market/Scripts/3_Game/dayzexpansion_market\settings\expansionmarketsettings.c:187
DayZExpansion/Market/Scripts/3_Game/dayzexpansion_market\settings\expansionmarketsettings.c:1096
DayZExpansion/Core/Scripts/3_Game/dayzexpansion_core\settings\expansionsettingbase.c:45
DayZExpansion/Core/Scripts/3_Game/dayzexpansion_core\settings\expansionsettings.c:55
DayZExpansion/Core/Scripts/3_Game/dayzexpansion_core\settings\expansionsettings.c:35
DayZExpansion/Core/Scripts/3_Game/dayzexpansion_core\settings\expansionsettings.c:260
DayZExpansion/Core/Scripts/5_Mission/dayzexpansion_core\dayzexpansion.c:37
DayZExpansion/Core/Scripts/5_Mission/dayzexpansion_core\dayzexpansion.c:120
DayZExpansion/Core/Scripts/5_Mission/dayzexpansion_core\mission\missionbase.c:5
$CurrentDir:mpmissions\regular.namalsk\init.c:124
SCRIPT       : 16:55:02.214 [EXPANSION DEBUG]: [ExpansionMarketCategory] Load - Converting v0 "LMG.json" to v9
SCRIPT       : ExpansionMarketSettings::LoadCategories - Adding category ID 45 (LMG)
SCRIPT       : ExpansionMarketSettings::LoadCategories - Adding category ID 46 (Locks)
SCRIPT    (E): 
Item snafum24_mag has already been added to category ID 47
Class:      'ExpansionMarketCategory'
Function: 'Error'
Stack trace:
scripts/1_Core/proto\endebug.c:92
DayZExpansion/Market/Scripts/3_Game/dayzexpansion_market\settings\expansionmarketcategory.c:214
DayZExpansion/Market/Scripts/3_Game/dayzexpansion_market\settings\expansionmarketcategory.c:113
DayZExpansion/Market/Scripts/3_Game/dayzexpansion_market\settings\expansionmarketsettings.c:187
DayZExpansion/Market/Scripts/3_Game/dayzexpansion_market\settings\expansionmarketsettings.c:1096
DayZExpansion/Core/Scripts/3_Game/dayzexpansion_core\settings\expansionsettingbase.c:45
DayZExpansion/Core/Scripts/3_Game/dayzexpansion_core\settings\expansionsettings.c:55
DayZExpansion/Core/Scripts/3_Game/dayzexpansion_core\settings\expansionsettings.c:35
DayZExpansion/Core/Scripts/3_Game/dayzexpansion_core\settings\expansionsettings.c:260
DayZExpansion/Core/Scripts/5_Mission/dayzexpansion_core\dayzexpansion.c:37
DayZExpansion/Core/Scripts/5_Mission/dayzexpansion_core\dayzexpansion.c:120
DayZExpansion/Core/Scripts/5_Mission/dayzexpansion_core\mission\missionbase.c:5
$CurrentDir:mpmissions\regular.namalsk\init.c:124
SCRIPT       : ExpansionMarketSettings::LoadCategories - Adding category ID 47 (Magazines)
SCRIPT       : ExpansionMarketSettings::LoadCategories - Adding category ID 48 (Masks)
SCRIPT       : ExpansionMarketSettings::LoadCategories - Adding category ID 49 (Meat)
SCRIPT       : ExpansionMarketSettings::LoadCategories - Adding category ID 50 (Medical)
SCRIPT       : ExpansionMarketSettings::LoadCategories - Adding category ID 51 (Melee_Weapons)
SCRIPT       : ExpansionMarketSettings::LoadCategories - Adding category ID 52 (Mighty's Military Gear Patches)
SCRIPT       : ExpansionMarketSettings::LoadCategories - Adding category ID 53 (MIGHTY'S MILITARY GEAR)
SCRIPT       : ExpansionMarketSettings::LoadCategories - Adding category ID 54 (MuchStuffPack Clothing and Backpacks (1))
SCRIPT       : ExpansionMarketSettings::LoadCategories - Adding category ID 55 (MuchStuffPack Storage)
SCRIPT       : ExpansionMarketSettings::LoadCategories - Adding category ID 56 (Muzzles)
SCRIPT       : ExpansionMarketSettings::LoadCategories - Adding category ID 57 (Navigation)
SCRIPT       : ExpansionMarketSettings::LoadCategories - Adding category ID 58 (Optics)
SCRIPT       : ExpansionMarketSettings::LoadCategories - Adding category ID 59 (Pants_And_Shorts)
SCRIPT       : ExpansionMarketSettings::LoadCategories - Adding category ID 60 (Pistols)
SCRIPT    (E): 
Item snafu_m14 has already been added to category Assault_Rifles (ID 4)
Class:      'ExpansionMarketCategory'
Function: 'Error'
Stack trace:
scripts/1_Core/proto\endebug.c:92
DayZExpansion/Market/Scripts/3_Game/dayzexpansion_market\settings\expansionmarketcategory.c:214
DayZExpansion/Market/Scripts/3_Game/dayzexpansion_market\settings\expansionmarketcategory.c:113
DayZExpansion/Market/Scripts/3_Game/dayzexpansion_market\settings\expansionmarketsettings.c:187
DayZExpansion/Market/Scripts/3_Game/dayzexpansion_market\settings\expansionmarketsettings.c:1096
DayZExpansion/Core/Scripts/3_Game/dayzexpansion_core\settings\expansionsettingbase.c:45
DayZExpansion/Core/Scripts/3_Game/dayzexpansion_core\settings\expansionsettings.c:55
DayZExpansion/Core/Scripts/3_Game/dayzexpansion_core\settings\expansionsettings.c:35
DayZExpansion/Core/Scripts/3_Game/dayzexpansion_core\settings\expansionsettings.c:260
DayZExpansion/Core/Scripts/5_Mission/dayzexpansion_core\dayzexpansion.c:37
DayZExpansion/Core/Scripts/5_Mission/dayzexpansion_core\dayzexpansion.c:120
DayZExpansion/Core/Scripts/5_Mission/dayzexpansion_core\mission\missionbase.c:5
$CurrentDir:mpmissions\regular.namalsk\init.c:124
SCRIPT       : ExpansionMarketSettings::LoadCategories - Adding category ID 61 (Rifles)
SCRIPT       : ExpansionMarketSettings::LoadCategories - Adding category ID 62 (Shirts_And_TShirts)
SCRIPT       : ExpansionMarketSettings::LoadCategories - Adding category ID 63 (Shotguns)
SCRIPT       : ExpansionMarketSettings::LoadCategories - Adding category ID 64 (Skirts_And_Dresses)
SCRIPT    (E): 
Item gcgn_ammo_3006 has already been added to category Ammo (ID 1)
Class:      'ExpansionMarketCategory'
Function: 'Error'
Stack trace:
scripts/1_Core/proto\endebug.c:92
DayZExpansion/Market/Scripts/3_Game/dayzexpansion_market\settings\expansionmarketcategory.c:214
DayZExpansion/Market/Scripts/3_Game/dayzexpansion_market\settings\expansionmarketcategory.c:113
DayZExpansion/Market/Scripts/3_Game/dayzexpansion_market\settings\expansionmarketsettings.c:187
DayZExpansion/Market/Scripts/3_Game/dayzexpansion_market\settings\expansionmarketsettings.c:1096
DayZExpansion/Core/Scripts/3_Game/dayzexpansion_core\settings\expansionsettingbase.c:45
DayZExpansion/Core/Scripts/3_Game/dayzexpansion_core\settings\expansionsettings.c:55
DayZExpansion/Core/Scripts/3_Game/dayzexpansion_core\settings\expansionsettings.c:35
DayZExpansion/Core/Scripts/3_Game/dayzexpansion_core\settings\expansionsettings.c:260
DayZExpansion/Core/Scripts/5_Mission/dayzexpansion_core\dayzexpansion.c:37
DayZExpansion/Core/Scripts/5_Mission/dayzexpansion_core\dayzexpansion.c:120
DayZExpansion/Core/Scripts/5_Mission/dayzexpansion_core\mission\missionbase.c:5
$CurrentDir:mpmissions\regular.namalsk\init.c:124
SCRIPT       : ExpansionMarketSettings::LoadCategories - Adding category ID 65 (Snafu_Ammo)
SCRIPT       : ExpansionMarketSettings::LoadCategories - Adding category ID 66 (Snafu_Bipods)
SCRIPT    (E): 
Item snafu_sks_bayonet has already been added to category Bayonets (ID 9)
Class:      'ExpansionMarketCategory'
Function: 'Error'
Stack trace:
scripts/1_Core/proto\endebug.c:92
DayZExpansion/Market/Scripts/3_Game/dayzexpansion_market\settings\expansionmarketcategory.c:214
DayZExpansion/Market/Scripts/3_Game/dayzexpansion_market\settings\expansionmarketcategory.c:113
DayZExpansion/Market/Scripts/3_Game/dayzexpansion_market\settings\expansionmarketsettings.c:187
DayZExpansion/Market/Scripts/3_Game/dayzexpansion_market\settings\expansionmarketsettings.c:1096
DayZExpansion/Core/Scripts/3_Game/dayzexpansion_core\settings\expansionsettingbase.c:45
DayZExpansion/Core/Scripts/3_Game/dayzexpansion_core\settings\expansionsettings.c:55
DayZExpansion/Core/Scripts/3_Game/dayzexpansion_core\settings\expansionsettings.c:35
DayZExpansion/Core/Scripts/3_Game/dayzexpansion_core\settings\expansionsettings.c:260
DayZExpansion/Core/Scripts/5_Mission/dayzexpansion_core\dayzexpansion.c:37
DayZExpansion/Core/Scripts/5_Mission/dayzexpansion_core\dayzexpansion.c:120
DayZExpansion/Core/Scripts/5_Mission/dayzexpansion_core\mission\missionbase.c:5
$CurrentDir:mpmissions\regular.namalsk\init.c:124
SCRIPT       : ExpansionMarketSettings::LoadCategories - Adding category ID 67 (Snafu_Extras)
SCRIPT       : ExpansionMarketSettings::LoadCategories - Adding category ID 68 (Snafu_Grips)
SCRIPT    (E): 
Item snafu_gadar has already been added to category Handguards (ID 35)
Class:      'ExpansionMarketCategory'
Function: 'Error'
Stack trace:
scripts/1_Core/proto\endebug.c:92
DayZExpansion/Market/Scripts/3_Game/dayzexpansion_market\settings\expansionmarketcategory.c:214
DayZExpansion/Market/Scripts/3_Game/dayzexpansion_market\settings\expansionmarketcategory.c:113
DayZExpansion/Market/Scripts/3_Game/dayzexpansion_market\settings\expansionmarketsettings.c:187
DayZExpansion/Market/Scripts/3_Game/dayzexpansion_market\settings\expansionmarketsettings.c:1096
DayZExpansion/Core/Scripts/3_Game/dayzexpansion_core\settings\expansionsettingbase.c:45
DayZExpansion/Core/Scripts/3_Game/dayzexpansion_core\settings\expansionsettings.c:55
DayZExpansion/Core/Scripts/3_Game/dayzexpansion_core\settings\expansionsettings.c:35
DayZExpansion/Core/Scripts/3_Game/dayzexpansion_core\settings\expansionsettings.c:260
DayZExpansion/Core/Scripts/5_Mission/dayzexpansion_core\dayzexpansion.c:37
DayZExpansion/Core/Scripts/5_Mission/dayzexpansion_core\dayzexpansion.c:120
DayZExpansion/Core/Scripts/5_Mission/dayzexpansion_core\mission\missionbase.c:5
$CurrentDir:mpmissions\regular.namalsk\init.c:124
SCRIPT       : ExpansionMarketSettings::LoadCategories - Adding category ID 69 (Snafu_Handguards)
SCRIPT    (E): 
Item gcgn_m110_mag has already been added to category Magazines (ID 47)
Class:      'ExpansionMarketCategory'
Function: 'Error'
Stack trace:
scripts/1_Core/proto\endebug.c:92
DayZExpansion/Market/Scripts/3_Game/dayzexpansion_market\settings\expansionmarketcategory.c:214
DayZExpansion/Market/Scripts/3_Game/dayzexpansion_market\settings\expansionmarketcategory.c:113
DayZExpansion/Market/Scripts/3_Game/dayzexpansion_market\settings\expansionmarketsettings.c:187
DayZExpansion/Market/Scripts/3_Game/dayzexpansion_market\settings\expansionmarketsettings.c:1096
DayZExpansion/Core/Scripts/3_Game/dayzexpansion_core\settings\expansionsettingbase.c:45
DayZExpansion/Core/Scripts/3_Game/dayzexpansion_core\settings\expansionsettings.c:55
DayZExpansion/Core/Scripts/3_Game/dayzexpansion_core\settings\expansionsettings.c:35
DayZExpansion/Core/Scripts/3_Game/dayzexpansion_core\settings\expansionsettings.c:260
DayZExpansion/Core/Scripts/5_Mission/dayzexpansion_core\dayzexpansion.c:37
DayZExpansion/Core/Scripts/5_Mission/dayzexpansion_core\dayzexpansion.c:120
DayZExpansion/Core/Scripts/5_Mission/dayzexpansion_core\mission\missionbase.c:5
$CurrentDir:mpmissions\regular.namalsk\init.c:124
SCRIPT       : ExpansionMarketSettings::LoadCategories - Adding category ID 70 (Snafu_Mags)
SCRIPT    (E): 
Item snafu_huntingoptic has already been added to category Optics (ID 58)
Class:      'ExpansionMarketCategory'
Function: 'Error'
Stack trace:
scripts/1_Core/proto\endebug.c:92
DayZExpansion/Market/Scripts/3_Game/dayzexpansion_market\settings\expansionmarketcategory.c:214
DayZExpansion/Market/Scripts/3_Game/dayzexpansion_market\settings\expansionmarketcategory.c:113
DayZExpansion/Market/Scripts/3_Game/dayzexpansion_market\settings\expansionmarketsettings.c:187
DayZExpansion/Market/Scripts/3_Game/dayzexpansion_market\settings\expansionmarketsettings.c:1096
DayZExpansion/Core/Scripts/3_Game/dayzexpansion_core\settings\expansionsettingbase.c:45
DayZExpansion/Core/Scripts/3_Game/dayzexpansion_core\settings\expansionsettings.c:55
DayZExpansion/Core/Scripts/3_Game/dayzexpansion_core\settings\expansionsettings.c:35
DayZExpansion/Core/Scripts/3_Game/dayzexpansion_core\settings\expansionsettings.c:260
DayZExpansion/Core/Scripts/5_Mission/dayzexpansion_core\dayzexpansion.c:37
DayZExpansion/Core/Scripts/5_Mission/dayzexpansion_core\dayzexpansion.c:120
DayZExpansion/Core/Scripts/5_Mission/dayzexpansion_core\mission\missionbase.c:5
$CurrentDir:mpmissions\regular.namalsk\init.c:124
SCRIPT       : ExpansionMarketSettings::LoadCategories - Adding category ID 71 (Snafu_Scopes)
SCRIPT    (E): 
Item sa58_stock has already been added to category Buttstocks (ID 14)
Class:      'ExpansionMarketCategory'
Function: 'Error'
Stack trace:
scripts/1_Core/proto\endebug.c:92
DayZExpansion/Market/Scripts/3_Game/dayzexpansion_market\settings\expansionmarketcategory.c:214
DayZExpansion/Market/Scripts/3_Game/dayzexpansion_market\settings\expansionmarketcategory.c:113
DayZExpansion/Market/Scripts/3_Game/dayzexpansion_market\settings\expansionmarketsettings.c:187
DayZExpansion/Market/Scripts/3_Game/dayzexpansion_market\settings\expansionmarketsettings.c:1096
DayZExpansion/Core/Scripts/3_Game/dayzexpansion_core\settings\expansionsettingbase.c:45
DayZExpansion/Core/Scripts/3_Game/dayzexpansion_core\settings\expansionsettings.c:55
DayZExpansion/Core/Scripts/3_Game/dayzexpansion_core\settings\expansionsettings.c:35
DayZExpansion/Core/Scripts/3_Game/dayzexpansion_core\settings\expansionsettings.c:260
DayZExpansion/Core/Scripts/5_Mission/dayzexpansion_core\dayzexpansion.c:37
DayZExpansion/Core/Scripts/5_Mission/dayzexpansion_core\dayzexpansion.c:120
DayZExpansion/Core/Scripts/5_Mission/dayzexpansion_core\mission\missionbase.c:5
$CurrentDir:mpmissions\regular.namalsk\init.c:124
SCRIPT       : ExpansionMarketSettings::LoadCategories - Adding category ID 72 (Snafu_Stocks)
SCRIPT    (E): 
Item snafu_lstandardized_suppressor_black has already been added to category ID 73
Class:      'ExpansionMarketCategory'
Function: 'Error'
Stack trace:
scripts/1_Core/proto\endebug.c:92
DayZExpansion/Market/Scripts/3_Game/dayzexpansion_market\settings\expansionmarketcategory.c:214
DayZExpansion/Market/Scripts/3_Game/dayzexpansion_market\settings\expansionmarketcategory.c:113
DayZExpansion/Market/Scripts/3_Game/dayzexpansion_market\settings\expansionmarketsettings.c:187
DayZExpansion/Market/Scripts/3_Game/dayzexpansion_market\settings\expansionmarketsettings.c:1096
DayZExpansion/Core/Scripts/3_Game/dayzexpansion_core\settings\expansionsettingbase.c:45
DayZExpansion/Core/Scripts/3_Game/dayzexpansion_core\settings\expansionsettings.c:55
DayZExpansion/Core/Scripts/3_Game/dayzexpansion_core\settings\expansionsettings.c:35
DayZExpansion/Core/Scripts/3_Game/dayzexpansion_core\settings\expansionsettings.c:260
DayZExpansion/Core/Scripts/5_Mission/dayzexpansion_core\dayzexpansion.c:37
DayZExpansion/Core/Scripts/5_Mission/dayzexpansion_core\dayzexpansion.c:120
DayZExpansion/Core/Scripts/5_Mission/dayzexpansion_core\mission\missionbase.c:5
$CurrentDir:mpmissions\regular.namalsk\init.c:124
SCRIPT       : ExpansionMarketSettings::LoadCategories - Adding category ID 73 (Snafu_Suppressors)
SCRIPT    (E): 
Item snafu_m14 has already been added to category Assault_Rifles (ID 4)
Class:      'ExpansionMarketCategory'
Function: 'Error'
Stack trace:
scripts/1_Core/proto\endebug.c:92
DayZExpansion/Market/Scripts/3_Game/dayzexpansion_market\settings\expansionmarketcategory.c:214
DayZExpansion/Market/Scripts/3_Game/dayzexpansion_market\settings\expansionmarketcategory.c:113
DayZExpansion/Market/Scripts/3_Game/dayzexpansion_market\settings\expansionmarketsettings.c:187
DayZExpansion/Market/Scripts/3_Game/dayzexpansion_market\settings\expansionmarketsettings.c:1096
DayZExpansion/Core/Scripts/3_Game/dayzexpansion_core\settings\expansionsettingbase.c:45
DayZExpansion/Core/Scripts/3_Game/dayzexpansion_core\settings\expansionsettings.c:55
DayZExpansion/Core/Scripts/3_Game/dayzexpansion_core\settings\expansionsettings.c:35
DayZExpansion/Core/Scripts/3_Game/dayzexpansion_core\settings\expansionsettings.c:260
DayZExpansion/Core/Scripts/5_Mission/dayzexpansion_core\dayzexpansion.c:37
DayZExpansion/Core/Scripts/5_Mission/dayzexpansion_core\dayzexpansion.c:120
DayZExpansion/Core/Scripts/5_Mission/dayzexpansion_core\mission\missionbase.c:5
$CurrentDir:mpmissions\regular.namalsk\init.c:124
SCRIPT       : ExpansionMarketSettings::LoadCategories - Adding category ID 74 (Snafu_Weapons)
SCRIPT    (E): 
Item snafu_awm_gun has already been added to category ID 75
Class:      'ExpansionMarketCategory'
Function: 'Error'
Stack trace:
scripts/1_Core/proto\endebug.c:92
DayZExpansion/Market/Scripts/3_Game/dayzexpansion_market\settings\expansionmarketcategory.c:214
DayZExpansion/Market/Scripts/3_Game/dayzexpansion_market\settings\expansionmarketcategory.c:113
DayZExpansion/Market/Scripts/3_Game/dayzexpansion_market\settings\expansionmarketsettings.c:187
DayZExpansion/Market/Scripts/3_Game/dayzexpansion_market\settings\expansionmarketsettings.c:1096
DayZExpansion/Core/Scripts/3_Game/dayzexpansion_core\settings\expansionsettingbase.c:45
DayZExpansion/Core/Scripts/3_Game/dayzexpansion_core\settings\expansionsettings.c:55
DayZExpansion/Core/Scripts/3_Game/dayzexpansion_core\settings\expansionsettings.c:35
DayZExpansion/Core/Scripts/3_Game/dayzexpansion_core\settings\expansionsettings.c:260
DayZExpansion/Core/Scripts/5_Mission/dayzexpansion_core\dayzexpansion.c:37
DayZExpansion/Core/Scripts/5_Mission/dayzexpansion_core\dayzexpansion.c:120
DayZExpansion/Core/Scripts/5_Mission/dayzexpansion_core\mission\missionbase.c:5
$CurrentDir:mpmissions\regular.namalsk\init.c:124
SCRIPT       : ExpansionMarketSettings::LoadCategories - Adding category ID 75 (Sniper_Rifles)
SCRIPT       : ExpansionMarketSettings::LoadCategories - Adding category ID 76 (Spraycans)
SCRIPT       : ExpansionMarketSettings::LoadCategories - Adding category ID 77 (Submachine_Guns)
SCRIPT       : ExpansionMarketSettings::LoadCategories - Adding category ID 78 (Supplies)
SCRIPT    (E): 
Item gcgn_m1garand_supp has already been added to category Snafu_Suppressors (ID 73)
Class:      'ExpansionMarketCategory'
Function: 'Error'
Stack trace:
scripts/1_Core/proto\endebug.c:92
DayZExpansion/Market/Scripts/3_Game/dayzexpansion_market\settings\expansionmarketcategory.c:214
DayZExpansion/Market/Scripts/3_Game/dayzexpansion_market\settings\expansionmarketcategory.c:113
DayZExpansion/Market/Scripts/3_Game/dayzexpansion_market\settings\expansionmarketsettings.c:187
DayZExpansion/Market/Scripts/3_Game/dayzexpansion_market\settings\expansionmarketsettings.c:1096
DayZExpansion/Core/Scripts/3_Game/dayzexpansion_core\settings\expansionsettingbase.c:45
DayZExpansion/Core/Scripts/3_Game/dayzexpansion_core\settings\expansionsettings.c:55
DayZExpansion/Core/Scripts/3_Game/dayzexpansion_core\settings\expansionsettings.c:35
DayZExpansion/Core/Scripts/3_Game/dayzexpansion_core\settings\expansionsettings.c:260
DayZExpansion/Core/Scripts/5_Mission/dayzexpansion_core\dayzexpansion.c:37
DayZExpansion/Core/Scripts/5_Mission/dayzexpansion_core\dayzexpansion.c:120
DayZExpansion/Core/Scripts/5_Mission/dayzexpansion_core\mission\missionbase.c:5
$CurrentDir:mpmissions\regular.namalsk\init.c:124
SCRIPT       : ExpansionMarketSettings::LoadCategories - Adding category ID 79 (Supressors)
SCRIPT       : ExpansionMarketSettings::LoadCategories - Adding category ID 80 (Sweaters_And_Hoodies)
SCRIPT       : ExpansionMarketSettings::LoadCategories - Adding category ID 81 (Tactical Flava Attachments)
SCRIPT       : ExpansionMarketSettings::LoadCategories - Adding category ID 82 (Tactical Flava Backpack)
SCRIPT       : ExpansionMarketSettings::LoadCategories - Adding category ID 83 (Tactical Flava Helmets)
SCRIPT       : ExpansionMarketSettings::LoadCategories - Adding category ID 84 (Tactical Flava NVG)
SCRIPT    (E): 
Item tf_elcanspecterdroptic_fde has already been added to category Optics (ID 58)
Class:      'ExpansionMarketCategory'
Function: 'Error'
Stack trace:
scripts/1_Core/proto\endebug.c:92
DayZExpansion/Market/Scripts/3_Game/dayzexpansion_market\settings\expansionmarketcategory.c:214
DayZExpansion/Market/Scripts/3_Game/dayzexpansion_market\settings\expansionmarketcategory.c:113
DayZExpansion/Market/Scripts/3_Game/dayzexpansion_market\settings\expansionmarketsettings.c:187
DayZExpansion/Market/Scripts/3_Game/dayzexpansion_market\settings\expansionmarketsettings.c:1096
DayZExpansion/Core/Scripts/3_Game/dayzexpansion_core\settings\expansionsettingbase.c:45
DayZExpansion/Core/Scripts/3_Game/dayzexpansion_core\settings\expansionsettings.c:55
DayZExpansion/Core/Scripts/3_Game/dayzexpansion_core\settings\expansionsettings.c:35
DayZExpansion/Core/Scripts/3_Game/dayzexpansion_core\settings\expansionsettings.c:260
DayZExpansion/Core/Scripts/5_Mission/dayzexpansion_core\dayzexpansion.c:37
DayZExpansion/Core/Scripts/5_Mission/dayzexpansion_core\dayzexpansion.c:120
DayZExpansion/Core/Scripts/5_Mission/dayzexpansion_core\mission\missionbase.c:5
$CurrentDir:mpmissions\regular.namalsk\init.c:124
SCRIPT       : ExpansionMarketSettings::LoadCategories - Adding category ID 85 (Tactical Flava Optics)
SCRIPT       : ExpansionMarketSettings::LoadCategories - Adding category ID 86 (Tactical Flava Vest)
SCRIPT    (E): 
Item tf_an94 has already been added to category Assault_Rifles (ID 4)
Class:      'ExpansionMarketCategory'
Function: 'Error'
Stack trace:
scripts/1_Core/proto\endebug.c:92
DayZExpansion/Market/Scripts/3_Game/dayzexpansion_market\settings\expansionmarketcategory.c:214
DayZExpansion/Market/Scripts/3_Game/dayzexpansion_market\settings\expansionmarketcategory.c:113
DayZExpansion/Market/Scripts/3_Game/dayzexpansion_market\settings\expansionmarketsettings.c:187
DayZExpansion/Market/Scripts/3_Game/dayzexpansion_market\settings\expansionmarketsettings.c:1096
DayZExpansion/Core/Scripts/3_Game/dayzexpansion_core\settings\expansionsettingbase.c:45
DayZExpansion/Core/Scripts/3_Game/dayzexpansion_core\settings\expansionsettings.c:55
DayZExpansion/Core/Scripts/3_Game/dayzexpansion_core\settings\expansionsettings.c:35
DayZExpansion/Core/Scripts/3_Game/dayzexpansion_core\settings\expansionsettings.c:260
DayZExpansion/Core/Scripts/5_Mission/dayzexpansion_core\dayzexpansion.c:37
DayZExpansion/Core/Scripts/5_Mission/dayzexpansion_core\dayzexpansion.c:120
DayZExpansion/Core/Scripts/5_Mission/dayzexpansion_core\mission\missionbase.c:5
$CurrentDir:mpmissions\regular.namalsk\init.c:124
SCRIPT       : ExpansionMarketSettings::LoadCategories - Adding category ID 87 (Tactical Flava Weapons)
SCRIPT       : ExpansionMarketSettings::LoadCategories - Adding category ID 88 (Tents)
SCRIPT       : ExpansionMarketSettings::LoadCategories - Adding category ID 89 (Tools)
SCRIPT       : ExpansionMarketSettings::LoadCategories - Adding category ID 90 (Vehicle_Parts)
SCRIPT       : ExpansionMarketSettings::LoadCategories - Adding category ID 91 (Vests)
SCRIPT    (E): 
Item snafu_peq1_laser has already been added to category Snafu_Grips (ID 68)
Class:      'ExpansionMarketCategory'
Function: 'Error'
Stack trace:
scripts/1_Core/proto\endebug.c:92
DayZExpansion/Market/Scripts/3_Game/dayzexpansion_market\settings\expansionmarketcategory.c:214
DayZExpansion/Market/Scripts/3_Game/dayzexpansion_market\settings\expansionmarketcategory.c:113
DayZExpansion/Market/Scripts/3_Game/dayzexpansion_market\settings\expansionmarketsettings.c:187
DayZExpansion/Market/Scripts/3_Game/dayzexpansion_market\settings\expansionmarketsettings.c:1096
DayZExpansion/Core/Scripts/3_Game/dayzexpansion_core\settings\expansionsettingbase.c:45
DayZExpansion/Core/Scripts/3_Game/dayzexpansion_core\settings\expansionsettings.c:55
DayZExpansion/Core/Scripts/3_Game/dayzexpansion_core\settings\expansionsettings.c:35
DayZExpansion/Core/Scripts/3_Game/dayzexpansion_core\settings\expansionsettings.c:260
DayZExpansion/Core/Scripts/5_Mission/dayzexpansion_core\dayzexpansion.c:37
DayZExpansion/Core/Scripts/5_Mission/dayzexpansion_core\dayzexpansion.c:120
DayZExpansion/Core/Scripts/5_Mission/dayzexpansion_core\mission\missionbase.c:5
$CurrentDir:mpmissions\regular.namalsk\init.c:124
SCRIPT       : ExpansionMarketSettings::LoadCategories - Adding category ID 92 (Weaponlights)
SCRIPT       : 16:55:02.367 [EXPANSION DEBUG]: [ExpansionMarketTrader] Error: Category Suppressors does not exist!
SCRIPT       : 16:55:02.371 [EXPANSION DEBUG]: [ExpansionMarketTrader] Error: Category Weapon_Lights does not exist!
SCRIPT       : 16:55:02.371 [EXPANSION DEBUG]: [ExpansionMarketTrader] Error: Category Snafu_Barrels does not exist!
SCRIPT       : 16:55:02.390 [EXPANSION DEBUG]: [ExpansionMarketTrader] Error: Category Tactical Flava Pouch does not exist!
SCRIPT       : 16:55:02.421 [EXPANSION DEBUG]: [ExpansionMarketTrader] Error: Category MuchStuffPack Clothing and Backpacks does not exist!
SCRIPT       : 16:55:02.421 [EXPANSION DEBUG]: [ExpansionMarketTrader] Error: Category Tactical Flava Helmet does not exist!
SCRIPT    (E): JSON ERROR $CurrentDir:mpmissions\regular.namalsk\init.c:124
SCRIPT    (E): 
JSON ERROR:
Invalid value.
Function: 'Error'
Stack trace:
scripts/1_Core/proto\endebug.c:92
scripts/3_Game/tools\jsonfileloader.c:29
DayZExpansion/Market/Scripts/3_Game/dayzexpansion_market\settings\expansionmarkettrader.c:85
DayZExpansion/Market/Scripts/3_Game/dayzexpansion_market\settings\expansionmarketsettings.c:255
DayZExpansion/Market/Scripts/3_Game/dayzexpansion_market\settings\expansionmarketsettings.c:1097
DayZExpansion/Core/Scripts/3_Game/dayzexpansion_core\settings\expansionsettingbase.c:45
DayZExpansion/Core/Scripts/3_Game/dayzexpansion_core\settings\expansionsettings.c:55
DayZExpansion/Core/Scripts/3_Game/dayzexpansion_core\settings\expansionsettings.c:35
DayZExpansion/Core/Scripts/3_Game/dayzexpansion_core\settings\expansionsettings.c:260
DayZExpansion/Core/Scripts/5_Mission/dayzexpansion_core\dayzexpansion.c:37
DayZExpansion/Core/Scripts/5_Mission/dayzexpansion_core\dayzexpansion.c:120
DayZExpansion/Core/Scripts/5_Mission/dayzexpansion_core\mission\missionbase.c:5
$CurrentDir:mpmissions\regular.namalsk\init.c:124
SCRIPT    (E): JSON ERROR $CurrentDir:mpmissions\regular.namalsk\init.c:124
SCRIPT    (E): 
JSON ERROR:
Invalid value.
Function: 'Error'
Stack trace:
scripts/1_Core/proto\endebug.c:92
scripts/3_Game/tools\jsonfileloader.c:29
DayZExpansion/Market/Scripts/3_Game/dayzexpansion_market\settings\expansionmarkettrader.c:132
DayZExpansion/Market/Scripts/3_Game/dayzexpansion_market\settings\expansionmarketsettings.c:255
DayZExpansion/Market/Scripts/3_Game/dayzexpansion_market\settings\expansionmarketsettings.c:1097
DayZExpansion/Core/Scripts/3_Game/dayzexpansion_core\settings\expansionsettingbase.c:45
DayZExpansion/Core/Scripts/3_Game/dayzexpansion_core\settings\expansionsettings.c:55
DayZExpansion/Core/Scripts/3_Game/dayzexpansion_core\settings\expansionsettings.c:35
DayZExpansion/Core/Scripts/3_Game/dayzexpansion_core\settings\expansionsettings.c:260
DayZExpansion/Core/Scripts/5_Mission/dayzexpansion_core\dayzexpansion.c:37
DayZExpansion/Core/Scripts/5_Mission/dayzexpansion_core\dayzexpansion.c:120
DayZExpansion/Core/Scripts/5_Mission/dayzexpansion_core\mission\missionbase.c:5
$CurrentDir:mpmissions\regular.namalsk\init.c:124
SCRIPT    (E): JSON ERROR $CurrentDir:mpmissions\regular.namalsk\init.c:124
SCRIPT    (E): 
JSON ERROR:
Invalid value.
Function: 'Error'
Stack trace:
scripts/1_Core/proto\endebug.c:92
scripts/3_Game/tools\jsonfileloader.c:29
DayZExpansion/Market/Scripts/3_Game/dayzexpansion_market\settings\expansionmarkettrader.c:85
DayZExpansion/Market/Scripts/3_Game/dayzexpansion_market\settings\expansionmarketsettings.c:255
DayZExpansion/Market/Scripts/3_Game/dayzexpansion_market\settings\expansionmarketsettings.c:1097
DayZExpansion/Core/Scripts/3_Game/dayzexpansion_core\settings\expansionsettingbase.c:45
DayZExpansion/Core/Scripts/3_Game/dayzexpansion_core\settings\expansionsettings.c:55
DayZExpansion/Core/Scripts/3_Game/dayzexpansion_core\settings\expansionsettings.c:35
DayZExpansion/Core/Scripts/3_Game/dayzexpansion_core\settings\expansionsettings.c:260
DayZExpansion/Core/Scripts/5_Mission/dayzexpansion_core\dayzexpansion.c:37
DayZExpansion/Core/Scripts/5_Mission/dayzexpansion_core\dayzexpansion.c:120
DayZExpansion/Core/Scripts/5_Mission/dayzexpansion_core\mission\missionbase.c:5
$CurrentDir:mpmissions\regular.namalsk\init.c:124
SCRIPT    (E): JSON ERROR $CurrentDir:mpmissions\regular.namalsk\init.c:124
SCRIPT    (E): 
JSON ERROR:
Invalid value.
Function: 'Error'
Stack trace:
scripts/1_Core/proto\endebug.c:92
scripts/3_Game/tools\jsonfileloader.c:29
DayZExpansion/Market/Scripts/3_Game/dayzexpansion_market\settings\expansionmarkettrader.c:132
DayZExpansion/Market/Scripts/3_Game/dayzexpansion_market\settings\expansionmarketsettings.c:255
DayZExpansion/Market/Scripts/3_Game/dayzexpansion_market\settings\expansionmarketsettings.c:1097
DayZExpansion/Core/Scripts/3_Game/dayzexpansion_core\settings\expansionsettingbase.c:45
DayZExpansion/Core/Scripts/3_Game/dayzexpansion_core\settings\expansionsettings.c:55
DayZExpansion/Core/Scripts/3_Game/dayzexpansion_core\settings\expansionsettings.c:35
DayZExpansion/Core/Scripts/3_Game/dayzexpansion_core\settings\expansionsettings.c:260
DayZExpansion/Core/Scripts/5_Mission/dayzexpansion_core\dayzexpansion.c:37
DayZExpansion/Core/Scripts/5_Mission/dayzexpansion_core\dayzexpansion.c:120
DayZExpansion/Core/Scripts/5_Mission/dayzexpansion_core\mission\missionbase.c:5
$CurrentDir:mpmissions\regular.namalsk\init.c:124
SCRIPT       : 16:55:02.453 [EXPANSION DEBUG]: [ExpansionMarketTrader] Error: Category Weapon_lights does not exist!
SCRIPT       : 16:55:02.453 [EXPANSION DEBUG]: [ExpansionMarketTrader] Error: Category Suppressors does not exist!
SCRIPT       : 16:55:02.511 [EXPANSION DEBUG]: [ExpansionAirdropSettings] Load existing setting file:$profile:ExpansionMod\Settings\AirdropSettings.json
SCRIPT       : 16:55:02.558 [EXPANSION DEBUG]: [ExpansionMissionSettings] Load existing setting file:$profile:ExpansionMod\Settings\MissionSettings.json
SCRIPT       : 16:55:02.562 [EXPANSION DEBUG]: [ExpansionNameTagsSettings] Load existing setting file:$profile:ExpansionMod\Settings\NameTagsSettings.json
SCRIPT       : 16:55:02.562 [EXPANSION DEBUG]: [ExpansionMapSettings] Load existing setting file:$mission:expansion\settings\MapSettings.json
SCRIPT       : 16:55:02.562 [EXPANSION DEBUG]: [ExpansionGeneralSettings] Load existing setting file:$profile:ExpansionMod\Settings\GeneralSettings.json
SCRIPT       : 16:55:02.566 [EXPANSION DEBUG]: [ExpansionPlayerListSettings] Load existing setting file:$profile:ExpansionMod\Settings\PlayerListSettings.json
SCRIPT       : 16:55:02.566 [EXPANSION DEBUG]: [ExpansionSocialMediaSettings] Load existing setting file:$profile:ExpansionMod\Settings\SocialMediaSettings.json
SCRIPT       : 16:55:02.566 [EXPANSION DEBUG]: [ExpansionSpawnSettings] Load existing setting file:$mission:expansion\settings\SpawnSettings.json
SCRIPT       : 16:55:02.574 [EXPANSION DEBUG]: [ExpansionVehicleSettings] Load existing setting file:$profile:ExpansionMod\Settings\VehicleSettings.json
SCRIPT       : 16:55:02.578 [EXPANSION DEBUG]: [ExpansionBaseBuildingSettings] Load existing setting file:$mission:expansion\settings\BaseBuildingSettings.json
SCRIPT       : 16:55:02.578 [EXPANSION DEBUG]: [ExpansionRaidSettings] Load existing setting file:$profile:ExpansionMod\Settings\RaidSettings.json
SCRIPT       : 16:55:02.578 [EXPANSION DEBUG]: [ExpansionTerritorySettings] Load existing setting file:$profile:ExpansionMod\Settings\TerritorySettings.json
SCRIPT       : 16:55:02.585 [EXPANSION DEBUG]: [ExpansionChatSettings] Load existing setting file:$profile:ExpansionMod\Settings\ChatSettings.json
SCRIPT       : 16:55:02.589 [EXPANSION DEBUG]: [ExpansionPartySettings] Load existing setting file:$profile:ExpansionMod\Settings\PartySettings.json
SCRIPT       : [DefineTest] EXPANSIONMOD is defined
SCRIPT       : [DefineTest] EXPANSIONMODANIMATIONS is defined
SCRIPT       : [DefineTest] EXPANSIONMODBASEBUILDING is defined
SCRIPT       : [DefineTest] EXPANSIONMODBOOK is defined
SCRIPT       : [DefineTest] EXPANSIONMODCHAT is defined
SCRIPT       : [DefineTest] EXPANSIONMODCORE is defined
SCRIPT       : [DefineTest] EXPANSIONMODGROUPS is defined
SCRIPT       : [DefineTest] EXPANSIONMODMAPASSETS is defined
SCRIPT       : [DefineTest] EXPANSIONMODMARKET is defined
SCRIPT       : [DefineTest] EXPANSIONMODMISSIONS is defined
SCRIPT       : [DefineTest] EXPANSIONMODNAMETAGS is defined
SCRIPT       : [DefineTest] EXPANSIONMODNAVIGATION is defined
SCRIPT       : [DefineTest] EXPANSIONMODVEHICLE is defined
SCRIPT       : [DefineTest] EXPANSIONMODWEAPONS is defined
SCRIPT       : [DefineTest] CfgMods:
SCRIPT       : defaultAction
SCRIPT       : DayZ
SCRIPT       : DZ_Expansion_Animations_Preload
SCRIPT       : DZ_Expansion_BaseBuilding_Preload
SCRIPT       : DZ_Expansion_Book_Preload
SCRIPT       : DZ_Expansion_Chat_Preload
SCRIPT       : DZ_Expansion_Core_Preload
SCRIPT       : DZ_Expansion_Groups_Preload
SCRIPT       : DZ_Expansion_Hardline_Preload
SCRIPT       : DZ_Expansion_KillFeed_Preload
SCRIPT       : DZ_Expansion_MapAssets_Preload
SCRIPT       : DZ_Expansion_Market_Preload
SCRIPT       : DZ_Expansion_Missions_Preload
SCRIPT       : DZ_Expansion_ModStorage_Preload
SCRIPT       : DZ_Expansion_NameTags_Preload
SCRIPT       : DZ_Expansion_Navigation_Preload
SCRIPT       : DZ_Expansion_Preload
SCRIPT       : DZ_Expansion_Quests_Preload
SCRIPT       : DZ_Expansion_SpawnSelection_Preload
SCRIPT       : DZ_Expansion_Vehicles_Preload
SCRIPT       : DZ_Expansion_Weapons_Preload
SCRIPT       : armor_a
SCRIPT       : BBP_keybind
SCRIPT       : CJ187_Gold
SCRIPT       : CJ187_Money
SCRIPT       : CodeLock
SCRIPT       : DZ_DabsFramework
SCRIPT       : DZ_Expansion_DefineTest
SCRIPT       : DZ_Expansion_MapAssets
SCRIPT       : bliss
SCRIPT       : GCGN_Guns
SCRIPT       : grenades_a
SCRIPT       : Guns_CFG
SCRIPT       : JM_CommunityFramework
SCRIPT       : InventoryFixSolo
SCRIPT       : MSP_Clothing_Data
SCRIPT       : MSP_Retextures_Data
SCRIPT       : MuchStuffPack
SCRIPT       : MSP_Seasonal_Summer
SCRIPT       : MSP_Signs_Data
SCRIPT       : MSP_Sports_Data
SCRIPT       : MSP_Storage_fridges
SCRIPT       : MSP_Storage_boxes
SCRIPT       : MSP_Storage_chests
SCRIPT       : MSP_Storage_crates
SCRIPT       : MSP_Storage_lockers
SCRIPT       : MSP_Storage_otherstorage
SCRIPT       : MSP_Storage_racks
SCRIPT       : MSP_Storage_waterbarrels
SCRIPT       : MSP_Toys_Data
SCRIPT       : NamalskIsland
SCRIPT       : NamalskSurvival
SCRIPT       : optic_a
SCRIPT       : script_a
SCRIPT       : SNAFU_Guns
SCRIPT       : SNAFU_Guns_01
SCRIPT       : SNAFU_Guns_02CFG
SCRIPT       : SNAFU_Guns_03_CFG
SCRIPT       : SNAFU_Guns_05
SCRIPT       : SNAFU_Guns_06
SCRIPT       : SNAFU_Scopes
SCRIPT       : SNAFU_Scripts
SCRIPT       : SNAFU_WW2
SCRIPT       : AVPPAdminTools
SCRIPT       : weapon_a
SCRIPT       : weapon_b
SCRIPT       : DZ_Expansion_ModStorage
SCRIPT       : MSP_BaseBuilding
SCRIPT       : MSP_Buildings_Data
SCRIPT       : MSP_Deco
SCRIPT       : MSP_Garden_Data
SCRIPT       : MSP_Halloween
SCRIPT       : MSP_Weapons_Data
SCRIPT       : DZ_Expansion_Core
SCRIPT       : DZ_Expansion_Hardline
SCRIPT       : DZ_Expansion_Market
SCRIPT       : DZ_Expansion_Missions
SCRIPT       : DZ_Expansion_NameTags
SCRIPT       : DZ_Expansion_Navigation
SCRIPT       : DZ_Expansion_NotificationScheduler
SCRIPT       : DZ_Expansion_PlayerList
SCRIPT       : DZ_Expansion_Quests
SCRIPT       : DZ_Expansion
SCRIPT       : DZ_Expansion_SpawnSelection
SCRIPT       : DZ_Expansion_VanillaFixes
SCRIPT       : DZ_Expansion_Vehicles
SCRIPT       : DZ_Expansion_Weapons
SCRIPT       : jpc_vest
SCRIPT       : BaseBuildingPlus
SCRIPT       : clothing_a
SCRIPT       : DZ_Expansion_BaseBuilding
SCRIPT       : DZ_Expansion_Book
SCRIPT       : DZ_Expansion_Chat
SCRIPT       : DZ_Expansion_Groups
SCRIPT       : [BBP] 'BBP_Settings' found, loading...
SCRIPT       : [MSP_Codelock_Config] '$profile:\CodeLock\MSP_CodeLockConfig.json' found, loading existing config!
SCRIPT       : [MissionServer] OnInit - Server
SCRIPT       : 16:55:03.054 [EXPANSION DEBUG]: ModStorage v5
SCRIPT       : [Namalsk][NamEventManager]: Next selection will occur in 797 seconds
SCRIPT       : [Namalsk][NamEventManager]: NamEventManager is now running
SCRIPT       : [MissionServer] OnMissionStart - Server
SCRIPT       : string dirtyName = 'BeefyLocalDayZserver'
SCRIPT       : AnimSoundObjectBuilderBank: Invalid sound set "Gasmask_gaspingForAirEmpty_SoundVoice_Char_SoundSet".
SCRIPT       : AnimSoundObjectBuilderBank: Invalid sound set "gaspingForAir5perIdle_SoundVoice_Char_SoundSet".
SCRIPT       : AnimSoundObjectBuilderBank: Invalid sound set "greathelmet_gaspingForAir5perIdle_SoundVoice_Char_SoundSet".
SCRIPT       : AnimSoundObjectBuilderBank: Invalid sound set "Gasmask_gaspingForAir5perIdle_SoundVoice_Char_SoundSet".
SCRIPT       : AnimSoundObjectBuilderBank: Invalid sound set "Motohelmet_gaspingForAir5perIdle_SoundVoice_Char_SoundSet".
SCRIPT       : AnimSoundObjectBuilderBank: Invalid sound set "Gag_gaspingForAir5perIdle_SoundVoice_Char_SoundSet".
SCRIPT       : AnimSoundObjectBuilderBank: Invalid sound set "gaspingForAir10perIdle_SoundVoice_Char_SoundSet".
SCRIPT       : AnimSoundObjectBuilderBank: Invalid sound set "greathelmet_gaspingForAir10perIdle_SoundVoice_Char_SoundSet".
SCRIPT       : AnimSoundObjectBuilderBank: Invalid sound set "Gasmask_gaspingForAir10perIdle_SoundVoice_Char_SoundSet".
SCRIPT       : AnimSoundObjectBuilderBank: Invalid sound set "Motohelmet_gaspingForAir10perIdle_SoundVoice_Char_SoundSet".
SCRIPT       : AnimSoundObjectBuilderBank: Invalid sound set "Gag_gaspingForAir10perIdle_SoundVoice_Char_SoundSet".
SCRIPT       : AnimSoundObjectBuilderBank: Invalid sound set "generalgrunt_SoundVoice_Char_SoundSet".
SCRIPT       : AnimSoundObjectBuilderBank: Invalid sound set "greathelmet_generalgrunt_SoundVoice_Char_SoundSet".
SCRIPT       : AnimSoundObjectBuilderBank: Invalid sound set "Gasmask_generalgrunt_SoundVoice_Char_SoundSet".
SCRIPT       : AnimSoundObjectBuilderBank: Invalid sound set "Motohelmet_generalgrunt_SoundVoice_Char_SoundSet".
SCRIPT       : AnimSoundObjectBuilderBank: Invalid sound set "Gag_generalgrunt_SoundVoice_Char_SoundSet".
SCRIPT       : 16:55:06.480 [EXPANSION DEBUG]: ExpansionTraderDenis<3e4d8010>::SetTraderObject ExpansionTraderObjectBase<6f6bd680> <6297.701172, 20.696091, 9523.166016>
SCRIPT       : 16:55:06.480 [EXPANSION DEBUG]: LoadMissionTradersFile trader ExpansionTraderDenis<3e4d8010> fileName Aircraft
SCRIPT       : 16:55:06.523 [EXPANSION DEBUG]: ExpansionTraderGabi<15db6020>::SetTraderObject ExpansionTraderObjectBase<81e007c0> <1917.871460, 2.413756, 6037.526367>
SCRIPT       : 16:55:06.523 [EXPANSION DEBUG]: LoadMissionTradersFile trader ExpansionTraderGabi<15db6020> fileName Weapons
SCRIPT       : 16:55:06.570 [EXPANSION DEBUG]: ExpansionTraderGuo<a7f40ee0>::SetTraderObject ExpansionTraderObjectBase<6fc8dcb0> <8599.360352, 14.725300, 10492.200195>
SCRIPT       : 16:55:06.570 [EXPANSION DEBUG]: LoadMissionTradersFile trader ExpansionTraderGuo<a7f40ee0> fileName Vehicle_Parts
SCRIPT       : 16:55:06.605 [EXPANSION DEBUG]: ExpansionTraderHassan<6fe35dc0>::SetTraderObject ExpansionTraderObjectBase<6feef260> <8596.509766, 14.747800, 10488.000000>
SCRIPT       : 16:55:06.605 [EXPANSION DEBUG]: LoadMissionTradersFile trader ExpansionTraderHassan<6fe35dc0> fileName Vehicles
SCRIPT       : 16:55:06.652 [EXPANSION DEBUG]: ExpansionTraderIndar<fddbc010>::SetTraderObject ExpansionTraderObjectBase<757aa4a0> <8570.200195, 14.804744, 10531.799805>
SCRIPT       : 16:55:06.652 [EXPANSION DEBUG]: LoadMissionTradersFile trader ExpansionTraderIndar<fddbc010> fileName Medicals
SCRIPT       : 16:55:06.683 [EXPANSION DEBUG]: ExpansionTraderKaito<75988020>::SetTraderObject ExpansionTraderObjectBase<759640d0> <8566.829102, 15.935067, 10515.494141>
SCRIPT       : 16:55:06.683 [EXPANSION DEBUG]: LoadMissionTradersFile trader ExpansionTraderKaito<75988020> fileName Exchange
SCRIPT       : 16:55:06.722 [EXPANSION DEBUG]: ExpansionTraderLewis<75b43020>::SetTraderObject ExpansionTraderObjectBase<6ff0e3a0> <8564.556641, 15.914123, 10516.875000>
SCRIPT       : 16:55:06.722 [EXPANSION DEBUG]: LoadMissionTradersFile trader ExpansionTraderLewis<75b43020> fileName BuildingSupplies
SCRIPT       : 16:55:06.757 [EXPANSION DEBUG]: ExpansionTraderNaomi<75c84010>::SetTraderObject ExpansionTraderObjectBase<757aa2f0> <8554.720703, 15.931895, 10524.275391>
SCRIPT       : 16:55:06.761 [EXPANSION DEBUG]: LoadMissionTradersFile trader ExpansionTraderNaomi<75c84010> fileName Clothing
SCRIPT       : 16:55:06.792 [EXPANSION DEBUG]: ExpansionTraderHelga<75e3e010>::SetTraderObject ExpansionTraderObjectBase<75e67df0> <8560.446289, 15.920970, 10521.180664>
SCRIPT       : 16:55:06.792 [EXPANSION DEBUG]: LoadMissionTradersFile trader ExpansionTraderHelga<75e3e010> fileName Clothing_Accessories
SCRIPT       : 16:55:06.824 [EXPANSION DEBUG]: ExpansionTraderLinda<fddc1e50>::SetTraderObject ExpansionTraderObjectBase<760b75b0> <8571.715820, 14.824916, 10521.992188>
SCRIPT       : 16:55:06.824 [EXPANSION DEBUG]: LoadMissionTradersFile trader ExpansionTraderLinda<fddc1e50> fileName Consumables
SCRIPT       : 16:55:06.832 [EXPANSION DEBUG]: ExpansionTraderGabi<fddc5630>::SetTraderObject ExpansionTraderObjectBase<760bfd40> <8584.846680, 14.821787, 10534.984375>
SCRIPT       : 16:55:06.832 [EXPANSION DEBUG]: LoadMissionTradersFile trader ExpansionTraderGabi<fddc5630> fileName Weapons
SCRIPT       : 16:55:06.867 [EXPANSION DEBUG]: ExpansionTraderIrena<d8950c70>::SetTraderObject ExpansionTraderObjectBase<76218330> <8594.533203, 14.821795, 10529.988281>
SCRIPT       : 16:55:06.867 [EXPANSION DEBUG]: LoadMissionTradersFile trader ExpansionTraderIrena<d8950c70> fileName Attachments
SCRIPT       : 16:55:06.906 [EXPANSION DEBUG]: ExpansionTraderQuinn<76185660>::SetTraderObject ExpansionTraderObjectBase<76374db0> <8555.026367, 15.931314, 10514.249023>
SCRIPT       : 16:55:06.906 [EXPANSION DEBUG]: LoadMissionTradersFile trader ExpansionTraderQuinn<76185660> fileName Components
SCRIPT       : 16:55:06.949 [EXPANSION DEBUG]: ExpansionTraderJudy<764c6010>::SetTraderObject ExpansionTraderObjectBase<76580950> <8630.750000, 16.608299, 10510.500000>
SCRIPT       : 16:55:06.949 [EXPANSION DEBUG]: LoadMissionTradersFile trader ExpansionTraderJudy<764c6010> fileName Fishing
SCRIPT       : 16:55:06.984 [EXPANSION DEBUG]: ExpansionTraderPeter<2e84e610>::SetTraderObject ExpansionTraderObjectBase<772dd370> <8590.870117, 14.821789, 10534.200195>
SCRIPT       : 16:55:06.984 [EXPANSION DEBUG]: LoadMissionTradersFile trader ExpansionTraderPeter<2e84e610> fileName Special
SCRIPT       : 16:55:07.023 [EXPANSION DEBUG]: ExpansionTraderMaria<8dbe7f80>::SetTraderObject ExpansionTraderObjectBase<75e79190> <8559.040039, 16.014900, 10511.099609>
SCRIPT       : 16:55:07.023 [EXPANSION DEBUG]: LoadMissionTradersFile trader ExpansionTraderMaria<8dbe7f80> fileName Spraycans
SCRIPT       : 16:55:07.062 [EXPANSION DEBUG]: ExpansionTraderBoris<fe586a30>::SetTraderObject ExpansionTraderObjectBase<775b80e0> <8053.950195, 1.847600, 7595.729980>
SCRIPT       : 16:55:07.062 [EXPANSION DEBUG]: LoadMissionTradersFile trader ExpansionTraderBoris<fe586a30> fileName Boats
SCRIPT       : 16:55:07.097 [EXPANSION DEBUG]: ExpansionTraderCyril<fe58da50>::SetTraderObject ExpansionTraderObjectBase<6f997b90> <8050.020020, 2.791790, 7583.060059>
SCRIPT       : 16:55:07.097 [EXPANSION DEBUG]: LoadMissionTradersFile trader ExpansionTraderCyril<fe58da50> fileName Vehicle_Parts
SCRIPT       : ExpansionMarketItem marketItem = ExpansionMarketItem<5a98d660>
SCRIPT       : int worth =   10000
SCRIPT       : ExpansionMarketItem marketItem = ExpansionMarketItem<5a973590>
SCRIPT       : int worth =   100
SCRIPT       : ExpansionMarketItem marketItem = ExpansionMarketItem<5a973730>
SCRIPT       : int worth =   10
SCRIPT       : ExpansionMarketItem marketItem = ExpansionMarketItem<5a972f10>
SCRIPT       : int worth =   1
SCRIPT       : ExpansionMarketItem marketItem = ExpansionMarketItem<5a972fe0>
SCRIPT       : int worth =   1
SCRIPT       : ExpansionMarketItem marketItem = ExpansionMarketItem<5a971d30>
SCRIPT       : int worth =   2
SCRIPT       : ExpansionMarketItem marketItem = ExpansionMarketItem<5a971440>
SCRIPT       : int worth =   5
SCRIPT       : ExpansionMarketItem marketItem = ExpansionMarketItem<5a9730b0>
SCRIPT       : int worth =   10
SCRIPT       : ExpansionMarketItem marketItem = ExpansionMarketItem<5a973a70>
SCRIPT       : int worth =   20
SCRIPT       : ExpansionMarketItem marketItem = ExpansionMarketItem<5a973320>
SCRIPT       : int worth =   50
SCRIPT       : ExpansionMarketItem marketItem = ExpansionMarketItem<5a973e80>
SCRIPT       : int worth =   100
SCRIPT       : ExpansionZoneCircle<cc24dcd0> position=<8583.669922, 0.000000, 10515.000000> radius=400
SCRIPT       : Found 1 zones!
SCRIPT       : [VPPAT_IPIFY] cURL...returned: 74.215.121.9
SCRIPT    (E): ScriptSerializer reading not allowed!
Class:      'Expansion_ModStorageModule'
Function: 'Read'
Stack trace:
DayZExpansion/ModStorage/Scripts/4_World/dayzexpansion_modstorage\modstorage\expansion_modstoragemodule.c:118
DayZExpansion/ModStorage/Scripts/4_World/dayzexpansion_modstorage\modstorage\expansion_modstoragemodule.c:31
JM/CF/Scripts/4_World/communityframework\modstorage\cf_modstorageobject.c:46
JM/CF/Scripts/4_World/communityframework\entities\itembase.c:10
DayZExpansion/Core/Scripts/4_World/dayzexpansion_core\entities\itembase.c:82
DayZExpansion/Vehicles/Scripts/4_World/dayzexpansion_vehicles\entities\itembase.c:43
DayZExpansion/Vehicles/Scripts/4_World/dayzexpansion_vehicles\entities\itembase_towing.c:290
DayZExpansion/BaseBuilding/Scripts/4_World/dayzexpansion_basebuilding\entities\itembase.c:1009
SCRIPT       : m_LoginTimeMs: 16200
SCRIPT       : 16:55:34.433 [EXPANSION DEBUG]: ExpansionUAZCargoRoofless<91a79550>::OnEnterZone <8245.242188, 14.895164, 10726.614258>
SCRIPT       : 16:58:45.859 [EXPANSION DEBUG]: Clearing cached categories 92
SCRIPT       : 16:58:45.871 [EXPANSION DEBUG]: Clearing cached traders 18
SCRIPT       : [MissionServer] OnMissionFinish - Server
SCRIPT       : ~DayZGame()
SCRIPT       : 16:58:50 [EXPANSION DEBUG]: ~ExpansionMarketSettings
