---------------------------------------------
Log C:\Program Files (x86)\Steam\steamapps\common\DayZServer\config\script_2022-08-25_16-35-39.log started at 25.08. 16:35:40

SCRIPT       : Registered 398 temporary action enum(s), UAN==398
SCRIPT       : ... Backlit Effects Enabled
SCRIPT       : VPPNotificationManager()
SCRIPT       : [VPPAT] Internal VPPNotifications module loaded!
SCRIPT       : [DayZ Game]:: DayZGame(): Initializing V++ Admin Tools.
SCRIPT    (W): @"script_a/Scripts/4_World/entities\manbase\playerbase.c,529": Missing ';' at the end of line
SCRIPT    (W): @"script_a/Scripts/4_World/weapons\m240.c,38": Missing ';' at the end of line
SCRIPT    (W): @"script_a/Scripts/4_World/classes\recipes\pluginrecipesmanagerbase.c,14": Missing ';' at the end of line
SCRIPT    (W): @"script_a/Scripts/4_World/classes\recipes\pluginrecipesmanagerbase.c,15": Missing ';' at the end of line
SCRIPT    (W): @"script_a/Scripts/4_World/weapons\m249.c,38": Missing ';' at the end of line
SCRIPT    (W): @"script_a/Scripts/4_World/weapons\pkm.c,81": Missing ';' at the end of line
SCRIPT    (W): @"script_a/Scripts/4_World/weapons\pkm.c,129": Missing ';' at the end of line
SCRIPT    (W): @"script_a/Scripts/4_World/weapons\pkm.c,235": Missing ';' at the end of line
SCRIPT    (W): @"script_a/Scripts/4_World/weapons\pkm.c,275": Missing ';' at the end of line
SCRIPT    (W): @"MuchStuffPack/MSP_Scripts/4_World/codelock\actions\actioninteractlockonmsp.c,85": Unsafe down-casting, use 'ItemBase.Cast' for safe down-casting
SCRIPT    (W): @"MuchStuffPack/MSP_Scripts/4_World/codelock\actions\actioninteractlockonmsp.c,90": Unsafe down-casting, use 'ItemBase.Cast' for safe down-casting
SCRIPT    (W): @"script_a/Scripts/4_World/entities\manbase\playerbase.c,454": Unsafe down-casting, use 'FuckingFakeLight.Cast' for safe down-casting
SCRIPT    (W): @"script_a/Scripts/4_World/entities\itembase\weapon\weapon_base.c,11": Unsafe down-casting, use 'TF_Bipod_Base.Cast' for safe down-casting
SCRIPT    (W): @"VPPAdminTools/4_World/vppadmintools\plugins\pluginbase\admintools\admintools.c,60": No need to use 'Cast' for up-casting
SCRIPT    (W): @"VPPAdminTools/5_Mission/vppadmintools\gui\submenus\menuesptools\esptoolsmenu.c,286": Unsafe down-casting, use 'EntityAI.Cast' for safe down-casting
SCRIPT       : Vanilla++ AdminTools Plugins Registering..
SCRIPT       : Expansion version: 1.7.8
SCRIPT       : 16:35:54.906 [EXPANSION DEBUG]: [ExpansionDebugSettings] Load existing setting file:$profile:ExpansionMod\Settings\DebugSettings.json
SCRIPT       : 16:35:54.906 [EXPANSION DEBUG]: [ExpansionLogSettings] Load existing setting file:$profile:ExpansionMod\Settings\LogsSettings.json
SCRIPT       : 16:35:54.910 [EXPANSION DEBUG]: [ExpansionNotificationSettings] Load existing setting file:$profile:ExpansionMod\Settings\NotificationSettings.json
SCRIPT       : 16:35:54.910 [EXPANSION DEBUG]: [ExpansionMonitoringSettings] Load existing setting file:$profile:ExpansionMod\Settings\MonitoringSettings.json
SCRIPT       : 16:35:54.910 [EXPANSION DEBUG]: [ExpansionDamageSystemSettings] Load existing setting file:$profile:ExpansionMod\Settings\DamageSystemSettings.json
SCRIPT       : 16:35:54.910 [EXPANSION DEBUG]: [ExpansionHardlineSettings] Load existing setting file:$mission:expansion\settings\HardlineSettings.json
SCRIPT       : 16:35:54.921 [EXPANSION DEBUG]: [ExpansionMapSettings] Load existing setting file:$mission:expansion\settings\MarketSettings.json
SCRIPT       : 16:35:54.925 [EXPANSION DEBUG]: ~ExpansionMarketSettings
SCRIPT       : ExpansionMarketSettings::LoadCategories - Adding category ID 1 (Ammo)
SCRIPT       : ExpansionMarketSettings::LoadCategories - Adding category ID 2 (Ammo_Boxes)
SCRIPT       : ExpansionMarketSettings::LoadCategories - Adding category ID 3 (Armbands)
SCRIPT    (E): 
Item gcgn_hk416 has already been added to category ID 4
Class:      'ExpansionMarketCategory'
Function: 'Error'
Stack trace:
scripts/1_Core/proto\endebug.c:92
DayZExpansion/Market/Scripts/3_Game/dayzexpansion_market\settings\expansionmarketcategory.c:214
DayZExpansion/Market/Scripts/3_Game/dayzexpansion_market\settings\expansionmarketcategory.c:113
DayZExpansion/Market/Scripts/3_Game/dayzexpansion_market\settings\expansionmarketsettings.c:187
DayZExpansion/Market/Scripts/3_Game/dayzexpansion_market\settings\expansionmarketsettings.c:1096
DayZExpansion/Core/Scripts/3_Game/dayzexpansion_core\settings\expansionsettingbase.c:45
DayZExpansion/Core/Scripts/3_Game/dayzexpansion_core\settings\expansionsettings.c:55
DayZExpansion/Core/Scripts/3_Game/dayzexpansion_core\settings\expansionsettings.c:35
DayZExpansion/Core/Scripts/3_Game/dayzexpansion_core\settings\expansionsettings.c:260
DayZExpansion/Core/Scripts/5_Mission/dayzexpansion_core\dayzexpansion.c:37
DayZExpansion/Core/Scripts/5_Mission/dayzexpansion_core\dayzexpansion.c:120
DayZExpansion/Core/Scripts/5_Mission/dayzexpansion_core\mission\missionbase.c:5
$CurrentDir:mpmissions\regular.namalsk\init.c:124
SCRIPT       : ExpansionMarketSettings::LoadCategories - Adding category ID 4 (Assault_Rifles)
SCRIPT       : ExpansionMarketSettings::LoadCategories - Adding category ID 5 (Backpacks)
SCRIPT       : ExpansionMarketSettings::LoadCategories - Adding category ID 6 (Bandanas)
SCRIPT       : ExpansionMarketSettings::LoadCategories - Adding category ID 7 (BASE BUILDING PLUS)
SCRIPT       : ExpansionMarketSettings::LoadCategories - Adding category ID 8 (Batteries)
SCRIPT       : ExpansionMarketSettings::LoadCategories - Adding category ID 9 (Bayonets)
SCRIPT       : ExpansionMarketSettings::LoadCategories - Adding category ID 10 (Belts)
SCRIPT       : ExpansionMarketSettings::LoadCategories - Adding category ID 11 (Blouses_And_Suits)
SCRIPT       : ExpansionMarketSettings::LoadCategories - Adding category ID 12 (Boats)
SCRIPT       : ExpansionMarketSettings::LoadCategories - Adding category ID 13 (Boots_And_Shoes)
SCRIPT       : ExpansionMarketSettings::LoadCategories - Adding category ID 14 (Buttstocks)
SCRIPT       : ExpansionMarketSettings::LoadCategories - Adding category ID 15 (Caps)
SCRIPT       : ExpansionMarketSettings::LoadCategories - Adding category ID 16 (Cars)
SCRIPT       : ExpansionMarketSettings::LoadCategories - Adding category ID 17 (Coats_And_Jackets)
SCRIPT       : ExpansionMarketSettings::LoadCategories - Adding category ID 18 (Containers)
SCRIPT       : ExpansionMarketSettings::LoadCategories - Adding category ID 19 (Crossbows)
SCRIPT       : ExpansionMarketSettings::LoadCategories - Adding category ID 20 (Drinks)
SCRIPT       : ExpansionMarketSettings::LoadCategories - Adding category ID 21 (Electronics)
SCRIPT       : ExpansionMarketSettings::LoadCategories - Adding category ID 22 (Event)
SCRIPT       : ExpansionMarketSettings::LoadCategories - Adding category ID 23 (Exchange)
SCRIPT       : ExpansionMarketSettings::LoadCategories - Adding category ID 24 (Explosives_And_Grenades)
SCRIPT       : ExpansionMarketSettings::LoadCategories - Adding category ID 25 (Eyewear)
SCRIPT       : ExpansionMarketSettings::LoadCategories - Adding category ID 26 (Fish)
SCRIPT       : ExpansionMarketSettings::LoadCategories - Adding category ID 27 (Fishing)
SCRIPT       : ExpansionMarketSettings::LoadCategories - Adding category ID 28 (Flags)
SCRIPT       : ExpansionMarketSettings::LoadCategories - Adding category ID 29 (Food)
SCRIPT       : ExpansionMarketSettings::LoadCategories - Adding category ID 30 (Fruit_And_Vegetables)
SCRIPT       : ExpansionMarketSettings::LoadCategories - Adding category ID 31 (Furnishings)
SCRIPT       : ExpansionMarketSettings::LoadCategories - Adding category ID 32 (Gardening)
SCRIPT       : ExpansionMarketSettings::LoadCategories - Adding category ID 33 (Ghillies)
SCRIPT       : ExpansionMarketSettings::LoadCategories - Adding category ID 34 (Gloves)
SCRIPT       : ExpansionMarketSettings::LoadCategories - Adding category ID 35 (Handguards)
SCRIPT       : ExpansionMarketSettings::LoadCategories - Adding category ID 36 (Hats_And_Hoods)
SCRIPT       : ExpansionMarketSettings::LoadCategories - Adding category ID 37 (Helicopters)
SCRIPT       : ExpansionMarketSettings::LoadCategories - Adding category ID 38 (Helmets)
SCRIPT       : ExpansionMarketSettings::LoadCategories - Adding category ID 39 (Holsters_And_Pouches)
SCRIPT       : ExpansionMarketSettings::LoadCategories - Adding category ID 40 (Kits)
SCRIPT       : ExpansionMarketSettings::LoadCategories - Adding category ID 41 (Knifes)
SCRIPT       : ExpansionMarketSettings::LoadCategories - Adding category ID 42 (Launchers)
SCRIPT       : ExpansionMarketSettings::LoadCategories - Adding category ID 43 (Lights)
SCRIPT       : ExpansionMarketSettings::LoadCategories - Adding category ID 44 (Liquids)
SCRIPT       : ExpansionMarketSettings::LoadCategories - Adding category ID 45 (LMG)
SCRIPT       : ExpansionMarketSettings::LoadCategories - Adding category ID 46 (Locks)
SCRIPT    (E): 
Item snafum24_mag has already been added to category ID 47
Class:      'ExpansionMarketCategory'
Function: 'Error'
Stack trace:
scripts/1_Core/proto\endebug.c:92
DayZExpansion/Market/Scripts/3_Game/dayzexpansion_market\settings\expansionmarketcategory.c:214
DayZExpansion/Market/Scripts/3_Game/dayzexpansion_market\settings\expansionmarketcategory.c:113
DayZExpansion/Market/Scripts/3_Game/dayzexpansion_market\settings\expansionmarketsettings.c:187
DayZExpansion/Market/Scripts/3_Game/dayzexpansion_market\settings\expansionmarketsettings.c:1096
DayZExpansion/Core/Scripts/3_Game/dayzexpansion_core\settings\expansionsettingbase.c:45
DayZExpansion/Core/Scripts/3_Game/dayzexpansion_core\settings\expansionsettings.c:55
DayZExpansion/Core/Scripts/3_Game/dayzexpansion_core\settings\expansionsettings.c:35
DayZExpansion/Core/Scripts/3_Game/dayzexpansion_core\settings\expansionsettings.c:260
DayZExpansion/Core/Scripts/5_Mission/dayzexpansion_core\dayzexpansion.c:37
DayZExpansion/Core/Scripts/5_Mission/dayzexpansion_core\dayzexpansion.c:120
DayZExpansion/Core/Scripts/5_Mission/dayzexpansion_core\mission\missionbase.c:5
$CurrentDir:mpmissions\regular.namalsk\init.c:124
SCRIPT       : ExpansionMarketSettings::LoadCategories - Adding category ID 47 (Magazines)
SCRIPT       : ExpansionMarketSettings::LoadCategories - Adding category ID 48 (Masks)
SCRIPT       : ExpansionMarketSettings::LoadCategories - Adding category ID 49 (Meat)
SCRIPT       : ExpansionMarketSettings::LoadCategories - Adding category ID 50 (Medical)
SCRIPT       : ExpansionMarketSettings::LoadCategories - Adding category ID 51 (Melee_Weapons)
SCRIPT       : ExpansionMarketSettings::LoadCategories - Adding category ID 52 (Mighty's Military Gear Patches)
SCRIPT       : ExpansionMarketSettings::LoadCategories - Adding category ID 53 (MIGHTY'S MILITARY GEAR)
SCRIPT       : ExpansionMarketSettings::LoadCategories - Adding category ID 54 (MuchStuffPack Clothing and Backpacks (1))
SCRIPT       : ExpansionMarketSettings::LoadCategories - Adding category ID 55 (MuchStuffPack Storage)
SCRIPT       : ExpansionMarketSettings::LoadCategories - Adding category ID 56 (Muzzles)
SCRIPT       : ExpansionMarketSettings::LoadCategories - Adding category ID 57 (Navigation)
SCRIPT       : ExpansionMarketSettings::LoadCategories - Adding category ID 58 (Optics)
SCRIPT       : ExpansionMarketSettings::LoadCategories - Adding category ID 59 (Pants_And_Shorts)
SCRIPT       : ExpansionMarketSettings::LoadCategories - Adding category ID 60 (Pistols)
SCRIPT    (E): 
Item snafu_m14 has already been added to category Assault_Rifles (ID 4)
Class:      'ExpansionMarketCategory'
Function: 'Error'
Stack trace:
scripts/1_Core/proto\endebug.c:92
DayZExpansion/Market/Scripts/3_Game/dayzexpansion_market\settings\expansionmarketcategory.c:214
DayZExpansion/Market/Scripts/3_Game/dayzexpansion_market\settings\expansionmarketcategory.c:113
DayZExpansion/Market/Scripts/3_Game/dayzexpansion_market\settings\expansionmarketsettings.c:187
DayZExpansion/Market/Scripts/3_Game/dayzexpansion_market\settings\expansionmarketsettings.c:1096
DayZExpansion/Core/Scripts/3_Game/dayzexpansion_core\settings\expansionsettingbase.c:45
DayZExpansion/Core/Scripts/3_Game/dayzexpansion_core\settings\expansionsettings.c:55
DayZExpansion/Core/Scripts/3_Game/dayzexpansion_core\settings\expansionsettings.c:35
DayZExpansion/Core/Scripts/3_Game/dayzexpansion_core\settings\expansionsettings.c:260
DayZExpansion/Core/Scripts/5_Mission/dayzexpansion_core\dayzexpansion.c:37
DayZExpansion/Core/Scripts/5_Mission/dayzexpansion_core\dayzexpansion.c:120
DayZExpansion/Core/Scripts/5_Mission/dayzexpansion_core\mission\missionbase.c:5
$CurrentDir:mpmissions\regular.namalsk\init.c:124
SCRIPT       : ExpansionMarketSettings::LoadCategories - Adding category ID 61 (Rifles)
SCRIPT       : ExpansionMarketSettings::LoadCategories - Adding category ID 62 (Shirts_And_TShirts)
SCRIPT       : ExpansionMarketSettings::LoadCategories - Adding category ID 63 (Shotguns)
SCRIPT       : ExpansionMarketSettings::LoadCategories - Adding category ID 64 (Skirts_And_Dresses)
SCRIPT    (E): 
Item gcgn_ammo_3006 has already been added to category Ammo (ID 1)
Class:      'ExpansionMarketCategory'
Function: 'Error'
Stack trace:
scripts/1_Core/proto\endebug.c:92
DayZExpansion/Market/Scripts/3_Game/dayzexpansion_market\settings\expansionmarketcategory.c:214
DayZExpansion/Market/Scripts/3_Game/dayzexpansion_market\settings\expansionmarketcategory.c:113
DayZExpansion/Market/Scripts/3_Game/dayzexpansion_market\settings\expansionmarketsettings.c:187
DayZExpansion/Market/Scripts/3_Game/dayzexpansion_market\settings\expansionmarketsettings.c:1096
DayZExpansion/Core/Scripts/3_Game/dayzexpansion_core\settings\expansionsettingbase.c:45
DayZExpansion/Core/Scripts/3_Game/dayzexpansion_core\settings\expansionsettings.c:55
DayZExpansion/Core/Scripts/3_Game/dayzexpansion_core\settings\expansionsettings.c:35
DayZExpansion/Core/Scripts/3_Game/dayzexpansion_core\settings\expansionsettings.c:260
DayZExpansion/Core/Scripts/5_Mission/dayzexpansion_core\dayzexpansion.c:37
DayZExpansion/Core/Scripts/5_Mission/dayzexpansion_core\dayzexpansion.c:120
DayZExpansion/Core/Scripts/5_Mission/dayzexpansion_core\mission\missionbase.c:5
$CurrentDir:mpmissions\regular.namalsk\init.c:124
SCRIPT       : ExpansionMarketSettings::LoadCategories - Adding category ID 65 (Snafu_Ammo)
SCRIPT       : ExpansionMarketSettings::LoadCategories - Adding category ID 66 (Snafu_Bipods)
SCRIPT    (E): 
Item snafu_sks_bayonet has already been added to category Bayonets (ID 9)
Class:      'ExpansionMarketCategory'
Function: 'Error'
Stack trace:
scripts/1_Core/proto\endebug.c:92
DayZExpansion/Market/Scripts/3_Game/dayzexpansion_market\settings\expansionmarketcategory.c:214
DayZExpansion/Market/Scripts/3_Game/dayzexpansion_market\settings\expansionmarketcategory.c:113
DayZExpansion/Market/Scripts/3_Game/dayzexpansion_market\settings\expansionmarketsettings.c:187
DayZExpansion/Market/Scripts/3_Game/dayzexpansion_market\settings\expansionmarketsettings.c:1096
DayZExpansion/Core/Scripts/3_Game/dayzexpansion_core\settings\expansionsettingbase.c:45
DayZExpansion/Core/Scripts/3_Game/dayzexpansion_core\settings\expansionsettings.c:55
DayZExpansion/Core/Scripts/3_Game/dayzexpansion_core\settings\expansionsettings.c:35
DayZExpansion/Core/Scripts/3_Game/dayzexpansion_core\settings\expansionsettings.c:260
DayZExpansion/Core/Scripts/5_Mission/dayzexpansion_core\dayzexpansion.c:37
DayZExpansion/Core/Scripts/5_Mission/dayzexpansion_core\dayzexpansion.c:120
DayZExpansion/Core/Scripts/5_Mission/dayzexpansion_core\mission\missionbase.c:5
$CurrentDir:mpmissions\regular.namalsk\init.c:124
SCRIPT       : ExpansionMarketSettings::LoadCategories - Adding category ID 67 (Snafu_Extras)
SCRIPT       : ExpansionMarketSettings::LoadCategories - Adding category ID 68 (Snafu_Grips)
SCRIPT    (E): 
Item snafu_gadar has already been added to category Handguards (ID 35)
Class:      'ExpansionMarketCategory'
Function: 'Error'
Stack trace:
scripts/1_Core/proto\endebug.c:92
DayZExpansion/Market/Scripts/3_Game/dayzexpansion_market\settings\expansionmarketcategory.c:214
DayZExpansion/Market/Scripts/3_Game/dayzexpansion_market\settings\expansionmarketcategory.c:113
DayZExpansion/Market/Scripts/3_Game/dayzexpansion_market\settings\expansionmarketsettings.c:187
DayZExpansion/Market/Scripts/3_Game/dayzexpansion_market\settings\expansionmarketsettings.c:1096
DayZExpansion/Core/Scripts/3_Game/dayzexpansion_core\settings\expansionsettingbase.c:45
DayZExpansion/Core/Scripts/3_Game/dayzexpansion_core\settings\expansionsettings.c:55
DayZExpansion/Core/Scripts/3_Game/dayzexpansion_core\settings\expansionsettings.c:35
DayZExpansion/Core/Scripts/3_Game/dayzexpansion_core\settings\expansionsettings.c:260
DayZExpansion/Core/Scripts/5_Mission/dayzexpansion_core\dayzexpansion.c:37
DayZExpansion/Core/Scripts/5_Mission/dayzexpansion_core\dayzexpansion.c:120
DayZExpansion/Core/Scripts/5_Mission/dayzexpansion_core\mission\missionbase.c:5
$CurrentDir:mpmissions\regular.namalsk\init.c:124
SCRIPT       : ExpansionMarketSettings::LoadCategories - Adding category ID 69 (Snafu_Handguards)
SCRIPT    (E): 
Item gcgn_m110_mag has already been added to category Magazines (ID 47)
Class:      'ExpansionMarketCategory'
Function: 'Error'
Stack trace:
scripts/1_Core/proto\endebug.c:92
DayZExpansion/Market/Scripts/3_Game/dayzexpansion_market\settings\expansionmarketcategory.c:214
DayZExpansion/Market/Scripts/3_Game/dayzexpansion_market\settings\expansionmarketcategory.c:113
DayZExpansion/Market/Scripts/3_Game/dayzexpansion_market\settings\expansionmarketsettings.c:187
DayZExpansion/Market/Scripts/3_Game/dayzexpansion_market\settings\expansionmarketsettings.c:1096
DayZExpansion/Core/Scripts/3_Game/dayzexpansion_core\settings\expansionsettingbase.c:45
DayZExpansion/Core/Scripts/3_Game/dayzexpansion_core\settings\expansionsettings.c:55
DayZExpansion/Core/Scripts/3_Game/dayzexpansion_core\settings\expansionsettings.c:35
DayZExpansion/Core/Scripts/3_Game/dayzexpansion_core\settings\expansionsettings.c:260
DayZExpansion/Core/Scripts/5_Mission/dayzexpansion_core\dayzexpansion.c:37
DayZExpansion/Core/Scripts/5_Mission/dayzexpansion_core\dayzexpansion.c:120
DayZExpansion/Core/Scripts/5_Mission/dayzexpansion_core\mission\missionbase.c:5
$CurrentDir:mpmissions\regular.namalsk\init.c:124
SCRIPT       : ExpansionMarketSettings::LoadCategories - Adding category ID 70 (Snafu_Mags)
SCRIPT    (E): 
Item snafu_huntingoptic has already been added to category Optics (ID 58)
Class:      'ExpansionMarketCategory'
Function: 'Error'
Stack trace:
scripts/1_Core/proto\endebug.c:92
DayZExpansion/Market/Scripts/3_Game/dayzexpansion_market\settings\expansionmarketcategory.c:214
DayZExpansion/Market/Scripts/3_Game/dayzexpansion_market\settings\expansionmarketcategory.c:113
DayZExpansion/Market/Scripts/3_Game/dayzexpansion_market\settings\expansionmarketsettings.c:187
DayZExpansion/Market/Scripts/3_Game/dayzexpansion_market\settings\expansionmarketsettings.c:1096
DayZExpansion/Core/Scripts/3_Game/dayzexpansion_core\settings\expansionsettingbase.c:45
DayZExpansion/Core/Scripts/3_Game/dayzexpansion_core\settings\expansionsettings.c:55
DayZExpansion/Core/Scripts/3_Game/dayzexpansion_core\settings\expansionsettings.c:35
DayZExpansion/Core/Scripts/3_Game/dayzexpansion_core\settings\expansionsettings.c:260
DayZExpansion/Core/Scripts/5_Mission/dayzexpansion_core\dayzexpansion.c:37
DayZExpansion/Core/Scripts/5_Mission/dayzexpansion_core\dayzexpansion.c:120
DayZExpansion/Core/Scripts/5_Mission/dayzexpansion_core\mission\missionbase.c:5
$CurrentDir:mpmissions\regular.namalsk\init.c:124
SCRIPT       : ExpansionMarketSettings::LoadCategories - Adding category ID 71 (Snafu_Scopes)
SCRIPT    (E): 
Item sa58_stock has already been added to category Buttstocks (ID 14)
Class:      'ExpansionMarketCategory'
Function: 'Error'
Stack trace:
scripts/1_Core/proto\endebug.c:92
DayZExpansion/Market/Scripts/3_Game/dayzexpansion_market\settings\expansionmarketcategory.c:214
DayZExpansion/Market/Scripts/3_Game/dayzexpansion_market\settings\expansionmarketcategory.c:113
DayZExpansion/Market/Scripts/3_Game/dayzexpansion_market\settings\expansionmarketsettings.c:187
DayZExpansion/Market/Scripts/3_Game/dayzexpansion_market\settings\expansionmarketsettings.c:1096
DayZExpansion/Core/Scripts/3_Game/dayzexpansion_core\settings\expansionsettingbase.c:45
DayZExpansion/Core/Scripts/3_Game/dayzexpansion_core\settings\expansionsettings.c:55
DayZExpansion/Core/Scripts/3_Game/dayzexpansion_core\settings\expansionsettings.c:35
DayZExpansion/Core/Scripts/3_Game/dayzexpansion_core\settings\expansionsettings.c:260
DayZExpansion/Core/Scripts/5_Mission/dayzexpansion_core\dayzexpansion.c:37
DayZExpansion/Core/Scripts/5_Mission/dayzexpansion_core\dayzexpansion.c:120
DayZExpansion/Core/Scripts/5_Mission/dayzexpansion_core\mission\missionbase.c:5
$CurrentDir:mpmissions\regular.namalsk\init.c:124
SCRIPT       : ExpansionMarketSettings::LoadCategories - Adding category ID 72 (Snafu_Stocks)
SCRIPT    (E): 
Item snafu_lstandardized_suppressor_black has already been added to category ID 73
Class:      'ExpansionMarketCategory'
Function: 'Error'
Stack trace:
scripts/1_Core/proto\endebug.c:92
DayZExpansion/Market/Scripts/3_Game/dayzexpansion_market\settings\expansionmarketcategory.c:214
DayZExpansion/Market/Scripts/3_Game/dayzexpansion_market\settings\expansionmarketcategory.c:113
DayZExpansion/Market/Scripts/3_Game/dayzexpansion_market\settings\expansionmarketsettings.c:187
DayZExpansion/Market/Scripts/3_Game/dayzexpansion_market\settings\expansionmarketsettings.c:1096
DayZExpansion/Core/Scripts/3_Game/dayzexpansion_core\settings\expansionsettingbase.c:45
DayZExpansion/Core/Scripts/3_Game/dayzexpansion_core\settings\expansionsettings.c:55
DayZExpansion/Core/Scripts/3_Game/dayzexpansion_core\settings\expansionsettings.c:35
DayZExpansion/Core/Scripts/3_Game/dayzexpansion_core\settings\expansionsettings.c:260
DayZExpansion/Core/Scripts/5_Mission/dayzexpansion_core\dayzexpansion.c:37
DayZExpansion/Core/Scripts/5_Mission/dayzexpansion_core\dayzexpansion.c:120
DayZExpansion/Core/Scripts/5_Mission/dayzexpansion_core\mission\missionbase.c:5
$CurrentDir:mpmissions\regular.namalsk\init.c:124
SCRIPT       : ExpansionMarketSettings::LoadCategories - Adding category ID 73 (Snafu_Suppressors)
SCRIPT    (E): 
Item snafu_m14 has already been added to category Assault_Rifles (ID 4)
Class:      'ExpansionMarketCategory'
Function: 'Error'
Stack trace:
scripts/1_Core/proto\endebug.c:92
DayZExpansion/Market/Scripts/3_Game/dayzexpansion_market\settings\expansionmarketcategory.c:214
DayZExpansion/Market/Scripts/3_Game/dayzexpansion_market\settings\expansionmarketcategory.c:113
DayZExpansion/Market/Scripts/3_Game/dayzexpansion_market\settings\expansionmarketsettings.c:187
DayZExpansion/Market/Scripts/3_Game/dayzexpansion_market\settings\expansionmarketsettings.c:1096
DayZExpansion/Core/Scripts/3_Game/dayzexpansion_core\settings\expansionsettingbase.c:45
DayZExpansion/Core/Scripts/3_Game/dayzexpansion_core\settings\expansionsettings.c:55
DayZExpansion/Core/Scripts/3_Game/dayzexpansion_core\settings\expansionsettings.c:35
DayZExpansion/Core/Scripts/3_Game/dayzexpansion_core\settings\expansionsettings.c:260
DayZExpansion/Core/Scripts/5_Mission/dayzexpansion_core\dayzexpansion.c:37
DayZExpansion/Core/Scripts/5_Mission/dayzexpansion_core\dayzexpansion.c:120
DayZExpansion/Core/Scripts/5_Mission/dayzexpansion_core\mission\missionbase.c:5
$CurrentDir:mpmissions\regular.namalsk\init.c:124
SCRIPT       : ExpansionMarketSettings::LoadCategories - Adding category ID 74 (Snafu_Weapons)
SCRIPT    (E): 
Item snafu_awm_gun has already been added to category ID 75
Class:      'ExpansionMarketCategory'
Function: 'Error'
Stack trace:
scripts/1_Core/proto\endebug.c:92
DayZExpansion/Market/Scripts/3_Game/dayzexpansion_market\settings\expansionmarketcategory.c:214
DayZExpansion/Market/Scripts/3_Game/dayzexpansion_market\settings\expansionmarketcategory.c:113
DayZExpansion/Market/Scripts/3_Game/dayzexpansion_market\settings\expansionmarketsettings.c:187
DayZExpansion/Market/Scripts/3_Game/dayzexpansion_market\settings\expansionmarketsettings.c:1096
DayZExpansion/Core/Scripts/3_Game/dayzexpansion_core\settings\expansionsettingbase.c:45
DayZExpansion/Core/Scripts/3_Game/dayzexpansion_core\settings\expansionsettings.c:55
DayZExpansion/Core/Scripts/3_Game/dayzexpansion_core\settings\expansionsettings.c:35
DayZExpansion/Core/Scripts/3_Game/dayzexpansion_core\settings\expansionsettings.c:260
DayZExpansion/Core/Scripts/5_Mission/dayzexpansion_core\dayzexpansion.c:37
DayZExpansion/Core/Scripts/5_Mission/dayzexpansion_core\dayzexpansion.c:120
DayZExpansion/Core/Scripts/5_Mission/dayzexpansion_core\mission\missionbase.c:5
$CurrentDir:mpmissions\regular.namalsk\init.c:124
SCRIPT       : ExpansionMarketSettings::LoadCategories - Adding category ID 75 (Sniper_Rifles)
SCRIPT       : ExpansionMarketSettings::LoadCategories - Adding category ID 76 (Spraycans)
SCRIPT       : ExpansionMarketSettings::LoadCategories - Adding category ID 77 (Submachine_Guns)
SCRIPT       : ExpansionMarketSettings::LoadCategories - Adding category ID 78 (Supplies)
SCRIPT    (E): 
Item gcgn_m1garand_supp has already been added to category Snafu_Suppressors (ID 73)
Class:      'ExpansionMarketCategory'
Function: 'Error'
Stack trace:
scripts/1_Core/proto\endebug.c:92
DayZExpansion/Market/Scripts/3_Game/dayzexpansion_market\settings\expansionmarketcategory.c:214
DayZExpansion/Market/Scripts/3_Game/dayzexpansion_market\settings\expansionmarketcategory.c:113
DayZExpansion/Market/Scripts/3_Game/dayzexpansion_market\settings\expansionmarketsettings.c:187
DayZExpansion/Market/Scripts/3_Game/dayzexpansion_market\settings\expansionmarketsettings.c:1096
DayZExpansion/Core/Scripts/3_Game/dayzexpansion_core\settings\expansionsettingbase.c:45
DayZExpansion/Core/Scripts/3_Game/dayzexpansion_core\settings\expansionsettings.c:55
DayZExpansion/Core/Scripts/3_Game/dayzexpansion_core\settings\expansionsettings.c:35
DayZExpansion/Core/Scripts/3_Game/dayzexpansion_core\settings\expansionsettings.c:260
DayZExpansion/Core/Scripts/5_Mission/dayzexpansion_core\dayzexpansion.c:37
DayZExpansion/Core/Scripts/5_Mission/dayzexpansion_core\dayzexpansion.c:120
DayZExpansion/Core/Scripts/5_Mission/dayzexpansion_core\mission\missionbase.c:5
$CurrentDir:mpmissions\regular.namalsk\init.c:124
SCRIPT       : ExpansionMarketSettings::LoadCategories - Adding category ID 79 (Supressors)
SCRIPT       : ExpansionMarketSettings::LoadCategories - Adding category ID 80 (Sweaters_And_Hoodies)
SCRIPT       : ExpansionMarketSettings::LoadCategories - Adding category ID 81 (Tactical Flava Attachments)
SCRIPT       : ExpansionMarketSettings::LoadCategories - Adding category ID 82 (Tactical Flava Backpack)
SCRIPT       : ExpansionMarketSettings::LoadCategories - Adding category ID 83 (Tactical Flava Helmets)
SCRIPT       : ExpansionMarketSettings::LoadCategories - Adding category ID 84 (Tactical Flava NVG)
SCRIPT    (E): 
Item tf_elcanspecterdroptic_fde has already been added to category Optics (ID 58)
Class:      'ExpansionMarketCategory'
Function: 'Error'
Stack trace:
scripts/1_Core/proto\endebug.c:92
DayZExpansion/Market/Scripts/3_Game/dayzexpansion_market\settings\expansionmarketcategory.c:214
DayZExpansion/Market/Scripts/3_Game/dayzexpansion_market\settings\expansionmarketcategory.c:113
DayZExpansion/Market/Scripts/3_Game/dayzexpansion_market\settings\expansionmarketsettings.c:187
DayZExpansion/Market/Scripts/3_Game/dayzexpansion_market\settings\expansionmarketsettings.c:1096
DayZExpansion/Core/Scripts/3_Game/dayzexpansion_core\settings\expansionsettingbase.c:45
DayZExpansion/Core/Scripts/3_Game/dayzexpansion_core\settings\expansionsettings.c:55
DayZExpansion/Core/Scripts/3_Game/dayzexpansion_core\settings\expansionsettings.c:35
DayZExpansion/Core/Scripts/3_Game/dayzexpansion_core\settings\expansionsettings.c:260
DayZExpansion/Core/Scripts/5_Mission/dayzexpansion_core\dayzexpansion.c:37
DayZExpansion/Core/Scripts/5_Mission/dayzexpansion_core\dayzexpansion.c:120
DayZExpansion/Core/Scripts/5_Mission/dayzexpansion_core\mission\missionbase.c:5
$CurrentDir:mpmissions\regular.namalsk\init.c:124
SCRIPT       : ExpansionMarketSettings::LoadCategories - Adding category ID 85 (Tactical Flava Optics)
SCRIPT       : ExpansionMarketSettings::LoadCategories - Adding category ID 86 (Tactical Flava Vest)
SCRIPT    (E): 
Item tf_an94 has already been added to category Assault_Rifles (ID 4)
Class:      'ExpansionMarketCategory'
Function: 'Error'
Stack trace:
scripts/1_Core/proto\endebug.c:92
DayZExpansion/Market/Scripts/3_Game/dayzexpansion_market\settings\expansionmarketcategory.c:214
DayZExpansion/Market/Scripts/3_Game/dayzexpansion_market\settings\expansionmarketcategory.c:113
DayZExpansion/Market/Scripts/3_Game/dayzexpansion_market\settings\expansionmarketsettings.c:187
DayZExpansion/Market/Scripts/3_Game/dayzexpansion_market\settings\expansionmarketsettings.c:1096
DayZExpansion/Core/Scripts/3_Game/dayzexpansion_core\settings\expansionsettingbase.c:45
DayZExpansion/Core/Scripts/3_Game/dayzexpansion_core\settings\expansionsettings.c:55
DayZExpansion/Core/Scripts/3_Game/dayzexpansion_core\settings\expansionsettings.c:35
DayZExpansion/Core/Scripts/3_Game/dayzexpansion_core\settings\expansionsettings.c:260
DayZExpansion/Core/Scripts/5_Mission/dayzexpansion_core\dayzexpansion.c:37
DayZExpansion/Core/Scripts/5_Mission/dayzexpansion_core\dayzexpansion.c:120
DayZExpansion/Core/Scripts/5_Mission/dayzexpansion_core\mission\missionbase.c:5
$CurrentDir:mpmissions\regular.namalsk\init.c:124
SCRIPT       : ExpansionMarketSettings::LoadCategories - Adding category ID 87 (Tactical Flava Weapons)
SCRIPT       : ExpansionMarketSettings::LoadCategories - Adding category ID 88 (Tents)
SCRIPT       : ExpansionMarketSettings::LoadCategories - Adding category ID 89 (Tools)
SCRIPT       : ExpansionMarketSettings::LoadCategories - Adding category ID 90 (Vehicle_Parts)
SCRIPT       : ExpansionMarketSettings::LoadCategories - Adding category ID 91 (Vests)
SCRIPT    (E): 
Item snafu_peq1_laser has already been added to category Snafu_Grips (ID 68)
Class:      'ExpansionMarketCategory'
Function: 'Error'
Stack trace:
scripts/1_Core/proto\endebug.c:92
DayZExpansion/Market/Scripts/3_Game/dayzexpansion_market\settings\expansionmarketcategory.c:214
DayZExpansion/Market/Scripts/3_Game/dayzexpansion_market\settings\expansionmarketcategory.c:113
DayZExpansion/Market/Scripts/3_Game/dayzexpansion_market\settings\expansionmarketsettings.c:187
DayZExpansion/Market/Scripts/3_Game/dayzexpansion_market\settings\expansionmarketsettings.c:1096
DayZExpansion/Core/Scripts/3_Game/dayzexpansion_core\settings\expansionsettingbase.c:45
DayZExpansion/Core/Scripts/3_Game/dayzexpansion_core\settings\expansionsettings.c:55
DayZExpansion/Core/Scripts/3_Game/dayzexpansion_core\settings\expansionsettings.c:35
DayZExpansion/Core/Scripts/3_Game/dayzexpansion_core\settings\expansionsettings.c:260
DayZExpansion/Core/Scripts/5_Mission/dayzexpansion_core\dayzexpansion.c:37
DayZExpansion/Core/Scripts/5_Mission/dayzexpansion_core\dayzexpansion.c:120
DayZExpansion/Core/Scripts/5_Mission/dayzexpansion_core\mission\missionbase.c:5
$CurrentDir:mpmissions\regular.namalsk\init.c:124
SCRIPT       : ExpansionMarketSettings::LoadCategories - Adding category ID 92 (Weaponlights)
SCRIPT       : 16:35:55.175 [EXPANSION DEBUG]: [ExpansionMarketTrader] Error: Category Tactical Flava Pouch does not exist!
SCRIPT       : 16:35:55.207 [EXPANSION DEBUG]: [ExpansionMarketTrader] Error: Category MuchStuffPack Clothing and Backpacks does not exist!
SCRIPT       : 16:35:55.207 [EXPANSION DEBUG]: [ExpansionMarketTrader] Error: Category Tactical Flava Helmet does not exist!
SCRIPT    (E): JSON ERROR $CurrentDir:mpmissions\regular.namalsk\init.c:124
SCRIPT    (E): 
JSON ERROR:
Invalid value.
Function: 'Error'
Stack trace:
scripts/1_Core/proto\endebug.c:92
scripts/3_Game/tools\jsonfileloader.c:29
DayZExpansion/Market/Scripts/3_Game/dayzexpansion_market\settings\expansionmarkettrader.c:85
DayZExpansion/Market/Scripts/3_Game/dayzexpansion_market\settings\expansionmarketsettings.c:255
DayZExpansion/Market/Scripts/3_Game/dayzexpansion_market\settings\expansionmarketsettings.c:1097
DayZExpansion/Core/Scripts/3_Game/dayzexpansion_core\settings\expansionsettingbase.c:45
DayZExpansion/Core/Scripts/3_Game/dayzexpansion_core\settings\expansionsettings.c:55
DayZExpansion/Core/Scripts/3_Game/dayzexpansion_core\settings\expansionsettings.c:35
DayZExpansion/Core/Scripts/3_Game/dayzexpansion_core\settings\expansionsettings.c:260
DayZExpansion/Core/Scripts/5_Mission/dayzexpansion_core\dayzexpansion.c:37
DayZExpansion/Core/Scripts/5_Mission/dayzexpansion_core\dayzexpansion.c:120
DayZExpansion/Core/Scripts/5_Mission/dayzexpansion_core\mission\missionbase.c:5
$CurrentDir:mpmissions\regular.namalsk\init.c:124
SCRIPT    (E): JSON ERROR $CurrentDir:mpmissions\regular.namalsk\init.c:124
SCRIPT    (E): 
JSON ERROR:
Invalid value.
Function: 'Error'
Stack trace:
scripts/1_Core/proto\endebug.c:92
scripts/3_Game/tools\jsonfileloader.c:29
DayZExpansion/Market/Scripts/3_Game/dayzexpansion_market\settings\expansionmarkettrader.c:132
DayZExpansion/Market/Scripts/3_Game/dayzexpansion_market\settings\expansionmarketsettings.c:255
DayZExpansion/Market/Scripts/3_Game/dayzexpansion_market\settings\expansionmarketsettings.c:1097
DayZExpansion/Core/Scripts/3_Game/dayzexpansion_core\settings\expansionsettingbase.c:45
DayZExpansion/Core/Scripts/3_Game/dayzexpansion_core\settings\expansionsettings.c:55
DayZExpansion/Core/Scripts/3_Game/dayzexpansion_core\settings\expansionsettings.c:35
DayZExpansion/Core/Scripts/3_Game/dayzexpansion_core\settings\expansionsettings.c:260
DayZExpansion/Core/Scripts/5_Mission/dayzexpansion_core\dayzexpansion.c:37
DayZExpansion/Core/Scripts/5_Mission/dayzexpansion_core\dayzexpansion.c:120
DayZExpansion/Core/Scripts/5_Mission/dayzexpansion_core\mission\missionbase.c:5
$CurrentDir:mpmissions\regular.namalsk\init.c:124
SCRIPT    (E): JSON ERROR $CurrentDir:mpmissions\regular.namalsk\init.c:124
SCRIPT    (E): 
JSON ERROR:
Invalid value.
Function: 'Error'
Stack trace:
scripts/1_Core/proto\endebug.c:92
scripts/3_Game/tools\jsonfileloader.c:29
DayZExpansion/Market/Scripts/3_Game/dayzexpansion_market\settings\expansionmarkettrader.c:85
DayZExpansion/Market/Scripts/3_Game/dayzexpansion_market\settings\expansionmarketsettings.c:255
DayZExpansion/Market/Scripts/3_Game/dayzexpansion_market\settings\expansionmarketsettings.c:1097
DayZExpansion/Core/Scripts/3_Game/dayzexpansion_core\settings\expansionsettingbase.c:45
DayZExpansion/Core/Scripts/3_Game/dayzexpansion_core\settings\expansionsettings.c:55
DayZExpansion/Core/Scripts/3_Game/dayzexpansion_core\settings\expansionsettings.c:35
DayZExpansion/Core/Scripts/3_Game/dayzexpansion_core\settings\expansionsettings.c:260
DayZExpansion/Core/Scripts/5_Mission/dayzexpansion_core\dayzexpansion.c:37
DayZExpansion/Core/Scripts/5_Mission/dayzexpansion_core\dayzexpansion.c:120
DayZExpansion/Core/Scripts/5_Mission/dayzexpansion_core\mission\missionbase.c:5
$CurrentDir:mpmissions\regular.namalsk\init.c:124
SCRIPT    (E): JSON ERROR $CurrentDir:mpmissions\regular.namalsk\init.c:124
SCRIPT    (E): 
JSON ERROR:
Invalid value.
Function: 'Error'
Stack trace:
scripts/1_Core/proto\endebug.c:92
scripts/3_Game/tools\jsonfileloader.c:29
DayZExpansion/Market/Scripts/3_Game/dayzexpansion_market\settings\expansionmarkettrader.c:132
DayZExpansion/Market/Scripts/3_Game/dayzexpansion_market\settings\expansionmarketsettings.c:255
DayZExpansion/Market/Scripts/3_Game/dayzexpansion_market\settings\expansionmarketsettings.c:1097
DayZExpansion/Core/Scripts/3_Game/dayzexpansion_core\settings\expansionsettingbase.c:45
DayZExpansion/Core/Scripts/3_Game/dayzexpansion_core\settings\expansionsettings.c:55
DayZExpansion/Core/Scripts/3_Game/dayzexpansion_core\settings\expansionsettings.c:35
DayZExpansion/Core/Scripts/3_Game/dayzexpansion_core\settings\expansionsettings.c:260
DayZExpansion/Core/Scripts/5_Mission/dayzexpansion_core\dayzexpansion.c:37
DayZExpansion/Core/Scripts/5_Mission/dayzexpansion_core\dayzexpansion.c:120
DayZExpansion/Core/Scripts/5_Mission/dayzexpansion_core\mission\missionbase.c:5
$CurrentDir:mpmissions\regular.namalsk\init.c:124
SCRIPT       : 16:35:55.238 [EXPANSION DEBUG]: [ExpansionMarketTrader] Error: Category Weapon_Lights does not exist!
SCRIPT       : 16:35:55.238 [EXPANSION DEBUG]: [ExpansionMarketTrader] Error: Category Snafu_Barrels does not exist!
SCRIPT       : 16:35:55.238 [EXPANSION DEBUG]: [ExpansionMarketTrader] Error: Category Suppressors does not exist!
SCRIPT       : 16:35:55.292 [EXPANSION DEBUG]: [ExpansionAirdropSettings] Load existing setting file:$profile:ExpansionMod\Settings\AirdropSettings.json
SCRIPT       : 16:35:55.335 [EXPANSION DEBUG]: [ExpansionMissionSettings] Load existing setting file:$profile:ExpansionMod\Settings\MissionSettings.json
SCRIPT       : 16:35:55.335 [EXPANSION DEBUG]: [ExpansionNameTagsSettings] Load existing setting file:$profile:ExpansionMod\Settings\NameTagsSettings.json
SCRIPT       : 16:35:55.335 [EXPANSION DEBUG]: [ExpansionMapSettings] Load existing setting file:$mission:expansion\settings\MapSettings.json
SCRIPT       : 16:35:55.339 [EXPANSION DEBUG]: [ExpansionGeneralSettings] Load existing setting file:$profile:ExpansionMod\Settings\GeneralSettings.json
SCRIPT       : 16:35:55.339 [EXPANSION DEBUG]: [ExpansionPlayerListSettings] Load existing setting file:$profile:ExpansionMod\Settings\PlayerListSettings.json
SCRIPT       : 16:35:55.339 [EXPANSION DEBUG]: [ExpansionSocialMediaSettings] Load existing setting file:$profile:ExpansionMod\Settings\SocialMediaSettings.json
SCRIPT       : 16:35:55.343 [EXPANSION DEBUG]: [ExpansionSpawnSettings] Load existing setting file:$mission:expansion\settings\SpawnSettings.json
SCRIPT       : 16:35:55.347 [EXPANSION DEBUG]: [ExpansionVehicleSettings] Load existing setting file:$profile:ExpansionMod\Settings\VehicleSettings.json
SCRIPT       : 16:35:55.347 [EXPANSION DEBUG]: [ExpansionBaseBuildingSettings] Load existing setting file:$mission:expansion\settings\BaseBuildingSettings.json
SCRIPT       : 16:35:55.351 [EXPANSION DEBUG]: [ExpansionRaidSettings] Load existing setting file:$profile:ExpansionMod\Settings\RaidSettings.json
SCRIPT       : 16:35:55.351 [EXPANSION DEBUG]: [ExpansionTerritorySettings] Load existing setting file:$profile:ExpansionMod\Settings\TerritorySettings.json
SCRIPT       : 16:35:55.359 [EXPANSION DEBUG]: [ExpansionChatSettings] Load existing setting file:$profile:ExpansionMod\Settings\ChatSettings.json
SCRIPT       : 16:35:55.359 [EXPANSION DEBUG]: [ExpansionPartySettings] Load existing setting file:$profile:ExpansionMod\Settings\PartySettings.json
SCRIPT       : [DefineTest] EXPANSIONMOD is defined
SCRIPT       : [DefineTest] EXPANSIONMODANIMATIONS is defined
SCRIPT       : [DefineTest] EXPANSIONMODBASEBUILDING is defined
SCRIPT       : [DefineTest] EXPANSIONMODBOOK is defined
SCRIPT       : [DefineTest] EXPANSIONMODCHAT is defined
SCRIPT       : [DefineTest] EXPANSIONMODCORE is defined
SCRIPT       : [DefineTest] EXPANSIONMODGROUPS is defined
SCRIPT       : [DefineTest] EXPANSIONMODMAPASSETS is defined
SCRIPT       : [DefineTest] EXPANSIONMODMARKET is defined
SCRIPT       : [DefineTest] EXPANSIONMODMISSIONS is defined
SCRIPT       : [DefineTest] EXPANSIONMODNAMETAGS is defined
SCRIPT       : [DefineTest] EXPANSIONMODNAVIGATION is defined
SCRIPT       : [DefineTest] EXPANSIONMODVEHICLE is defined
SCRIPT       : [DefineTest] EXPANSIONMODWEAPONS is defined
SCRIPT       : [DefineTest] CfgMods:
SCRIPT       : defaultAction
SCRIPT       : DayZ
SCRIPT       : DZ_Expansion_Animations_Preload
SCRIPT       : DZ_Expansion_BaseBuilding_Preload
SCRIPT       : DZ_Expansion_Book_Preload
SCRIPT       : DZ_Expansion_Chat_Preload
SCRIPT       : DZ_Expansion_Core_Preload
SCRIPT       : DZ_Expansion_Groups_Preload
SCRIPT       : DZ_Expansion_Hardline_Preload
SCRIPT       : DZ_Expansion_KillFeed_Preload
SCRIPT       : DZ_Expansion_MapAssets_Preload
SCRIPT       : DZ_Expansion_Market_Preload
SCRIPT       : DZ_Expansion_Missions_Preload
SCRIPT       : DZ_Expansion_ModStorage_Preload
SCRIPT       : DZ_Expansion_NameTags_Preload
SCRIPT       : DZ_Expansion_Navigation_Preload
SCRIPT       : DZ_Expansion_Preload
SCRIPT       : DZ_Expansion_Quests_Preload
SCRIPT       : DZ_Expansion_SpawnSelection_Preload
SCRIPT       : DZ_Expansion_Vehicles_Preload
SCRIPT       : DZ_Expansion_Weapons_Preload
SCRIPT       : armor_a
SCRIPT       : BBP_keybind
SCRIPT       : CJ187_Gold
SCRIPT       : CJ187_Money
SCRIPT       : CodeLock
SCRIPT       : DZ_DabsFramework
SCRIPT       : DZ_Expansion_DefineTest
SCRIPT       : DZ_Expansion_MapAssets
SCRIPT       : bliss
SCRIPT       : GCGN_Guns
SCRIPT       : grenades_a
SCRIPT       : Guns_CFG
SCRIPT       : JM_CommunityFramework
SCRIPT       : InventoryFixSolo
SCRIPT       : MSP_Clothing_Data
SCRIPT       : MSP_Retextures_Data
SCRIPT       : MuchStuffPack
SCRIPT       : MSP_Seasonal_Summer
SCRIPT       : MSP_Signs_Data
SCRIPT       : MSP_Sports_Data
SCRIPT       : MSP_Storage_fridges
SCRIPT       : MSP_Storage_boxes
SCRIPT       : MSP_Storage_chests
SCRIPT       : MSP_Storage_crates
SCRIPT       : MSP_Storage_lockers
SCRIPT       : MSP_Storage_otherstorage
SCRIPT       : MSP_Storage_racks
SCRIPT       : MSP_Storage_waterbarrels
SCRIPT       : MSP_Toys_Data
SCRIPT       : NamalskIsland
SCRIPT       : NamalskSurvival
SCRIPT       : optic_a
SCRIPT       : script_a
SCRIPT       : SNAFU_Guns
SCRIPT       : SNAFU_Guns_01
SCRIPT       : SNAFU_Guns_02CFG
SCRIPT       : SNAFU_Guns_03_CFG
SCRIPT       : SNAFU_Guns_05
SCRIPT       : SNAFU_Guns_06
SCRIPT       : SNAFU_Scopes
SCRIPT       : SNAFU_Scripts
SCRIPT       : SNAFU_WW2
SCRIPT       : AVPPAdminTools
SCRIPT       : weapon_a
SCRIPT       : weapon_b
SCRIPT       : DZ_Expansion_ModStorage
SCRIPT       : MSP_BaseBuilding
SCRIPT       : MSP_Buildings_Data
SCRIPT       : MSP_Deco
SCRIPT       : MSP_Garden_Data
SCRIPT       : MSP_Halloween
SCRIPT       : MSP_Weapons_Data
SCRIPT       : DZ_Expansion_Core
SCRIPT       : DZ_Expansion_Hardline
SCRIPT       : DZ_Expansion_Market
SCRIPT       : DZ_Expansion_Missions
SCRIPT       : DZ_Expansion_NameTags
SCRIPT       : DZ_Expansion_Navigation
SCRIPT       : DZ_Expansion_NotificationScheduler
SCRIPT       : DZ_Expansion_PlayerList
SCRIPT       : DZ_Expansion_Quests
SCRIPT       : DZ_Expansion
SCRIPT       : DZ_Expansion_SpawnSelection
SCRIPT       : DZ_Expansion_VanillaFixes
SCRIPT       : DZ_Expansion_Vehicles
SCRIPT       : DZ_Expansion_Weapons
SCRIPT       : jpc_vest
SCRIPT       : BaseBuildingPlus
SCRIPT       : clothing_a
SCRIPT       : DZ_Expansion_BaseBuilding
SCRIPT       : DZ_Expansion_Book
SCRIPT       : DZ_Expansion_Chat
SCRIPT       : DZ_Expansion_Groups
SCRIPT       : [BBP] 'BBP_Settings' found, loading...
SCRIPT       : [MSP_Codelock_Config] '$profile:\CodeLock\MSP_CodeLockConfig.json' found, loading existing config!
SCRIPT       : [MissionServer] OnInit - Server
SCRIPT       : 16:35:55.812 [EXPANSION DEBUG]: ModStorage v5
SCRIPT       : [Namalsk][NamEventManager]: Next selection will occur in 710 seconds
SCRIPT       : [Namalsk][NamEventManager]: NamEventManager is now running
SCRIPT       : [MissionServer] OnMissionStart - Server
SCRIPT       : string dirtyName = 'BeefyLocalDayZserver'
SCRIPT       : AnimSoundObjectBuilderBank: Invalid sound set "Gasmask_gaspingForAirEmpty_SoundVoice_Char_SoundSet".
SCRIPT       : AnimSoundObjectBuilderBank: Invalid sound set "gaspingForAir5perIdle_SoundVoice_Char_SoundSet".
SCRIPT       : AnimSoundObjectBuilderBank: Invalid sound set "greathelmet_gaspingForAir5perIdle_SoundVoice_Char_SoundSet".
SCRIPT       : AnimSoundObjectBuilderBank: Invalid sound set "Gasmask_gaspingForAir5perIdle_SoundVoice_Char_SoundSet".
SCRIPT       : AnimSoundObjectBuilderBank: Invalid sound set "Motohelmet_gaspingForAir5perIdle_SoundVoice_Char_SoundSet".
SCRIPT       : AnimSoundObjectBuilderBank: Invalid sound set "Gag_gaspingForAir5perIdle_SoundVoice_Char_SoundSet".
SCRIPT       : AnimSoundObjectBuilderBank: Invalid sound set "gaspingForAir10perIdle_SoundVoice_Char_SoundSet".
SCRIPT       : AnimSoundObjectBuilderBank: Invalid sound set "greathelmet_gaspingForAir10perIdle_SoundVoice_Char_SoundSet".
SCRIPT       : AnimSoundObjectBuilderBank: Invalid sound set "Gasmask_gaspingForAir10perIdle_SoundVoice_Char_SoundSet".
SCRIPT       : AnimSoundObjectBuilderBank: Invalid sound set "Motohelmet_gaspingForAir10perIdle_SoundVoice_Char_SoundSet".
SCRIPT       : AnimSoundObjectBuilderBank: Invalid sound set "Gag_gaspingForAir10perIdle_SoundVoice_Char_SoundSet".
SCRIPT       : AnimSoundObjectBuilderBank: Invalid sound set "generalgrunt_SoundVoice_Char_SoundSet".
SCRIPT       : AnimSoundObjectBuilderBank: Invalid sound set "greathelmet_generalgrunt_SoundVoice_Char_SoundSet".
SCRIPT       : AnimSoundObjectBuilderBank: Invalid sound set "Gasmask_generalgrunt_SoundVoice_Char_SoundSet".
SCRIPT       : AnimSoundObjectBuilderBank: Invalid sound set "Motohelmet_generalgrunt_SoundVoice_Char_SoundSet".
SCRIPT       : AnimSoundObjectBuilderBank: Invalid sound set "Gag_generalgrunt_SoundVoice_Char_SoundSet".
SCRIPT       : 16:35:58.984 [EXPANSION DEBUG]: ExpansionTraderDenis<8b6d010>::SetTraderObject ExpansionTraderObjectBase<dbc54bc0> <6297.701172, 20.696091, 9523.166016>
SCRIPT       : 16:35:58.984 [EXPANSION DEBUG]: LoadMissionTradersFile trader ExpansionTraderDenis<8b6d010> fileName Aircraft
SCRIPT       : 16:35:59.019 [EXPANSION DEBUG]: ExpansionTraderGabi<6c892030>::SetTraderObject ExpansionTraderObjectBase<f3fd6e40> <1917.871460, 2.413756, 6037.526367>
SCRIPT       : 16:35:59.019 [EXPANSION DEBUG]: LoadMissionTradersFile trader ExpansionTraderGabi<6c892030> fileName Weapons
SCRIPT       : 16:35:59.070 [EXPANSION DEBUG]: ExpansionTraderGuo<6c89ac10>::SetTraderObject ExpansionTraderObjectBase<f4260cf0> <8599.360352, 14.725300, 10492.200195>
SCRIPT       : 16:35:59.070 [EXPANSION DEBUG]: LoadMissionTradersFile trader ExpansionTraderGuo<6c89ac10> fileName Vehicle_Parts
SCRIPT       : 16:35:59.101 [EXPANSION DEBUG]: ExpansionTraderHassan<bdd29760>::SetTraderObject ExpansionTraderObjectBase<f44bbce0> <8596.509766, 14.747800, 10488.000000>
SCRIPT       : 16:35:59.101 [EXPANSION DEBUG]: LoadMissionTradersFile trader ExpansionTraderHassan<bdd29760> fileName Vehicles
SCRIPT       : 16:35:59.136 [EXPANSION DEBUG]: ExpansionTraderIndar<f462a020>::SetTraderObject ExpansionTraderObjectBase<f45edba0> <8570.200195, 14.804744, 10531.799805>
SCRIPT       : 16:35:59.136 [EXPANSION DEBUG]: LoadMissionTradersFile trader ExpansionTraderIndar<f462a020> fileName Medicals
SCRIPT       : 16:35:59.171 [EXPANSION DEBUG]: ExpansionTraderKaito<f478f010>::SetTraderObject ExpansionTraderObjectBase<f476ccd0> <8566.829102, 15.935067, 10515.494141>
SCRIPT       : 16:35:59.171 [EXPANSION DEBUG]: LoadMissionTradersFile trader ExpansionTraderKaito<f478f010> fileName Exchange
SCRIPT       : 16:35:59.210 [EXPANSION DEBUG]: ExpansionTraderLewis<f4927020>::SetTraderObject ExpansionTraderObjectBase<f48f63c0> <8564.556641, 15.914123, 10516.875000>
SCRIPT       : 16:35:59.210 [EXPANSION DEBUG]: LoadMissionTradersFile trader ExpansionTraderLewis<f4927020> fileName BuildingSupplies
SCRIPT       : 16:35:59.242 [EXPANSION DEBUG]: ExpansionTraderNaomi<76f07f10>::SetTraderObject ExpansionTraderObjectBase<f4a81800> <8554.720703, 15.931895, 10524.275391>
SCRIPT       : 16:35:59.242 [EXPANSION DEBUG]: LoadMissionTradersFile trader ExpansionTraderNaomi<76f07f10> fileName Clothing
SCRIPT       : 16:35:59.277 [EXPANSION DEBUG]: ExpansionTraderHelga<5f798300>::SetTraderObject ExpansionTraderObjectBase<f4762530> <8560.446289, 15.920970, 10521.180664>
SCRIPT       : 16:35:59.277 [EXPANSION DEBUG]: LoadMissionTradersFile trader ExpansionTraderHelga<5f798300> fileName Clothing_Accessories
SCRIPT       : 16:35:59.312 [EXPANSION DEBUG]: ExpansionTraderLinda<f4d20280>::SetTraderObject ExpansionTraderObjectBase<f6c25880> <8571.715820, 14.824916, 10521.992188>
SCRIPT       : 16:35:59.312 [EXPANSION DEBUG]: LoadMissionTradersFile trader ExpansionTraderLinda<f4d20280> fileName Consumables
SCRIPT       : 16:35:59.316 [EXPANSION DEBUG]: ExpansionTraderGabi<a7e01660>::SetTraderObject ExpansionTraderObjectBase<f6c2e9a0> <8584.846680, 14.821787, 10534.984375>
SCRIPT       : 16:35:59.316 [EXPANSION DEBUG]: LoadMissionTradersFile trader ExpansionTraderGabi<a7e01660> fileName Weapons
SCRIPT       : 16:35:59.347 [EXPANSION DEBUG]: ExpansionTraderIrena<f6dfe010>::SetTraderObject ExpansionTraderObjectBase<f6d8d150> <8594.533203, 14.821795, 10529.988281>
SCRIPT       : 16:35:59.347 [EXPANSION DEBUG]: LoadMissionTradersFile trader ExpansionTraderIrena<f6dfe010> fileName Attachments
SCRIPT       : 16:35:59.382 [EXPANSION DEBUG]: ExpansionTraderQuinn<84858180>::SetTraderObject ExpansionTraderObjectBase<f4aa98b0> <8555.026367, 15.931314, 10514.249023>
SCRIPT       : 16:35:59.386 [EXPANSION DEBUG]: LoadMissionTradersFile trader ExpansionTraderQuinn<84858180> fileName Components
SCRIPT       : 16:35:59.421 [EXPANSION DEBUG]: ExpansionTraderJudy<9c576f70>::SetTraderObject ExpansionTraderObjectBase<3059a840> <8630.750000, 16.608299, 10510.500000>
SCRIPT       : 16:35:59.421 [EXPANSION DEBUG]: LoadMissionTradersFile trader ExpansionTraderJudy<9c576f70> fileName Fishing
SCRIPT       : 16:35:59.453 [EXPANSION DEBUG]: ExpansionTraderPeter<c9cea550>::SetTraderObject ExpansionTraderObjectBase<f3faeac0> <8590.870117, 14.821789, 10534.200195>
SCRIPT       : 16:35:59.453 [EXPANSION DEBUG]: LoadMissionTradersFile trader ExpansionTraderPeter<c9cea550> fileName Special
SCRIPT       : 16:35:59.492 [EXPANSION DEBUG]: ExpansionTraderMaria<9c580780>::SetTraderObject ExpansionTraderObjectBase<f7518420> <8559.040039, 16.014900, 10511.099609>
SCRIPT       : 16:35:59.492 [EXPANSION DEBUG]: LoadMissionTradersFile trader ExpansionTraderMaria<9c580780> fileName Spraycans
SCRIPT       : 16:35:59.523 [EXPANSION DEBUG]: ExpansionTraderBoris<895538e0>::SetTraderObject ExpansionTraderObjectBase<f763aae0> <8053.950195, 1.847600, 7595.729980>
SCRIPT       : 16:35:59.523 [EXPANSION DEBUG]: LoadMissionTradersFile trader ExpansionTraderBoris<895538e0> fileName Boats
SCRIPT       : 16:35:59.566 [EXPANSION DEBUG]: ExpansionTraderCyril<89561920>::SetTraderObject ExpansionTraderObjectBase<f6d69270> <8050.020020, 2.791790, 7583.060059>
SCRIPT       : 16:35:59.566 [EXPANSION DEBUG]: LoadMissionTradersFile trader ExpansionTraderCyril<89561920> fileName Vehicle_Parts
SCRIPT       : ExpansionMarketItem marketItem = ExpansionMarketItem<dabe8ef0>
SCRIPT       : int worth =   10000
SCRIPT       : ExpansionMarketItem marketItem = ExpansionMarketItem<dabe8fc0>
SCRIPT       : int worth =   100
SCRIPT       : ExpansionMarketItem marketItem = ExpansionMarketItem<dabe8c80>
SCRIPT       : int worth =   10
SCRIPT       : ExpansionMarketItem marketItem = ExpansionMarketItem<dabeadd0>
SCRIPT       : int worth =   1
SCRIPT       : ExpansionMarketItem marketItem = ExpansionMarketItem<dabeb860>
SCRIPT       : int worth =   1
SCRIPT       : ExpansionMarketItem marketItem = ExpansionMarketItem<dabe94a0>
SCRIPT       : int worth =   2
SCRIPT       : ExpansionMarketItem marketItem = ExpansionMarketItem<dabeb6c0>
SCRIPT       : int worth =   5
SCRIPT       : ExpansionMarketItem marketItem = ExpansionMarketItem<dabeaf70>
SCRIPT       : int worth =   10
SCRIPT       : ExpansionMarketItem marketItem = ExpansionMarketItem<dabe8e20>
SCRIPT       : int worth =   20
SCRIPT       : ExpansionMarketItem marketItem = ExpansionMarketItem<dabe9090>
SCRIPT       : int worth =   50
SCRIPT       : ExpansionMarketItem marketItem = ExpansionMarketItem<dabebc70>
SCRIPT       : int worth =   100
SCRIPT       : ExpansionZoneCircle<7bae43b0> position=<8583.669922, 0.000000, 10515.000000> radius=400
SCRIPT       : Found 1 zones!
SCRIPT       : [VPPAT_IPIFY] cURL...returned: 74.215.121.9
SCRIPT       : m_LoginTimeMs: 16200
SCRIPT       : 16:36:22.605 [EXPANSION DEBUG]: ExpansionUAZCargoRoofless<f6fbd450>::OnEnterZone <8245.243164, 14.893093, 10726.614258>
SCRIPT       : [VPPAT] Player "BeefySTi" (steamId=76561198095923512) connected to server!
SCRIPT       : ---- PlayerBase OnStoreLoad SUCCESS ----
SCRIPT    (E): NULL pointer to instance
Class:      'ExpansionScriptedtQuestTemplate'
Function: 'CreateObjective'
Stack trace:
DayZExpansion/Quests/Scripts/4_World/dayzexpansion_quests\systems\quests\expansionquest.c:158
DayZExpansion/Quests/Scripts/4_World/dayzexpansion_quests\systems\quests\expansionquest.c:127
DayZExpansion/Quests/Scripts/4_World/dayzexpansion_quests\systems\quests\expansionquest.c:91
DayZExpansion/Quests/Scripts/4_World/dayzexpansion_quests\systems\quests\expansionquestmodule.c:3494
DayZExpansion/Quests/Scripts/4_World/dayzexpansion_quests\systems\quests\expansionquestmodule.c:1094
DayZExpansion/Quests/Scripts/4_World/dayzexpansion_quests\systems\quests\expansionquestmodule.c:492
JM/CF/Scripts/4_World/communityframework\module\cf_moduleworldevent.c:12
JM/CF/Scripts/4_World/communityframework\module\cf_moduleworldmanager.c:16
JM/CF/Scripts/5_Mission/communityframework\mission\missionserver.c:65
nst/ns_dayz/scripts/5_Mission/namalsksurvival\mission\missionserver.c:38
DayZExpansion/Core/Scripts/5_Mission/dayzexpansion_core\mission\missionserver.c:126
BaseBuildingPlus/scripts/5_Mission/mission\missionserver.c:26
scripts/5_Mission/mission\missionserver.c:293
JM/CF/Scripts/5_Mission/communityframework\mission\missionserver.c:10
VPPAdminTools/5_Mission/vppadmintools\missionserver.c:53
scripts/3_Game/dayzgame.c:1407
DabsFramework/scripts/3_Game/dabsframework\dayzgame.c:60
JM/CF/Scripts/3_Game/communityframework\game\dayzgame.c:97
SCRIPT       : [VPPAT] Player "BeefySTi" (steamId=76561198095923512) connected to server!
SCRIPT    (E): 
ExpansionScriptedtQuestTemplate<4ea8abf0>::OnQuestContinue - Quest objectives not created!
Class:      'ExpansionScriptedtQuestTemplate'
Function: 'Error'
Stack trace:
scripts/1_Core/proto\endebug.c:92
DayZExpansion/Quests/Scripts/4_World/dayzexpansion_quests\systems\quests\expansionquest.c:671
DayZExpansion/Quests/Scripts/4_World/dayzexpansion_quests\systems\quests\scriptedquests\expansionscriptedtquesttemplate.c:66
scripts/3_Game/dayzgame.c:2482
JM/CF/Scripts/3_Game/communityframework\game\dayzgame.c:23
VPPAdminTools/3_Game/vppadmintools\vanillaplusplus.c:62
DayZExpansion/Core/Scripts/3_Game/dayzexpansion_core\dayzgame.c:218
SCRIPT       : ExpansionActionOpenTraderMenu::OnStartServer - Start
SCRIPT       : 16:38:41.812 [EXPANSION DEBUG]: ExpansionMarketTraderZone::GetNetworkItemSerialization - WARNING: Attachment 'expansion_ammo_taser' does not exist!
SCRIPT       : 16:38:41.949 [EXPANSION DEBUG]: ExpansionMarketTraderZone::GetNetworkItemSerialization - WARNING: Attachment 'ammo_408chey' does not exist!
SCRIPT       : 16:38:41.949 [EXPANSION DEBUG]: ExpansionMarketTraderZone::GetNetworkItemSerialization - WARNING: Attachment 'ammo_408chey' does not exist!
SCRIPT       : 16:38:42.273 [EXPANSION DEBUG]: ExpansionMarketTraderZone::GetNetworkItemSerialization - WARNING: Attachment 'derringer_grey' does not exist!
SCRIPT       : 16:41:20.050 [EXPANSION DEBUG]: [ExpansionMissionEventAirdrop] Adjusted container weights:
SCRIPT       : 16:41:20.050 [EXPANSION DEBUG]: ExpansionAirdropContainer 146
SCRIPT       : 16:41:20.050 [EXPANSION DEBUG]: ExpansionAirdropContainer_Medical 151
SCRIPT       : 16:41:20.050 [EXPANSION DEBUG]: ExpansionAirdropContainer_Basebuilding 156
SCRIPT       : 16:41:20.050 [EXPANSION DEBUG]: ExpansionAirdropContainer_Military 161
SCRIPT       : 16:41:20.050 [EXPANSION DEBUG]: ExpansionAirdropPlane::GetSpawnPoint - map is namalsk - size 12800
SCRIPT       : 16:41:20.050 [EXPANSION DEBUG]: ExpansionAirdropPlane::GetSpawnPoint - selected spawn point <1491.451782, 450.315765, 0.000000>
SCRIPT       : [Logout]: New player 7CkZehxgJ5dv5KlEw4GEc06GoMEJ_nuGFDgIEx9kDOo= with logout time 0
SCRIPT       : Player "BeefySTi" (steamid=76561198095923512) disconnected from server.
SCRIPT       : [VPPAT] Updating VPP Sync List! removed: 76561198095923512
SCRIPT       : [Logout]: Player 7CkZehxgJ5dv5KlEw4GEc06GoMEJ_nuGFDgIEx9kDOo= finished
SCRIPT       : 16:43:34.226 [EXPANSION DEBUG]: Clearing cached categories 92
SCRIPT       : 16:43:34.242 [EXPANSION DEBUG]: Clearing cached traders 18
SCRIPT       : [MissionServer] OnMissionFinish - Server
SCRIPT       : ~DayZGame()
SCRIPT       : 16:43:38 [EXPANSION DEBUG]: ~ExpansionMarketSettings
