[COT 2022-8M-22 20:16:34] 76561198095923512: Entered the Free Camera
[COT 2022-8M-22 20:16:55] 76561198095923512: Set Broken Legs To true [guid=7CkZehxgJ5dv5KlEw4GEc06GoMEJ_nuGFDgIEx9kDOo=]
[COT 2022-8M-22 20:17:3s] 76561198095923512: Left the Free Camera
[COT 2022-8M-22 20:17:43] 76561198095923512: Set GodMode To true [guid=7CkZehxgJ5dv5KlEw4GEc06GoMEJ_nuGFDgIEx9kDOo=]
[COT 2022-8M-22 20:17:43] 76561198095923512: Set Broken Legs To false [guid=7CkZehxgJ5dv5KlEw4GEc06GoMEJ_nuGFDgIEx9kDOo=]
[COT 2022-8M-22 20:18:33] 76561198095923512: Spawned Entity Morphine Auto-Injector (Morphine<c7329150>, -1, 50) at <8585.475586, 14.719997, 10524.414063>
[COT 2022-8M-22 20:19:2s] 76561198095923512: Set GodMode To false [guid=7CkZehxgJ5dv5KlEw4GEc06GoMEJ_nuGFDgIEx9kDOo=]
[COT 2022-8M-22 20:19:4s] 76561198095923512: Set Broken Legs To false [guid=7CkZehxgJ5dv5KlEw4GEc06GoMEJ_nuGFDgIEx9kDOo=]
[COT 2022-8M-22 20:19:9s] 76561198095923512: Healed [guid=7CkZehxgJ5dv5KlEw4GEc06GoMEJ_nuGFDgIEx9kDOo=]
[COT 2022-8M-22 20:19:23] 76561198095923512: Set Broken Legs To false [guid=7CkZehxgJ5dv5KlEw4GEc06GoMEJ_nuGFDgIEx9kDOo=]
[COT 2022-8M-22 20:19:34] 76561198095923512: Set Broken Legs To false [guid=7CkZehxgJ5dv5KlEw4GEc06GoMEJ_nuGFDgIEx9kDOo=]
[COT 2022-8M-22 20:20:6s] 76561198095923512: Set Broken Legs To false [guid=7CkZehxgJ5dv5KlEw4GEc06GoMEJ_nuGFDgIEx9kDOo=]
[COT 2022-8M-22 20:20:7s] 76561198095923512: Healed [guid=7CkZehxgJ5dv5KlEw4GEc06GoMEJ_nuGFDgIEx9kDOo=]
[COT 2022-8M-22 20:20:21] 76561198095923512: Set Broken Legs To false [guid=7CkZehxgJ5dv5KlEw4GEc06GoMEJ_nuGFDgIEx9kDOo=]
[COT 2022-8M-22 20:20:57] 76561198095923512: Spawned Entity SN M9 (SN_M9<a22bace0>, -1, 150) on 76561198095923512
[COT 2022-8M-22 20:22:20] 76561198095923512: Spawned Entity 9x19mm Rounds (Ammo_9x19<827a5180>, 1, 100) on 76561198095923512
[COT 2022-8M-22 20:24:14] 76561198095923512: Entered the Free Camera
[COT 2022-8M-22 20:24:44] 76561198095923512: Teleported [guid=7CkZehxgJ5dv5KlEw4GEc06GoMEJ_nuGFDgIEx9kDOo=] to <8641.894531, 9.678398, 10919.648438>
[COT 2022-8M-22 20:24:50] 76561198095923512: Left the Free Camera
[COT 2022-8M-22 20:25:28] 76561198095923512: Spawned Entity IV Saline Bag (SalineBagIV<95ba91c0>, -1, 20) at <8639.310547, 7.813797, 10895.020508>
[COT 2022-8M-22 20:25:38] 76561198095923512: Spawned Entity Morphine Auto-Injector (Morphine<95b98c20>, -1, 50) at <8642.065430, 7.848204, 10890.727539>
[COT 2022-8M-22 20:25:58] 76561198095923512: Spawned Entity IV Saline Bag (SalineBagIV<95b97800>, -1, 20) at <8642.065430, 7.848204, 10890.727539>
[COT 2022-8M-22 20:26:1s] 76561198095923512: Spawned Entity Saline Bag (SalineBag<95b9c880>, -1, 20) at <8642.065430, 7.848204, 10890.727539>
[COT 2022-8M-22 20:26:12] 76561198095923512: Spawned Entity IV Start Kit (StartKitIV<95b9dca0>, -1, 20) at <8642.065430, 7.848204, 10890.727539>
[COT 2022-8M-22 20:26:32] 76561198095923512: Entered the Free Camera
[COT 2022-8M-22 20:26:42] 76561198095923512: Teleported [guid=7CkZehxgJ5dv5KlEw4GEc06GoMEJ_nuGFDgIEx9kDOo=] to <8642.599609, 11.747564, 10889.432617>
[COT 2022-8M-22 20:26:53] 76561198095923512: Left the Free Camera
