[COT 2022-8M-20 18:41:53] 76561198095923512: Teleported to position <5077.761230, 9.500000, 2414.080811>
[COT 2022-8M-20 18:42:15] 76561198095923512: Set GodMode To true [guid=7CkZehxgJ5dv5KlEw4GEc06GoMEJ_nuGFDgIEx9kDOo=]
[COT 2022-8M-20 18:44:46] 76561198095923512: Spawned Entity M4-A1 (M4A1_Base<85665900>, -1, 200) at <5069.364746, 9.512467, 2420.563232>
[COT 2022-8M-20 18:44:53] 76561198095923512: Spawned Entity Standardized Suppressor (M4_Suppressor<9df630e0>, -1, 4) at <5069.364746, 9.512467, 2420.563232>
[COT 2022-8M-20 18:45:3s] 76561198095923512: Spawned Entity M4-A1 Rail Handguard (M4_RISHndgrd<9df6c7d0>, -1, 250) at <5069.364746, 9.512467, 2420.563232>
[COT 2022-8M-20 18:45:7s] 76561198095923512: Spawned Entity M4-A1 MP Buttstock (M4_MPBttstck<9df6b3b0>, -1, 220) at <5069.364746, 9.512467, 2420.563232>
[COT 2022-8M-20 18:45:45] 76561198095923512: Spawned Entity 60rd Standardized Mag (Mag_STANAG_60Rnd<9df68160>, 1, 100) at <5069.364746, 9.512467, 2420.563232>
[COT 2022-8M-20 18:46:5s] 76561198095923512: Spawned Entity Combat Pants (TTSKOPants<9df6d1e0>, -1, 170) at <5069.364746, 9.512467, 2420.563232>
[COT 2022-8M-20 18:46:7s] 76561198095923512: Spawned Entity Combat Boots (TTSKOBoots<9df6dbf0>, -1, 170) at <5069.364746, 9.512467, 2420.563232>
[COT 2022-8M-20 18:46:9s] 76561198095923512: Spawned Entity Combat Jacket (TTsKOJacket_Camo<9df6fa20>, -1, 170) at <5069.364746, 9.512467, 2420.563232>
[COT 2022-8M-20 18:46:11] 76561198095923512: Spawned Entity Assault Backpack (AssaultBag_Ttsko<9df69580>, -1, 200) at <5069.364746, 9.512467, 2420.563232>
[COT 2022-8M-20 18:46:17] 76561198095923512: Spawned Entity Tactical Gloves (TacticalGloves_Green<9df67750>, -1, 165) at <5069.364746, 9.512467, 2420.563232>
[COT 2022-8M-20 18:46:25] 76561198095923512: Spawned Entity Ski Mask (BalaclavaMask_Green<9df754b0>, -1, 100) at <5069.364746, 9.512467, 2420.563232>
[COT 2022-8M-20 18:48:33] 76561198095923512: Teleported to position <1784.906250, 6.000000, 2137.643799>
[COT 2022-8M-20 18:51:59] 76561198095923512: Teleported to position <6743.893555, 309.017151, 8003.413574>
[COT 2022-8M-20 18:52:57] 76561198095923512: Set UnlimitedAmmo To true [guid=7CkZehxgJ5dv5KlEw4GEc06GoMEJ_nuGFDgIEx9kDOo=]
[COT 2022-8M-20 18:52:57] 76561198095923512: Set UnlimitedStamina To true [guid=7CkZehxgJ5dv5KlEw4GEc06GoMEJ_nuGFDgIEx9kDOo=]
[COT 2022-8M-20 18:57:19] 76561198095923512: Spawned Entity 60rd Standardized Mag (Mag_STANAG_60Rnd<cd487010>, 1, 100) at <5749.851074, 319.571533, 7816.542969>
[COT 2022-8M-20 18:57:19] 76561198095923512: Spawned Entity 60rd Standardized Mag (Mag_STANAG_60Rnd<cd481f90>, 1, 100) at <5749.851074, 319.571533, 7816.542969>
[COT 2022-8M-20 18:57:20] 76561198095923512: Spawned Entity 60rd Standardized Mag (Mag_STANAG_60Rnd<cd4851e0>, 1, 100) at <5749.851074, 319.571533, 7816.542969>
[COT 2022-8M-20 18:57:20] 76561198095923512: Spawned Entity 60rd Standardized Mag (Mag_STANAG_60Rnd<cd485bf0>, 1, 100) at <5749.851074, 319.571533, 7816.542969>
[COT 2022-8M-20 18:57:20] 76561198095923512: Spawned Entity 60rd Standardized Mag (Mag_STANAG_60Rnd<cd486600>, 1, 100) at <5749.851074, 319.571533, 7816.542969>
[COT 2022-8M-20 18:57:29] 76561198095923512: Spawned Entity Gun Cleaning Kit (WeaponCleaningKit<cd488430>, 100, 100) at <5749.851074, 319.571533, 7816.542969>
[COT 2022-8M-20 18:57:32] 76561198095923512: Spawned Entity Gun Cleaning Kit (WeaponCleaningKit<cd488e40>, 100, 100) at <5749.851074, 319.571533, 7816.542969>
[COT 2022-8M-20 18:58:51] 76561198095923512: Spawned Entity Standardized Suppressor (M4_Suppressor<cd48dec0>, -1, 4) at <5749.851074, 319.570465, 7816.542969>
[COT 2022-8M-20 18:58:52] 76561198095923512: Spawned Entity Standardized Suppressor (M4_Suppressor<cd48b680>, -1, 4) at <5749.851074, 319.570465, 7816.542969>
[COT 2022-8M-20 18:58:52] 76561198095923512: Spawned Entity Standardized Suppressor (M4_Suppressor<cd48f2e0>, -1, 4) at <5749.851074, 319.570465, 7816.542969>
[COT 2022-8M-20 18:58:52] 76561198095923512: Spawned Entity Standardized Suppressor (M4_Suppressor<cd48fcf0>, -1, 4) at <5749.851074, 319.570465, 7816.542969>
