[COT 2022-8M-22 0h:46:6s] 76561198095923512: Set GodMode To true [guid=7CkZehxgJ5dv5KlEw4GEc06GoMEJ_nuGFDgIEx9kDOo=]
[COT 2022-8M-22 0h:46:32] 76561198095923512: Spawned Entity Gold Bar (ExpansionGoldBar<e7fbe850>, 1, 100) on 76561198095923512
[COT 2022-8M-22 0h:48:55] 76561198095923512: Spawned Entity GCGN M82 Barret Black (GCGN_M82_Barret<49aa7570>, -1, 200) on 76561198095923512
[COT 2022-8M-22 0h:52:33] 76561198095923512: Spawned Entity Barret M95 Magazine (GCGN_M82_Mag<e9762520>, 1, 100) at <8590.643555, 14.732484, 10524.187500>
[COT 2022-8M-22 0h:53:26] 76561198095923512: Set UnlimitedAmmo To true [guid=7CkZehxgJ5dv5KlEw4GEc06GoMEJ_nuGFDgIEx9kDOo=]
[COT 2022-8M-22 0h:53:44] 76561198095923512: Entered the Free Camera
[COT 2022-8M-22 0h:54:34] 76561198095923512: Set rain to 0.742146 0 0
[COT 2022-8M-22 0h:54:34] 76561198095923512: Set storm to 0.550781 0.8 4000
[COT 2022-8M-22 0h:54:34] 76561198095923512: Set fog to 0 0 0
[COT 2022-8M-22 0h:54:34] 76561198095923512: Set overcast to 0.158662 0 0
[COT 2022-8M-22 0h:54:34] 76561198095923512: Set the date to 2011/11/1 9:8
[COT 2022-8M-22 0h:54:34] 76561198095923512: Set wind to 0.02 0.02 1
[COT 2022-8M-22 0h:54:38] 76561198095923512: Set rain to 0.03 0 0
[COT 2022-8M-22 0h:54:38] 76561198095923512: Set storm to 0.0009 0.8 4000
[COT 2022-8M-22 0h:54:38] 76561198095923512: Set fog to 0 0 0
[COT 2022-8M-22 0h:54:38] 76561198095923512: Set overcast to 0.158662 0 0
[COT 2022-8M-22 0h:54:38] 76561198095923512: Set the date to 2011/11/1 9:8
[COT 2022-8M-22 0h:54:38] 76561198095923512: Set wind to 0.02 0.02 1
[COT 2022-8M-22 0h:54:40] 76561198095923512: Set rain to 0.03 0 0
[COT 2022-8M-22 0h:54:40] 76561198095923512: Set storm to 0.0009 0.8 4000
[COT 2022-8M-22 0h:54:40] 76561198095923512: Set fog to 0 0 0
[COT 2022-8M-22 0h:54:40] 76561198095923512: Set overcast to 0.07 0 0
[COT 2022-8M-22 0h:54:40] 76561198095923512: Set the date to 2011/11/1 9:8
[COT 2022-8M-22 0h:54:40] 76561198095923512: Set wind to 0.02 0.02 1
[COT 2022-8M-22 0h:56:33] 76561198095923512: Teleported [guid=7CkZehxgJ5dv5KlEw4GEc06GoMEJ_nuGFDgIEx9kDOo=] to <4162.563965, 401.153595, 6640.033691>
[COT 2022-8M-22 0h:56:34] 76561198095923512: Teleported [guid=7CkZehxgJ5dv5KlEw4GEc06GoMEJ_nuGFDgIEx9kDOo=] to <4162.563965, 401.153595, 6640.033691>
[COT 2022-8M-22 0h:56:39] 76561198095923512: Left the Free Camera
