[COT 2022-8M-20 3h:48:30] 76561198095923512: ESP: Viewing ESP
[COT 2022-8M-20 3h:48:32] 76561198095923512: ESP: Clearing ESP
[COT 2022-8M-20 3h:48:33] 76561198095923512: ESP: Viewing ESP
[COT 2022-8M-20 3h:48:54] 76561198095923512: Set GodMode To true [guid=7CkZehxgJ5dv5KlEw4GEc06GoMEJ_nuGFDgIEx9kDOo=]
[COT 2022-8M-20 3h:49:9s] 76561198095923512: Spawned vehicle Ada 4x4 (OffroadHatchback) at <13502.438477, 4.147926, 6481.080078>
[COT 2022-8M-20 3h:50:13] 76561198095923512: ESP: Clearing ESP
[COT 2022-8M-20 3h:50:14] 76561198095923512: ESP: Viewing ESP
[COT 2022-8M-20 3h:50:16] 76561198095923512: ESP: Clearing ESP
[COT 2022-8M-20 3h:50:16] 76561198095923512: ESP: Viewing ESP
[COT 2022-8M-20 3h:50:20] 76561198095923512: ESP index=0 target=OffroadHatchback:026460 position=<13502.416992, 4.191936, 6481.063965> action=delete
[COT 2022-8M-20 3h:50:20] 76561198095923512: ESP action=delete_all count=1 attempted=1
[COT 2022-8M-20 3h:51:12] 76561198095923512: Teleported to position <4657.172363, 341.265656, 10051.656250>
[COT 2022-8M-20 3h:51:36] 76561198095923512: Spawned Entity LAR (FAL_Base<ebcb9010>, -1, 300) at <4657.172363, 341.276947, 10051.656250>
[COT 2022-8M-20 3h:51:39] 76561198095923512: Spawned Entity 20rd LAR Mag (Mag_FAL_20Rnd<b47b1850>, 1, 100) at <4657.172363, 341.276947, 10051.656250>
[COT 2022-8M-20 3h:51:42] 76561198095923512: Spawned Entity LAR Polymer Buttstock (Fal_OeBttstck<e26635b0>, -1, 250) at <4657.172363, 341.276947, 10051.656250>
[COT 2022-8M-20 3h:51:50] 76561198095923512: Spawned Entity ATOG 6x48 Scope (ACOGOptic_6x<b47b9730>, -1, 50) at <4657.172363, 341.276947, 10051.656250>
[COT 2022-8M-20 3h:52:56] 76561198095923512: Spawned Entity Bull (Animal_BosTaurus<b47a8750>, -1, 500) at <4664.473633, 339.000000, 10360.378906>
[COT 2022-8M-20 3h:53:17] 76561198095923512: Spawned Entity Wolf (Animal_CanisLupus<b47ba950>, -1, 200) at <4664.473633, 339.000031, 10360.378906>
[COT 2022-8M-20 3h:54:51] 76561198095923512: ESP: Clearing ESP
[COT 2022-8M-20 3h:54:52] 76561198095923512: ESP: Viewing ESP
[COT 2022-8M-20 3h:55:9s] 76561198095923512: ESP: Clearing ESP
[COT 2022-8M-20 3h:55:10] 76561198095923512: ESP: Viewing ESP
[COT 2022-8M-20 3h:56:41] 76561198095923512: Spawned Entity  (ExplosionTest<ebf623b0>, -1, 0) at <4786.101074, 340.487854, 10349.396484>
[COT 2022-8M-20 3h:56:42] 76561198095923512: Spawned Entity  (ExplosionTest<ebf5f350>, -1, 0) at <4786.063965, 340.427460, 10349.405273>
[COT 2022-8M-20 3h:56:45] 76561198095923512: Spawned Entity  (ExplosionTest<ebf5db20>, -1, 0) at <4785.924316, 340.231476, 10349.427734>
[COT 2022-8M-20 3h:56:46] 76561198095923512: Spawned Entity  (ExplosionTest<ebf5aac0>, -1, 0) at <4785.630859, 339.809418, 10349.478516>
[COT 2022-8M-20 3h:56:46] 76561198095923512: Spawned Entity  (ExplosionTest<ebf643f0>, -1, 0) at <4785.665527, 339.931427, 10349.499023>
[COT 2022-8M-20 3h:56:46] 76561198095923512: Spawned Entity  (ExplosionTest<ebf5fb60>, -1, 0) at <4785.633789, 339.826874, 10349.480469>
[COT 2022-8M-20 3h:56:46] 76561198095923512: Spawned Entity  (ExplosionTest<ebf63be0>, -1, 0) at <4785.623047, 339.805847, 10349.479492>
[COT 2022-8M-20 3h:56:46] 76561198095923512: Spawned Entity  (ExplosionTest<ebf64c00>, -1, 0) at <4785.611816, 339.787903, 10349.478516>
[COT 2022-8M-20 3h:56:47] 76561198095923512: Spawned Entity  (ExplosionTest<ebf65410>, -1, 0) at <4785.599121, 339.771759, 10349.479492>
[COT 2022-8M-20 3h:56:48] 76561198095923512: Spawned Entity  (ExplosionTest<ebf65c20>, -1, 0) at <4785.713867, 339.946594, 10349.473633>
[COT 2022-8M-20 3h:56:48] 76561198095923512: Spawned Entity  (ExplosionTest<ebf66430>, -1, 0) at <4785.579102, 339.734100, 10349.487305>
[COT 2022-8M-20 3h:56:48] 76561198095923512: Spawned Entity  (ExplosionTest<ebf66c40>, -1, 0) at <4785.556641, 339.701599, 10349.493164>
[COT 2022-8M-20 3h:56:48] 76561198095923512: Spawned Entity  (ExplosionTest<ebf6b4d0>, -1, 0) at <4785.557129, 339.704803, 10349.491211>
[COT 2022-8M-20 3h:56:49] 76561198095923512: Spawned Entity  (ExplosionTest<ebf6cd00>, -1, 0) at <4785.557617, 339.706329, 10349.490234>
[COT 2022-8M-20 3h:56:49] 76561198095923512: Spawned Entity  (ExplosionTest<ebf6bce0>, -1, 0) at <4785.558105, 339.708038, 10349.489258>
[COT 2022-8M-20 3h:56:49] 76561198095923512: Spawned Entity  (ExplosionTest<ebf6c4f0>, -1, 0) at <4785.566895, 339.664917, 10349.466797>
[COT 2022-8M-20 3h:56:49] 76561198095923512: Spawned Entity  (ExplosionTest<ebf6d510>, -1, 0) at <4785.525879, 339.774139, 10349.537109>
[COT 2022-8M-20 3h:56:49] 76561198095923512: Spawned Entity  (ExplosionTest<ebf6dd20>, -1, 0) at <4785.593750, 339.341339, 10349.343750>
[COT 2022-8M-20 3h:56:50] 76561198095923512: Spawned Entity  (ExplosionTest<ebf6ed40>, -1, 0) at <4785.487793, 339.809601, 10349.576172>
[COT 2022-8M-20 3h:56:50] 76561198095923512: Spawned Entity  (ExplosionTest<ebf67450>, -1, 0) at <4785.586426, 339.562439, 10349.417969>
[COT 2022-8M-20 3h:56:50] 76561198095923512: Spawned Entity  (ExplosionTest<ebf6e530>, -1, 0) at <4784.702148, 338.989990, 10349.831055>
[COT 2022-8M-20 3h:56:50] 76561198095923512: Spawned Entity  (ExplosionTest<ebf6f550>, -1, 0) at <4785.574707, 339.623383, 10349.447266>
[COT 2022-8M-20 3h:57:21] 76561198095923512: Spawned Entity  (ExplosionTest<ebf70570>, -1, 0) at <4787.700195, 340.604614, 10348.151367>
[COT 2022-8M-20 3h:57:32] 76561198095923512: Spawned Entity 40mm Explosive Grenade (Ammo_40mm_Explosive<b47c8be0>, 1, 50) at <4788.620605, 343.242920, 10348.527344>
[COT 2022-8M-20 3h:57:33] 76561198095923512: Spawned Entity 40mm Explosive Grenade (Ammo_40mm_Explosive<b47c94f0>, 1, 50) at <4788.620605, 343.242920, 10348.527344>
[COT 2022-8M-20 3h:57:33] 76561198095923512: Spawned Entity 40mm Explosive Grenade (Ammo_40mm_Explosive<b47c5e90>, 1, 50) at <4788.620605, 343.242920, 10348.527344>
[COT 2022-8M-20 3h:57:45] 76561198095923512: Spawned Entity M79 (M79<ebcdf410>, -1, 200) at <4788.620605, 343.242920, 10348.527344>
[COT 2022-8M-20 3h:58:35] 76561198095923512: Spawned Entity Plate Carrier (PlateCarrierVest<e264bcf0>, -1, 225) at <4788.620605, 343.280884, 10348.527344>
[COT 2022-8M-20 3h:58:37] 76561198095923512: Spawned Entity Pouches (PlateCarrierPouches<e2649220>, -1, 200) at <4788.620605, 343.280884, 10348.527344>
[COT 2022-8M-20 3h:58:50] 76561198095923512: Spawned Entity Tactical Helmet (Mich2001Helmet<e26534d0>, -1, 80) at <4793.667480, 338.989990, 10343.414063>
[COT 2022-8M-20 3h:59:22] 76561198095923512: Spawned Entity Combat Pants (TTSKOPants<e2663e40>, -1, 170) at <4788.660645, 343.210388, 10348.920898>
[COT 2022-8M-20 3h:59:24] 76561198095923512: Spawned Entity Combat Jacket (TTsKOJacket_Camo<e26646d0>, -1, 170) at <4788.660645, 343.210388, 10348.920898>
[COT 2022-8M-20 3h:59:43] 76561198095923512: Spawned Entity Ski Mask (BalaclavaMask_Green<e2664f60>, -1, 100) at <4788.660645, 343.210388, 10348.920898>
[COT 2022-8M-20 4h:0m:17] 76561198095923512: Spawned Entity Jungle Boots (JungleBoots_Green<e26747b0>, -1, 150) at <4787.038574, 339.002411, 10339.392578>
[COT 2022-8M-20 4h:0m:26] 76561198095923512: Spawned Entity Combat Pants (TTSKOPants<e267bf90>, -1, 170) at <4787.038574, 339.002411, 10339.392578>
[COT 2022-8M-20 4h:1m:0s] 76561198095923512: Spawned Entity Ski Mask (BalaclavaMask_Green<e2675040>, -1, 100) at <4787.038574, 339.002411, 10339.392578>
[COT 2022-8M-20 4h:1m:14] 76561198095923512: Spawned Entity Tactical Gloves (TacticalGloves_Green<e26769f0>, -1, 165) at <4787.038574, 339.002411, 10339.392578>
[COT 2022-8M-20 4h:1m:21] 76561198095923512: Spawned Entity Night Vision Goggles (NVGoggles<b47c8be0>, -1, 100) at <4787.038574, 339.002411, 10339.392578>
[COT 2022-8M-20 4h:1m:28] 76561198095923512: Spawned Entity 9V Battery (Battery9V<e2676160>, 50, 20) at <4787.038574, 339.002411, 10339.392578>
[COT 2022-8M-20 4h:2m:22] 76561198095923512: Spectating [guid=7CkZehxgJ5dv5KlEw4GEc06GoMEJ_nuGFDgIEx9kDOo=]
[COT 2022-8M-20 4h:3m:15] 76561198095923512: Item set Gate Metal spawned on <4634.901367, 359.193237, 10433.118164>
[COT 2022-8M-20 4h:3m:39] 76561198095923512: Item set Watchtower Metal spawned on 7CkZehxgJ5dv5KlEw4GEc06GoMEJ_nuGFDgIEx9kDOo=
[COT 2022-8M-20 4h:3m:40] 76561198095923512: Item set Watchtower Metal spawned on <4629.366211, 362.658661, 10432.464844>
[COT 2022-8M-20 4h:4m:8s] 76561198095923512: Spawned Entity  (SpookyArea<ec7d3cd0>, -1, 0) at <4623.909668, 362.658661, 10432.322266>
[COT 2022-8M-20 4h:4m:40] 76561198095923512: ESP: Clearing ESP
[COT 2022-8M-20 4h:4m:40] 76561198095923512: ESP: Viewing ESP
[COT 2022-8M-20 4h:4m:49] 76561198095923512: ESP: Clearing ESP
[COT 2022-8M-20 4h:4m:49] 76561198095923512: ESP: Viewing ESP
