[COT 2022-8M-22 18:8m:6s] 76561198095923512: Set GodMode To true [guid=7CkZehxgJ5dv5KlEw4GEc06GoMEJ_nuGFDgIEx9kDOo=]
[COT 2022-8M-22 18:8m:54] 76561198095923512: Spawned Entity MMG MK-V Armor Alpine (PlateCarrierVest<dca01b00>, -1, 650) on 76561198095923512
[COT 2022-8M-22 18:9m:2s] 76561198095923512: Spawned Entity MMG Double MagPouch Alpine (Container_Base<83624070>, -1, 100) on 76561198095923512
[COT 2022-8M-22 18:9m:23] 76561198095923512: Spawned Entity MMG Carrier Pack Alpine (MMG_carrier_backpack_alpine<dca084a0>, -1, 100) on 76561198095923512
[COT 2022-8M-22 18:9m:29] 76561198095923512: Spawned Entity MMG Striker Helmet Alpine (Mich2001Helmet<dca07a10>, -1, 200) on 76561198095923512
[COT 2022-8M-22 18:9m:58] 76561198095923512: Spawned Entity MMG Operatorshirt Alpine (Clothing<dca11880>, -1, 150) on 76561198095923512
[COT 2022-8M-22 18:10:11] 76561198095923512: Spawned Entity MMG Tactical Pants Alpine (Clothing<dca0f8d0>, -1, 150) on 76561198095923512
[COT 2022-8M-22 18:10:14] 76561198095923512: Spawned Entity MMG Tactical Gloves Alpine (TacticalGloves_ColorBase<dca0ce90>, -1, 165) on 76561198095923512
[COT 2022-8M-22 18:10:17] 76561198095923512: Spawned Entity MMG Tactical Boots Alpine (JungleBoots_ColorBase<dca142c0>, -1, 150) on 76561198095923512
[COT 2022-8M-22 18:10:19] 76561198095923512: Spawned Entity MMG Balaclava Alpine (BalaclavaMask_ColorBase<dca14d50>, -1, 100) on 76561198095923512
[COT 2022-8M-22 18:10:59] 76561198095923512: Spawned Entity MMG Double MagPouch Alpine (Container_Base<83636e50>, -1, 100) on 76561198095923512
[COT 2022-8M-22 18:11:5s] 76561198095923512: Spawned Entity MMG MedPouch Alpine (Container_Base<8362ffa0>, -1, 100) at <8558.449219, 15.932327, 10516.977539>
[COT 2022-8M-22 18:11:10] 76561198095923512: Spawned Entity MMG Mag Pouch Alpine (Container_Base<8363a0a0>, -1, 100) at <8558.449219, 15.932327, 10516.977539>
[COT 2022-8M-22 18:11:14] 76561198095923512: Spawned Entity MMG EOD Pouch Alpine (Container_Base<8363e710>, -1, 100) at <8558.449219, 15.932327, 10516.977539>
[COT 2022-8M-22 18:11:16] 76561198095923512: Spawned Entity MMG Tactical Pouch Alpine (Container_Base<83638c80>, -1, 100) at <8558.449219, 15.932327, 10516.977539>
[COT 2022-8M-22 18:11:17] 76561198095923512: Spawned Entity MMG MK5 Utility Pouch Alpine (Container_Base<83639690>, -1, 100) at <8558.449219, 15.932327, 10516.977539>
[COT 2022-8M-22 18:11:21] 76561198095923512: Spawned Entity MMG MK5 Grenade Pouch Alpine (Container_Base<8363fb30>, -1, 100) at <8558.449219, 15.932327, 10516.977539>
[COT 2022-8M-22 18:11:37] 76561198095923512: Spawned Entity MMG GP-NVG Grey (mmg_gp_nvg_base<94fadec0>, -1, 100) on 76561198095923512
[COT 2022-8M-22 18:12:21] 76561198095923512: Spawned Entity MMG Falcon Belt Alpine (Clothing<dca1cc10>, -1, 120) on 76561198095923512
[COT 2022-8M-22 18:12:26] 76561198095923512: Spawned Entity MMG Holster Alpine (PlateCarrierHolster<dca1f650>, -1, 100) on 76561198095923512
[COT 2022-8M-22 18:12:27] 76561198095923512: Spawned Entity MMG Sheath Alpine (Clothing<dca1d6a0>, -1, 120) on 76561198095923512
[COT 2022-8M-22 18:12:29] 76561198095923512: Spawned Entity MMG Bottle Alpine (Canteen<94fac8a0>, 1000, 120) on 76561198095923512
