[COT 2022-8M-21 22:18:40] 76561198095923512: Set GodMode To true [guid=7CkZehxgJ5dv5KlEw4GEc06GoMEJ_nuGFDgIEx9kDOo=]
[COT 2022-8M-21 22:18:40] 76561198095923512: Set UnlimitedAmmo To false [guid=7CkZehxgJ5dv5KlEw4GEc06GoMEJ_nuGFDgIEx9kDOo=]
[COT 2022-8M-21 22:19:47] 76561198095923512: Spawned Entity Ski Mask (BalaclavaMask_Green<96006fa0>, -1, 100) on 76561198095923512
[COT 2022-8M-21 22:20:5s] 76561198095923512: Spawned Entity Hunter Pants (HunterPants_Autumn<9600b610>, -1, 150) at <8946.641602, 8.310616, 10619.997070>
[COT 2022-8M-21 22:20:36] 76561198095923512: Spawned Entity Hunter Boots (CombatBoots_Green<92238420>, -1, 160) on 76561198095923512
[COT 2022-8M-21 22:20:45] 76561198095923512: Spawned Entity Sewing Kit (SewingKit<9602b740>, 100, 50) on 76561198095923512
[COT 2022-8M-21 22:21:25] 76561198095923512: Spawned Entity Sewing Kit (SewingKit<9f165d50>, 100, 50) at <8946.321289, 8.350616, 10621.037109>
[COT 2022-8M-21 22:21:34] 76561198095923512: Spawned Entity Beanie (BeanieHat_Green<9f16d610>, -1, 40) at <8946.321289, 8.350616, 10621.037109>
[COT 2022-8M-21 22:22:11] 76561198095923512: Entered the Free Camera
[COT 2022-8M-21 22:22:48] 76561198095923512: Teleported [guid=7CkZehxgJ5dv5KlEw4GEc06GoMEJ_nuGFDgIEx9kDOo=] to <8596.384766, 18.764534, 10516.535156>
[COT 2022-8M-21 22:22:52] 76561198095923512: Left the Free Camera
[COT 2022-8M-21 22:23:36] 76561198095923512: Spawned Entity Gold Bar (ExpansionGoldBar<9f15da80>, 1, 100) on 76561198095923512
[COT 2022-8M-21 22:23:36] 76561198095923512: Spawned Entity Gold Bar (ExpansionGoldBar<9f15e490>, 1, 100) on 76561198095923512
[COT 2022-8M-21 22:23:36] 76561198095923512: Spawned Entity Gold Bar (ExpansionGoldBar<9f1602c0>, 1, 100) on 76561198095923512
[COT 2022-8M-21 22:23:36] 76561198095923512: Spawned Entity Gold Bar (ExpansionGoldBar<9f167170>, 1, 100) on 76561198095923512
[COT 2022-8M-21 22:23:37] 76561198095923512: Spawned Entity Gold Bar (ExpansionGoldBar<9f167b80>, 1, 100) on 76561198095923512
[COT 2022-8M-21 22:23:37] 76561198095923512: Spawned Entity Gold Bar (ExpansionGoldBar<9f160cd0>, 1, 100) on 76561198095923512
[COT 2022-8M-21 22:23:37] 76561198095923512: Spawned Entity Gold Bar (ExpansionGoldBar<9f16f440>, 1, 100) on 76561198095923512
[COT 2022-8M-21 22:23:37] 76561198095923512: Spawned Entity Gold Bar (ExpansionGoldBar<9f16fe50>, 1, 100) on 76561198095923512
[COT 2022-8M-21 22:23:37] 76561198095923512: Spawned Entity Gold Bar (ExpansionGoldBar<9f168fa0>, 1, 100) on 76561198095923512
[COT 2022-8M-21 22:23:38] 76561198095923512: Spawned Entity Gold Bar (ExpansionGoldBar<9f1699b0>, 1, 100) on 76561198095923512
[COT 2022-8M-21 22:23:38] 76561198095923512: Spawned Entity Gold Bar (ExpansionGoldBar<9f171270>, 1, 100) on 76561198095923512
[COT 2022-8M-21 22:23:38] 76561198095923512: Spawned Entity Gold Bar (ExpansionGoldBar<9f171c80>, 1, 100) on 76561198095923512
[COT 2022-8M-21 22:23:38] 76561198095923512: Spawned Entity Gold Bar (ExpansionGoldBar<9f172690>, 1, 100) on 76561198095923512
[COT 2022-8M-21 22:26:44] 76561198095923512: Entered the Free Camera
[COT 2022-8M-21 22:28:8s] 76561198095923512: Teleported [guid=7CkZehxgJ5dv5KlEw4GEc06GoMEJ_nuGFDgIEx9kDOo=] to <3592.038574, 156.025436, 6713.043457>
[COT 2022-8M-21 22:28:35] 76561198095923512: Spawned Entity NVG Headstrap (NVGHeadstrap<9f167b80>, -1, 200) on 76561198095923512
[COT 2022-8M-21 22:28:38] 76561198095923512: Spawned Entity Night Vision Goggles (NVGoggles<9e4690e0>, -1, 100) on 76561198095923512
[COT 2022-8M-21 22:28:44] 76561198095923512: Spawned Entity 9V Battery (Battery9V<9f16e020>, 50, 20) on 76561198095923512
[COT 2022-8M-21 22:28:56] 76561198095923512: Spawned Entity PO-X Antidote (AntiChemInjector<9f183640>, -1, 50) on 76561198095923512
[COT 2022-8M-21 22:29:4s] 76561198095923512: Spawned Entity Blood Bag (BloodBagFull<9f19a080>, 500, 20) on 76561198095923512
[COT 2022-8M-21 22:29:36] 76561198095923512: Left the Free Camera
[COT 2022-8M-21 22:30:51] 76561198095923512: Entered the Free Camera
[COT 2022-8M-21 22:31:7s] 76561198095923512: Teleported [guid=7CkZehxgJ5dv5KlEw4GEc06GoMEJ_nuGFDgIEx9kDOo=] to <4161.354980, 399.514465, 6639.453125>
[COT 2022-8M-21 22:31:12] 76561198095923512: Left the Free Camera
